<?xml version="1.0" encoding="utf-8"?>
<!DOCTYPE coverage SYSTEM "http://cobertura.sourceforge.net/xml/coverage-04.dtd">
<coverage line-rate="0.879518072289157" branch-rate="0.823529411764706" lines-covered="219" lines-valid="249" branches-covered="28" branches-valid="34" complexity="77" version="0" timestamp="1729179915">
  <sources>
    <source>C:\Users\wilso\</source>
  </sources>
  <packages>
    <package name="ApiPedidos" line-rate="0.296296296296296" branch-rate="0" complexity="4">
      <classes>
        <class name="ApiPedidos.Controllers.PedidosController" filename="C:\Users\wilso\source\repos\ApiPedidos\ApiPedidos\Controllers\PedidosController.cs" line-rate="1" branch-rate="1" complexity="2">
          <methods>
            <method name="ProcessarPedidos" signature="(...)" line-rate="1" branch-rate="1" complexity="1">
              <lines>
                <line number="21" hits="2" branch="false" />
                <line number="23" hits="2" branch="false" />
                <line number="26" hits="2" branch="false" />
                <line number="27" hits="2" branch="false" />
              </lines>
            </method>
            <method name=".ctor" signature="(...)" line-rate="1" branch-rate="1" complexity="1">
              <lines>
                <line number="14" hits="2" branch="false" />
                <line number="15" hits="2" branch="false" />
                <line number="16" hits="2" branch="false" />
                <line number="17" hits="2" branch="false" />
              </lines>
            </method>
          </methods>
          <lines>
            <line number="14" hits="2" branch="false" />
            <line number="15" hits="2" branch="false" />
            <line number="16" hits="2" branch="false" />
            <line number="17" hits="2" branch="false" />
            <line number="21" hits="2" branch="false" />
            <line number="23" hits="2" branch="false" />
            <line number="26" hits="2" branch="false" />
            <line number="27" hits="2" branch="false" />
          </lines>
        </class>
        <class name="Program" filename="C:\Users\wilso\source\repos\ApiPedidos\ApiPedidos\Program.cs" line-rate="0" branch-rate="0" complexity="2">
          <methods>
            <method name="&lt;Main&gt;$" signature="(...)" line-rate="0" branch-rate="0" complexity="2">
              <lines>
                <line number="4" hits="0" branch="false" />
                <line number="8" hits="0" branch="false" />
                <line number="10" hits="0" branch="false" />
                <line number="11" hits="0" branch="false" />
                <line number="13" hits="0" branch="false" />
                <line number="14" hits="0" branch="false" />
                <line number="16" hits="0" branch="false" />
                <line number="19" hits="0" branch="true" condition-coverage="0% (0/2)" />
                <line number="20" hits="0" branch="false" />
                <line number="21" hits="0" branch="false" />
                <line number="22" hits="0" branch="false" />
                <line number="23" hits="0" branch="false" />
                <line number="24" hits="0" branch="false" />
                <line number="25" hits="0" branch="false" />
                <line number="26" hits="0" branch="false" />
                <line number="27" hits="0" branch="false" />
                <line number="29" hits="0" branch="false" />
                <line number="31" hits="0" branch="false" />
                <line number="33" hits="0" branch="false" />
              </lines>
            </method>
          </methods>
          <lines>
            <line number="4" hits="0" branch="false" />
            <line number="8" hits="0" branch="false" />
            <line number="10" hits="0" branch="false" />
            <line number="11" hits="0" branch="false" />
            <line number="13" hits="0" branch="false" />
            <line number="14" hits="0" branch="false" />
            <line number="16" hits="0" branch="false" />
            <line number="19" hits="0" branch="true" condition-coverage="0% (0/2)" />
            <line number="20" hits="0" branch="false" />
            <line number="21" hits="0" branch="false" />
            <line number="22" hits="0" branch="false" />
            <line number="23" hits="0" branch="false" />
            <line number="24" hits="0" branch="false" />
            <line number="25" hits="0" branch="false" />
            <line number="26" hits="0" branch="false" />
            <line number="27" hits="0" branch="false" />
            <line number="29" hits="0" branch="false" />
            <line number="31" hits="0" branch="false" />
            <line number="33" hits="0" branch="false" />
          </lines>
        </class>
      </classes>
    </package>
    <package name="Pedidos.Domain" line-rate="0.814814814814815" branch-rate="1" complexity="27">
      <classes>
        <class name="Pedidos.Domain.Model.Caixa" filename="C:\Users\wilso\source\repos\ApiPedidos\Pedidos.Domain\Model\Caixa.cs" line-rate="1" branch-rate="1" complexity="4">
          <methods>
            <method name="get_CaixaId" signature="()" line-rate="1" branch-rate="1" complexity="1">
              <lines>
                <line number="5" hits="5" branch="false" />
              </lines>
            </method>
            <method name="get_Altura" signature="()" line-rate="1" branch-rate="1" complexity="1">
              <lines>
                <line number="6" hits="9" branch="false" />
              </lines>
            </method>
            <method name="get_Largura" signature="()" line-rate="1" branch-rate="1" complexity="1">
              <lines>
                <line number="7" hits="5" branch="false" />
              </lines>
            </method>
            <method name="get_Comprimento" signature="()" line-rate="1" branch-rate="1" complexity="1">
              <lines>
                <line number="8" hits="5" branch="false" />
              </lines>
            </method>
          </methods>
          <lines>
            <line number="5" hits="5" branch="false" />
            <line number="6" hits="9" branch="false" />
            <line number="7" hits="5" branch="false" />
            <line number="8" hits="5" branch="false" />
          </lines>
        </class>
        <class name="Pedidos.Domain.Model.CaixaProdutos" filename="C:\Users\wilso\source\repos\ApiPedidos\Pedidos.Domain\Model\CaixaProdutos.cs" line-rate="1" branch-rate="1" complexity="3">
          <methods>
            <method name="get_pedido_id" signature="()" line-rate="1" branch-rate="1" complexity="1">
              <lines>
                <line number="11" hits="16" branch="false" />
              </lines>
            </method>
            <method name="get_caixa_Id" signature="()" line-rate="1" branch-rate="1" complexity="1">
              <lines>
                <line number="12" hits="16" branch="false" />
              </lines>
            </method>
            <method name="get_produto_Id" signature="()" line-rate="1" branch-rate="1" complexity="1">
              <lines>
                <line number="13" hits="8" branch="false" />
              </lines>
            </method>
          </methods>
          <lines>
            <line number="11" hits="16" branch="false" />
            <line number="12" hits="16" branch="false" />
            <line number="13" hits="8" branch="false" />
          </lines>
        </class>
        <class name="Pedidos.Domain.Model.Dimensoes" filename="C:\Users\wilso\source\repos\ApiPedidos\Pedidos.Domain\Model\Dimensoes.cs" line-rate="1" branch-rate="1" complexity="3">
          <methods>
            <method name="get_Altura" signature="()" line-rate="1" branch-rate="1" complexity="1">
              <lines>
                <line number="11" hits="16" branch="false" />
              </lines>
            </method>
            <method name="get_Largura" signature="()" line-rate="1" branch-rate="1" complexity="1">
              <lines>
                <line number="12" hits="12" branch="false" />
              </lines>
            </method>
            <method name="get_Comprimento" signature="()" line-rate="1" branch-rate="1" complexity="1">
              <lines>
                <line number="13" hits="12" branch="false" />
              </lines>
            </method>
          </methods>
          <lines>
            <line number="11" hits="16" branch="false" />
            <line number="12" hits="12" branch="false" />
            <line number="13" hits="12" branch="false" />
          </lines>
        </class>
        <class name="Pedidos.Domain.Model.Embalagem" filename="C:\Users\wilso\source\repos\ApiPedidos\Pedidos.Domain\Model\Embalagem.cs" line-rate="1" branch-rate="1" complexity="2">
          <methods>
            <method name="get_CaixaId" signature="()" line-rate="1" branch-rate="1" complexity="1">
              <lines>
                <line number="11" hits="11" branch="false" />
              </lines>
            </method>
            <method name="get_Produto" signature="()" line-rate="1" branch-rate="1" complexity="1">
              <lines>
                <line number="12" hits="14" branch="false" />
              </lines>
            </method>
          </methods>
          <lines>
            <line number="11" hits="11" branch="false" />
            <line number="12" hits="14" branch="false" />
          </lines>
        </class>
        <class name="Pedidos.Domain.Model.Pedido" filename="C:\Users\wilso\source\repos\ApiPedidos\Pedidos.Domain\Model\Pedido.cs" line-rate="1" branch-rate="1" complexity="2">
          <methods>
            <method name="get_pedido_id" signature="()" line-rate="1" branch-rate="1" complexity="1">
              <lines>
                <line number="5" hits="3" branch="false" />
              </lines>
            </method>
            <method name="get_produtos" signature="()" line-rate="1" branch-rate="1" complexity="1">
              <lines>
                <line number="6" hits="3" branch="false" />
              </lines>
            </method>
          </methods>
          <lines>
            <line number="5" hits="3" branch="false" />
            <line number="6" hits="3" branch="false" />
          </lines>
        </class>
        <class name="Pedidos.Domain.Model.Produto" filename="C:\Users\wilso\source\repos\ApiPedidos\Pedidos.Domain\Model\Produto.cs" line-rate="1" branch-rate="1" complexity="2">
          <methods>
            <method name="get_produto_id" signature="()" line-rate="1" branch-rate="1" complexity="1">
              <lines>
                <line number="5" hits="18" branch="false" />
              </lines>
            </method>
            <method name="get_dimensoes" signature="()" line-rate="1" branch-rate="1" complexity="1">
              <lines>
                <line number="6" hits="28" branch="false" />
              </lines>
            </method>
          </methods>
          <lines>
            <line number="5" hits="18" branch="false" />
            <line number="6" hits="28" branch="false" />
          </lines>
        </class>
        <class name="Pedidos.Domain.Model.RespostaPedido" filename="C:\Users\wilso\source\repos\ApiPedidos\Pedidos.Domain\Model\RespostaPedido.cs" line-rate="1" branch-rate="1" complexity="2">
          <methods>
            <method name="get_PedidoId" signature="()" line-rate="1" branch-rate="1" complexity="1">
              <lines>
                <line number="11" hits="6" branch="false" />
              </lines>
            </method>
            <method name="get_Embalagens" signature="()" line-rate="1" branch-rate="1" complexity="1">
              <lines>
                <line number="12" hits="4" branch="false" />
              </lines>
            </method>
          </methods>
          <lines>
            <line number="11" hits="6" branch="false" />
            <line number="12" hits="4" branch="false" />
          </lines>
        </class>
        <class name="Pedidos.Domain.Model.Tamanhos" filename="C:\Users\wilso\source\repos\ApiPedidos\Pedidos.Domain\Model\Tamanhos.cs" line-rate="0" branch-rate="1" complexity="3">
          <methods>
            <method name="get_Altura" signature="()" line-rate="0" branch-rate="1" complexity="1">
              <lines>
                <line number="5" hits="0" branch="false" />
              </lines>
            </method>
            <method name="get_Largura" signature="()" line-rate="0" branch-rate="1" complexity="1">
              <lines>
                <line number="6" hits="0" branch="false" />
              </lines>
            </method>
            <method name="get_Comprimento" signature="()" line-rate="0" branch-rate="1" complexity="1">
              <lines>
                <line number="7" hits="0" branch="false" />
              </lines>
            </method>
          </methods>
          <lines>
            <line number="5" hits="0" branch="false" />
            <line number="6" hits="0" branch="false" />
            <line number="7" hits="0" branch="false" />
          </lines>
        </class>
        <class name="Pedidos.Domain.ReturnPedidos.CaixasPedidos" filename="C:\Users\wilso\source\repos\ApiPedidos\Pedidos.Domain\ReturnPedidos\CaixasPedidos.cs" line-rate="0" branch-rate="1" complexity="2">
          <methods>
            <method name="get_pedido_id" signature="()" line-rate="0" branch-rate="1" complexity="1">
              <lines>
                <line number="6" hits="0" branch="false" />
              </lines>
            </method>
            <method name="get_produtos" signature="()" line-rate="0" branch-rate="1" complexity="1">
              <lines>
                <line number="7" hits="0" branch="false" />
              </lines>
            </method>
          </methods>
          <lines>
            <line number="6" hits="0" branch="false" />
            <line number="7" hits="0" branch="false" />
          </lines>
        </class>
        <class name="Pedidos.Domain.ReturnPedidos.CaixasProdutosReturn" filename="C:\Users\wilso\source\repos\ApiPedidos\Pedidos.Domain\ReturnPedidos\CaixasProdutosReturn.cs" line-rate="1" branch-rate="1" complexity="2">
          <methods>
            <method name="get_caixa_Id" signature="()" line-rate="1" branch-rate="1" complexity="1">
              <lines>
                <line number="11" hits="7" branch="false" />
              </lines>
            </method>
            <method name="get_produto_Id" signature="()" line-rate="1" branch-rate="1" complexity="1">
              <lines>
                <line number="12" hits="5" branch="false" />
              </lines>
            </method>
          </methods>
          <lines>
            <line number="11" hits="7" branch="false" />
            <line number="12" hits="5" branch="false" />
          </lines>
        </class>
        <class name="Pedidos.Domain.ReturnPedidos.PedidosReturn" filename="C:\Users\wilso\source\repos\ApiPedidos\Pedidos.Domain\ReturnPedidos\PedidosReturn.cs" line-rate="1" branch-rate="1" complexity="2">
          <methods>
            <method name="get_pedido_id" signature="()" line-rate="1" branch-rate="1" complexity="1">
              <lines>
                <line number="12" hits="7" branch="false" />
              </lines>
            </method>
            <method name="get_caixaProdutos" signature="()" line-rate="1" branch-rate="1" complexity="1">
              <lines>
                <line number="13" hits="9" branch="false" />
              </lines>
            </method>
          </methods>
          <lines>
            <line number="12" hits="7" branch="false" />
            <line number="13" hits="9" branch="false" />
          </lines>
        </class>
      </classes>
    </package>
    <package name="Pedidos.Service" line-rate="1" branch-rate="0.875" complexity="35">
      <classes>
        <class name="Pedidos.Service.Services.EmbalagensServices" filename="C:\Users\wilso\source\repos\ApiPedidos\Pedidos.Service\Services\EmbalagensServices.cs" line-rate="1" branch-rate="1" complexity="12">
          <methods>
            <method name="CalcularVolume" signature="(...)" line-rate="1" branch-rate="1" complexity="1">
              <lines>
                <line number="9" hits="4" branch="false" />
                <line number="10" hits="4" branch="false" />
                <line number="11" hits="4" branch="false" />
              </lines>
            </method>
            <method name="SelecionarCaixas" signature="(...)" line-rate="1" branch-rate="1" complexity="10">
              <lines>
                <line number="21" hits="2" branch="false" />
                <line number="22" hits="5" branch="false" />
                <line number="23" hits="2" branch="false" />
                <line number="25" hits="12" branch="true" condition-coverage="100% (2/2)" />
                <line number="26" hits="3" branch="false" />
                <line number="27" hits="19" branch="true" condition-coverage="100% (2/2)" />
                <line number="28" hits="6" branch="false" />
                <line number="29" hits="6" branch="true" condition-coverage="100% (6/6)" />
                <line number="30" hits="6" branch="false" />
                <line number="31" hits="6" branch="false" />
                <line number="32" hits="2" branch="false" />
                <line number="33" hits="2" branch="false" />
                <line number="34" hits="2" branch="false" />
                <line number="36" hits="4" branch="false" />
                <line number="37" hits="3" branch="false" />
                <line number="39" hits="2" branch="false" />
                <line number="40" hits="2" branch="false" />
              </lines>
            </method>
            <method name=".cctor" signature="()" line-rate="1" branch-rate="1" complexity="1">
              <lines>
                <line number="13" hits="1" branch="false" />
                <line number="14" hits="1" branch="false" />
                <line number="15" hits="1" branch="false" />
                <line number="16" hits="1" branch="false" />
                <line number="17" hits="1" branch="false" />
                <line number="18" hits="1" branch="false" />
              </lines>
            </method>
          </methods>
          <lines>
            <line number="9" hits="4" branch="false" />
            <line number="10" hits="4" branch="false" />
            <line number="11" hits="4" branch="false" />
            <line number="13" hits="1" branch="false" />
            <line number="14" hits="1" branch="false" />
            <line number="15" hits="1" branch="false" />
            <line number="16" hits="1" branch="false" />
            <line number="17" hits="1" branch="false" />
            <line number="18" hits="1" branch="false" />
            <line number="21" hits="2" branch="false" />
            <line number="22" hits="5" branch="false" />
            <line number="23" hits="2" branch="false" />
            <line number="25" hits="12" branch="true" condition-coverage="100% (2/2)" />
            <line number="26" hits="3" branch="false" />
            <line number="27" hits="19" branch="true" condition-coverage="100% (2/2)" />
            <line number="28" hits="6" branch="false" />
            <line number="29" hits="6" branch="true" condition-coverage="100% (6/6)" />
            <line number="30" hits="6" branch="false" />
            <line number="31" hits="6" branch="false" />
            <line number="32" hits="2" branch="false" />
            <line number="33" hits="2" branch="false" />
            <line number="34" hits="2" branch="false" />
            <line number="36" hits="4" branch="false" />
            <line number="37" hits="3" branch="false" />
            <line number="39" hits="2" branch="false" />
            <line number="40" hits="2" branch="false" />
          </lines>
        </class>
        <class name="Pedidos.Service.Services.ProcessaPedidoService" filename="C:\Users\wilso\source\repos\ApiPedidos\Pedidos.Service\Services\ProcessaPedidoService.cs" line-rate="1" branch-rate="0.818181818181818" complexity="23">
          <methods>
            <method name="ProcessaEmbalagem" signature="(...)" line-rate="1" branch-rate="0.8" complexity="20">
              <lines>
                <line number="17" hits="2" branch="false" />
                <line number="18" hits="2" branch="false" />
                <line number="19" hits="2" branch="false" />
                <line number="21" hits="10" branch="true" condition-coverage="100% (2/2)" />
                <line number="22" hits="2" branch="false" />
                <line number="23" hits="14" branch="true" condition-coverage="100% (2/2)" />
                <line number="24" hits="4" branch="false" />
                <line number="25" hits="4" branch="false" />
                <line number="26" hits="4" branch="false" />
                <line number="27" hits="4" branch="false" />
                <line number="28" hits="4" branch="false" />
                <line number="29" hits="4" branch="false" />
                <line number="30" hits="4" branch="false" />
                <line number="31" hits="4" branch="false" />
                <line number="32" hits="2" branch="false" />
                <line number="33" hits="2" branch="false" />
                <line number="34" hits="2" branch="false" />
                <line number="35" hits="14" branch="true" condition-coverage="100% (2/2)" />
                <line number="36" hits="4" branch="false" />
                <line number="37" hits="6" branch="true" condition-coverage="75% (3/4)" />
                <line number="38" hits="2" branch="false" />
                <line number="39" hits="2" branch="false" />
                <line number="40" hits="2" branch="false" />
                <line number="43" hits="2" branch="false" />
                <line number="45" hits="2" branch="false" />
                <line number="46" hits="14" branch="true" condition-coverage="100% (2/2)" />
                <line number="47" hits="4" branch="false" />
                <line number="48" hits="4" branch="true" condition-coverage="75% (3/4)" />
                <line number="49" hits="4" branch="false" />
                <line number="50" hits="4" branch="false" />
                <line number="51" hits="4" branch="false" />
                <line number="52" hits="4" branch="false" />
                <line number="53" hits="2" branch="false" />
                <line number="54" hits="2" branch="false" />
                <line number="55" hits="2" branch="false" />
                <line number="56" hits="2" branch="false" />
                <line number="58" hits="2" branch="true" condition-coverage="50% (2/4)" />
                <line number="59" hits="2" branch="false" />
                <line number="60" hits="2" branch="false" />
                <line number="61" hits="2" branch="false" />
                <line number="62" hits="2" branch="false" />
                <line number="63" hits="2" branch="false" />
                <line number="64" hits="2" branch="false" />
              </lines>
            </method>
            <method name="ProcessarPedido" signature="(...)" line-rate="1" branch-rate="1" complexity="2">
              <lines>
                <line number="67" hits="1" branch="false" />
                <line number="68" hits="1" branch="false" />
                <line number="70" hits="5" branch="true" condition-coverage="100% (2/2)" />
                <line number="71" hits="1" branch="false" />
                <line number="72" hits="1" branch="false" />
                <line number="73" hits="1" branch="false" />
                <line number="74" hits="1" branch="false" />
                <line number="77" hits="1" branch="false" />
                <line number="78" hits="1" branch="false" />
              </lines>
            </method>
            <method name=".ctor" signature="(...)" line-rate="1" branch-rate="1" complexity="1">
              <lines>
                <line number="11" hits="2" branch="false" />
                <line number="12" hits="2" branch="false" />
                <line number="13" hits="2" branch="false" />
                <line number="14" hits="2" branch="false" />
              </lines>
            </method>
          </methods>
          <lines>
            <line number="11" hits="2" branch="false" />
            <line number="12" hits="2" branch="false" />
            <line number="13" hits="2" branch="false" />
            <line number="14" hits="2" branch="false" />
            <line number="17" hits="2" branch="false" />
            <line number="18" hits="2" branch="false" />
            <line number="19" hits="2" branch="false" />
            <line number="21" hits="10" branch="true" condition-coverage="100% (2/2)" />
            <line number="22" hits="2" branch="false" />
            <line number="23" hits="14" branch="true" condition-coverage="100% (2/2)" />
            <line number="24" hits="4" branch="false" />
            <line number="25" hits="4" branch="false" />
            <line number="26" hits="4" branch="false" />
            <line number="27" hits="4" branch="false" />
            <line number="28" hits="4" branch="false" />
            <line number="29" hits="4" branch="false" />
            <line number="30" hits="4" branch="false" />
            <line number="31" hits="4" branch="false" />
            <line number="32" hits="2" branch="false" />
            <line number="33" hits="2" branch="false" />
            <line number="34" hits="2" branch="false" />
            <line number="35" hits="14" branch="true" condition-coverage="100% (2/2)" />
            <line number="36" hits="4" branch="false" />
            <line number="37" hits="6" branch="true" condition-coverage="75% (3/4)" />
            <line number="38" hits="2" branch="false" />
            <line number="39" hits="2" branch="false" />
            <line number="40" hits="2" branch="false" />
            <line number="43" hits="2" branch="false" />
            <line number="45" hits="2" branch="false" />
            <line number="46" hits="14" branch="true" condition-coverage="100% (2/2)" />
            <line number="47" hits="4" branch="false" />
            <line number="48" hits="4" branch="true" condition-coverage="75% (3/4)" />
            <line number="49" hits="4" branch="false" />
            <line number="50" hits="4" branch="false" />
            <line number="51" hits="4" branch="false" />
            <line number="52" hits="4" branch="false" />
            <line number="53" hits="2" branch="false" />
            <line number="54" hits="2" branch="false" />
            <line number="55" hits="2" branch="false" />
            <line number="56" hits="2" branch="false" />
            <line number="58" hits="2" branch="true" condition-coverage="50% (2/4)" />
            <line number="59" hits="2" branch="false" />
            <line number="60" hits="2" branch="false" />
            <line number="61" hits="2" branch="false" />
            <line number="62" hits="2" branch="false" />
            <line number="63" hits="2" branch="false" />
            <line number="64" hits="2" branch="false" />
            <line number="67" hits="1" branch="false" />
            <line number="68" hits="1" branch="false" />
            <line number="70" hits="5" branch="true" condition-coverage="100% (2/2)" />
            <line number="71" hits="1" branch="false" />
            <line number="72" hits="1" branch="false" />
            <line number="73" hits="1" branch="false" />
            <line number="74" hits="1" branch="false" />
            <line number="77" hits="1" branch="false" />
            <line number="78" hits="1" branch="false" />
          </lines>
        </class>
      </classes>
    </package>
    <package name="Pedidos.Test" line-rate="0.946902654867257" branch-rate="1" complexity="11">
      <classes>
        <class name="AutoGeneratedProgram" filename="C:\Users\wilso\.nuget\packages\microsoft.net.test.sdk\17.8.0\build\netcoreapp3.1\Microsoft.NET.Test.Sdk.Program.cs" line-rate="0" branch-rate="1" complexity="1">
          <methods>
            <method name="Main" signature="(...)" line-rate="0" branch-rate="1" complexity="1">
              <lines>
                <line number="4" hits="0" branch="false" />
              </lines>
            </method>
          </methods>
          <lines>
            <line number="4" hits="0" branch="false" />
          </lines>
        </class>
        <class name="Pedidos.Test.Application.PedidosControllerTests" filename="C:\Users\wilso\source\repos\ApiPedidos\Pedidos.Test\Application\PedidosControllerTests.cs" line-rate="0.96875" branch-rate="1" complexity="3">
          <methods>
            <method name="ProcessarPedidos_DeveRetornarOkResultComResposta" signature="()" line-rate="1" branch-rate="1" complexity="1">
              <lines>
                <line number="28" hits="1" branch="false" />
                <line number="30" hits="1" branch="false" />
                <line number="31" hits="1" branch="false" />
                <line number="32" hits="1" branch="false" />
                <line number="33" hits="1" branch="false" />
                <line number="35" hits="1" branch="false" />
                <line number="36" hits="1" branch="false" />
                <line number="37" hits="1" branch="false" />
                <line number="38" hits="1" branch="false" />
                <line number="39" hits="1" branch="false" />
                <line number="40" hits="1" branch="false" />
                <line number="41" hits="1" branch="false" />
                <line number="42" hits="1" branch="false" />
                <line number="43" hits="1" branch="false" />
                <line number="44" hits="1" branch="false" />
                <line number="45" hits="1" branch="false" />
                <line number="46" hits="1" branch="false" />
                <line number="48" hits="1" branch="false" />
                <line number="51" hits="1" branch="false" />
                <line number="54" hits="1" branch="false" />
                <line number="55" hits="1" branch="false" />
                <line number="56" hits="1" branch="false" />
                <line number="57" hits="1" branch="false" />
              </lines>
            </method>
            <method name="ProcessarPedidos_DeveRetornarBadRequestQuandoPedidosForemNulos" signature="()" line-rate="0.75" branch-rate="1" complexity="1">
              <lines>
                <line number="61" hits="1" branch="false" />
                <line number="63" hits="1" branch="false" />
                <line number="66" hits="1" branch="false" />
                <line number="67" hits="0" branch="false" />
              </lines>
            </method>
            <method name=".ctor" signature="()" line-rate="1" branch-rate="1" complexity="1">
              <lines>
                <line number="20" hits="2" branch="false" />
                <line number="21" hits="2" branch="false" />
                <line number="22" hits="2" branch="false" />
                <line number="23" hits="2" branch="false" />
                <line number="24" hits="2" branch="false" />
              </lines>
            </method>
          </methods>
          <lines>
            <line number="20" hits="2" branch="false" />
            <line number="21" hits="2" branch="false" />
            <line number="22" hits="2" branch="false" />
            <line number="23" hits="2" branch="false" />
            <line number="24" hits="2" branch="false" />
            <line number="28" hits="1" branch="false" />
            <line number="30" hits="1" branch="false" />
            <line number="31" hits="1" branch="false" />
            <line number="32" hits="1" branch="false" />
            <line number="33" hits="1" branch="false" />
            <line number="35" hits="1" branch="false" />
            <line number="36" hits="1" branch="false" />
            <line number="37" hits="1" branch="false" />
            <line number="38" hits="1" branch="false" />
            <line number="39" hits="1" branch="false" />
            <line number="40" hits="1" branch="false" />
            <line number="41" hits="1" branch="false" />
            <line number="42" hits="1" branch="false" />
            <line number="43" hits="1" branch="false" />
            <line number="44" hits="1" branch="false" />
            <line number="45" hits="1" branch="false" />
            <line number="46" hits="1" branch="false" />
            <line number="48" hits="1" branch="false" />
            <line number="51" hits="1" branch="false" />
            <line number="54" hits="1" branch="false" />
            <line number="55" hits="1" branch="false" />
            <line number="56" hits="1" branch="false" />
            <line number="57" hits="1" branch="false" />
            <line number="61" hits="1" branch="false" />
            <line number="63" hits="1" branch="false" />
            <line number="66" hits="1" branch="false" />
            <line number="67" hits="0" branch="false" />
          </lines>
        </class>
        <class name="Pedidos.Test.Service.EmbalagensServicesTests" filename="C:\Users\wilso\source\repos\ApiPedidos\Pedidos.Test\Service\EmbalagensServicesTests.cs" line-rate="0.935483870967742" branch-rate="1" complexity="4">
          <methods>
            <method name="CalcularVolume_DeveRetornarVolumeCorreto" signature="()" line-rate="1" branch-rate="1" complexity="1">
              <lines>
                <line number="22" hits="1" branch="false" />
                <line number="24" hits="1" branch="false" />
                <line number="25" hits="1" branch="false" />
                <line number="26" hits="1" branch="false" />
                <line number="27" hits="1" branch="false" />
                <line number="30" hits="1" branch="false" />
                <line number="33" hits="1" branch="false" />
                <line number="34" hits="1" branch="false" />
              </lines>
            </method>
            <method name="SelecionarCaixas_DeveRetornarCaixaCorretaParaProduto" signature="()" line-rate="0.818181818181818" branch-rate="1" complexity="1">
              <lines>
                <line number="38" hits="1" branch="false" />
                <line number="40" hits="1" branch="false" />
                <line number="41" hits="1" branch="false" />
                <line number="42" hits="1" branch="false" />
                <line number="43" hits="1" branch="false" />
                <line number="44" hits="1" branch="false" />
                <line number="47" hits="1" branch="false" />
                <line number="50" hits="1" branch="false" />
                <line number="51" hits="1" branch="false" />
                <line number="52" hits="0" branch="false" />
                <line number="53" hits="0" branch="false" />
              </lines>
            </method>
            <method name="SelecionarCaixas_DeveRetornarListaVaziaSeNenhumaCaixaServir" signature="()" line-rate="1" branch-rate="1" complexity="1">
              <lines>
                <line number="57" hits="1" branch="false" />
                <line number="59" hits="1" branch="false" />
                <line number="60" hits="1" branch="false" />
                <line number="61" hits="1" branch="false" />
                <line number="62" hits="1" branch="false" />
                <line number="65" hits="1" branch="false" />
                <line number="68" hits="1" branch="false" />
                <line number="69" hits="1" branch="false" />
              </lines>
            </method>
            <method name=".ctor" signature="()" line-rate="1" branch-rate="1" complexity="1">
              <lines>
                <line number="15" hits="3" branch="false" />
                <line number="16" hits="3" branch="false" />
                <line number="17" hits="3" branch="false" />
                <line number="18" hits="3" branch="false" />
              </lines>
            </method>
          </methods>
          <lines>
            <line number="15" hits="3" branch="false" />
            <line number="16" hits="3" branch="false" />
            <line number="17" hits="3" branch="false" />
            <line number="18" hits="3" branch="false" />
            <line number="22" hits="1" branch="false" />
            <line number="24" hits="1" branch="false" />
            <line number="25" hits="1" branch="false" />
            <line number="26" hits="1" branch="false" />
            <line number="27" hits="1" branch="false" />
            <line number="30" hits="1" branch="false" />
            <line number="33" hits="1" branch="false" />
            <line number="34" hits="1" branch="false" />
            <line number="38" hits="1" branch="false" />
            <line number="40" hits="1" branch="false" />
            <line number="41" hits="1" branch="false" />
            <line number="42" hits="1" branch="false" />
            <line number="43" hits="1" branch="false" />
            <line number="44" hits="1" branch="false" />
            <line number="47" hits="1" branch="false" />
            <line number="50" hits="1" branch="false" />
            <line number="51" hits="1" branch="false" />
            <line number="52" hits="0" branch="false" />
            <line number="53" hits="0" branch="false" />
            <line number="57" hits="1" branch="false" />
            <line number="59" hits="1" branch="false" />
            <line number="60" hits="1" branch="false" />
            <line number="61" hits="1" branch="false" />
            <line number="62" hits="1" branch="false" />
            <line number="65" hits="1" branch="false" />
            <line number="68" hits="1" branch="false" />
            <line number="69" hits="1" branch="false" />
          </lines>
        </class>
        <class name="Pedidos.Test.Service.ProcessaPedidoServiceTests" filename="C:\Users\wilso\source\repos\ApiPedidos\Pedidos.Test\Service\ProcessaPedidoServiceTests.cs" line-rate="0.959183673469388" branch-rate="1" complexity="3">
          <methods>
            <method name="ProcessaEmbalagem_DeveRetornarPedidosCorretos" signature="()" line-rate="0.947368421052632" branch-rate="1" complexity="1">
              <lines>
                <line number="22" hits="1" branch="false" />
                <line number="24" hits="1" branch="false" />
                <line number="25" hits="1" branch="false" />
                <line number="26" hits="1" branch="false" />
                <line number="27" hits="1" branch="false" />
                <line number="28" hits="1" branch="false" />
                <line number="29" hits="1" branch="false" />
                <line number="30" hits="1" branch="false" />
                <line number="31" hits="1" branch="false" />
                <line number="32" hits="1" branch="false" />
                <line number="33" hits="1" branch="false" />
                <line number="34" hits="1" branch="false" />
                <line number="35" hits="1" branch="false" />
                <line number="38" hits="1" branch="false" />
                <line number="41" hits="1" branch="false" />
                <line number="42" hits="1" branch="false" />
                <line number="43" hits="1" branch="false" />
                <line number="44" hits="1" branch="false" />
                <line number="45" hits="0" branch="false" />
              </lines>
            </method>
            <method name="ProcessarPedido_DeveRetornarPedidosProcessados" signature="()" line-rate="0.96" branch-rate="1" complexity="1">
              <lines>
                <line number="49" hits="1" branch="false" />
                <line number="51" hits="1" branch="false" />
                <line number="52" hits="1" branch="false" />
                <line number="53" hits="1" branch="false" />
                <line number="54" hits="1" branch="false" />
                <line number="55" hits="1" branch="false" />
                <line number="56" hits="1" branch="false" />
                <line number="57" hits="1" branch="false" />
                <line number="58" hits="1" branch="false" />
                <line number="59" hits="1" branch="false" />
                <line number="60" hits="1" branch="false" />
                <line number="61" hits="1" branch="false" />
                <line number="62" hits="1" branch="false" />
                <line number="64" hits="1" branch="false" />
                <line number="65" hits="1" branch="false" />
                <line number="66" hits="1" branch="false" />
                <line number="67" hits="1" branch="false" />
                <line number="68" hits="1" branch="false" />
                <line number="70" hits="1" branch="false" />
                <line number="73" hits="1" branch="false" />
                <line number="76" hits="1" branch="false" />
                <line number="77" hits="1" branch="false" />
                <line number="78" hits="1" branch="false" />
                <line number="79" hits="1" branch="false" />
                <line number="80" hits="0" branch="false" />
              </lines>
            </method>
            <method name=".ctor" signature="()" line-rate="1" branch-rate="1" complexity="1">
              <lines>
                <line number="14" hits="2" branch="false" />
                <line number="15" hits="2" branch="false" />
                <line number="16" hits="2" branch="false" />
                <line number="17" hits="2" branch="false" />
                <line number="18" hits="2" branch="false" />
              </lines>
            </method>
          </methods>
          <lines>
            <line number="14" hits="2" branch="false" />
            <line number="15" hits="2" branch="false" />
            <line number="16" hits="2" branch="false" />
            <line number="17" hits="2" branch="false" />
            <line number="18" hits="2" branch="false" />
            <line number="22" hits="1" branch="false" />
            <line number="24" hits="1" branch="false" />
            <line number="25" hits="1" branch="false" />
            <line number="26" hits="1" branch="false" />
            <line number="27" hits="1" branch="false" />
            <line number="28" hits="1" branch="false" />
            <line number="29" hits="1" branch="false" />
            <line number="30" hits="1" branch="false" />
            <line number="31" hits="1" branch="false" />
            <line number="32" hits="1" branch="false" />
            <line number="33" hits="1" branch="false" />
            <line number="34" hits="1" branch="false" />
            <line number="35" hits="1" branch="false" />
            <line number="38" hits="1" branch="false" />
            <line number="41" hits="1" branch="false" />
            <line number="42" hits="1" branch="false" />
            <line number="43" hits="1" branch="false" />
            <line number="44" hits="1" branch="false" />
            <line number="45" hits="0" branch="false" />
            <line number="49" hits="1" branch="false" />
            <line number="51" hits="1" branch="false" />
            <line number="52" hits="1" branch="false" />
            <line number="53" hits="1" branch="false" />
            <line number="54" hits="1" branch="false" />
            <line number="55" hits="1" branch="false" />
            <line number="56" hits="1" branch="false" />
            <line number="57" hits="1" branch="false" />
            <line number="58" hits="1" branch="false" />
            <line number="59" hits="1" branch="false" />
            <line number="60" hits="1" branch="false" />
            <line number="61" hits="1" branch="false" />
            <line number="62" hits="1" branch="false" />
            <line number="64" hits="1" branch="false" />
            <line number="65" hits="1" branch="false" />
            <line number="66" hits="1" branch="false" />
            <line number="67" hits="1" branch="false" />
            <line number="68" hits="1" branch="false" />
            <line number="70" hits="1" branch="false" />
            <line number="73" hits="1" branch="false" />
            <line number="76" hits="1" branch="false" />
            <line number="77" hits="1" branch="false" />
            <line number="78" hits="1" branch="false" />
            <line number="79" hits="1" branch="false" />
            <line number="80" hits="0" branch="false" />
          </lines>
        </class>
      </classes>
    </package>
  </packages>
</coverage>