TpTrace Verbose: 0 : 16940, 1, 2024/10/17, 15:45:11.699, 7433859081152, vstest.console.dll, Version: 17.11.0-release-24352-05 Current process architecture: X64
TpTrace Verbose: 0 : 16940, 1, 2024/10/17, 15:45:11.702, 7433859110041, vstest.console.dll, Runtime location: C:\Program Files\dotnet\shared\Microsoft.NETCore.App\8.0.8
TpTrace Verbose: 0 : 16940, 1, 2024/10/17, 15:45:11.706, 7433859143457, vstest.console.dll, ArtifactProcessingPostProcessModeProcessorExecutor.Initialize: ArtifactProcessingMode.Collect
TpTrace Verbose: 0 : 16940, 1, 2024/10/17, 15:45:11.706, 7433859144467, vstest.console.dll, TestSessionCorrelationIdProcessorModeProcessorExecutor.Initialize: TestSessionCorrelationId '11828_78a085b4-39af-4d4d-b2b1-fd3101f333d7'
TpTrace Information: 0 : 16940, 1, 2024/10/17, 15:45:11.712, 7433859207343, vstest.console.dll, FilePatternParser: The given file C:\Users\wilso\source\repos\ApiPedidos\Pedidos.Test\bin\Debug\net8.0\fine-code-coverage\build-output\Pedidos.Test.dll is a full path.
TpTrace Verbose: 0 : 16940, 1, 2024/10/17, 15:45:11.720, 7433859290769, vstest.console.dll, TestPluginCache.DiscoverTestExtensions: finding test extensions in assemblies ends with: RuntimeProvider.dll TPluginInfo: Microsoft.VisualStudio.TestPlatform.Common.ExtensionFramework.Utilities.TestRuntimePluginInformation TExtension: Microsoft.VisualStudio.TestPlatform.ObjectModel.Host.ITestRuntimeProvider
TpTrace Verbose: 0 : 16940, 1, 2024/10/17, 15:45:11.721, 7433859301821, vstest.console.dll, TestPluginCache.GetExtensionPaths: Filtered extension paths: 
TpTrace Verbose: 0 : 16940, 1, 2024/10/17, 15:45:11.722, 7433859302651, vstest.console.dll, TestPluginCache.GetExtensionPaths: Added default extension paths: C:\Program Files\dotnet\sdk\8.0.400\Extensions\Microsoft.Diagnostics.NETCore.Client.dll
C:\Program Files\dotnet\sdk\8.0.400\Extensions\Microsoft.TestPlatform.Extensions.BlameDataCollector.dll
C:\Program Files\dotnet\sdk\8.0.400\Extensions\Microsoft.TestPlatform.Extensions.EventLogCollector.dll
C:\Program Files\dotnet\sdk\8.0.400\Extensions\Microsoft.TestPlatform.TestHostRuntimeProvider.dll
C:\Program Files\dotnet\sdk\8.0.400\Extensions\Microsoft.VisualStudio.TestPlatform.Extensions.Html.TestLogger.dll
C:\Program Files\dotnet\sdk\8.0.400\Extensions\Microsoft.VisualStudio.TestPlatform.Extensions.Trx.TestLogger.dll
TpTrace Verbose: 0 : 16940, 1, 2024/10/17, 15:45:11.722, 7433859302910, vstest.console.dll, TestPluginCache.GetExtensionPaths: Added unfilterableExtensionPaths: 
TpTrace Information: 0 : 16940, 1, 2024/10/17, 15:45:11.722, 7433859308610, vstest.console.dll, AssemblyResolver.ctor: Creating AssemblyResolver with searchDirectories C:\Program Files\dotnet\sdk\8.0.400\Extensions,C:\Program Files\dotnet\sdk\8.0.400
TpTrace Verbose: 0 : 16940, 1, 2024/10/17, 15:45:11.723, 7433859315631, vstest.console.dll, TestPluginCache.DiscoverTestExtensions: Discovering the extensions using extension path.
TpTrace Verbose: 0 : 16940, 1, 2024/10/17, 15:45:11.723, 7433859316678, vstest.console.dll, TestPluginCache.GetExtensionPaths: Filtered extension paths: 
TpTrace Verbose: 0 : 16940, 1, 2024/10/17, 15:45:11.723, 7433859316912, vstest.console.dll, TestPluginCache.GetExtensionPaths: Added default extension paths: C:\Program Files\dotnet\sdk\8.0.400\Extensions\Microsoft.Diagnostics.NETCore.Client.dll
C:\Program Files\dotnet\sdk\8.0.400\Extensions\Microsoft.TestPlatform.Extensions.BlameDataCollector.dll
C:\Program Files\dotnet\sdk\8.0.400\Extensions\Microsoft.TestPlatform.Extensions.EventLogCollector.dll
C:\Program Files\dotnet\sdk\8.0.400\Extensions\Microsoft.TestPlatform.TestHostRuntimeProvider.dll
C:\Program Files\dotnet\sdk\8.0.400\Extensions\Microsoft.VisualStudio.TestPlatform.Extensions.Html.TestLogger.dll
C:\Program Files\dotnet\sdk\8.0.400\Extensions\Microsoft.VisualStudio.TestPlatform.Extensions.Trx.TestLogger.dll
TpTrace Verbose: 0 : 16940, 1, 2024/10/17, 15:45:11.723, 7433859317074, vstest.console.dll, TestPluginCache.GetExtensionPaths: Added unfilterableExtensionPaths: 
TpTrace Verbose: 0 : 16940, 1, 2024/10/17, 15:45:11.723, 7433859317476, vstest.console.dll, TestPluginCache.DiscoverTestExtensions: Discovering the extensions using allExtensionPaths: C:\Program Files\dotnet\sdk\8.0.400\Extensions\Microsoft.Diagnostics.NETCore.Client.dll
C:\Program Files\dotnet\sdk\8.0.400\Extensions\Microsoft.TestPlatform.Extensions.BlameDataCollector.dll
C:\Program Files\dotnet\sdk\8.0.400\Extensions\Microsoft.TestPlatform.Extensions.EventLogCollector.dll
C:\Program Files\dotnet\sdk\8.0.400\Extensions\Microsoft.TestPlatform.TestHostRuntimeProvider.dll
C:\Program Files\dotnet\sdk\8.0.400\Extensions\Microsoft.VisualStudio.TestPlatform.Extensions.Html.TestLogger.dll
C:\Program Files\dotnet\sdk\8.0.400\Extensions\Microsoft.VisualStudio.TestPlatform.Extensions.Trx.TestLogger.dll
TpTrace Information: 0 : 16940, 1, 2024/10/17, 15:45:11.723, 7433859318443, vstest.console.dll, AssemblyResolver.AddSearchDirectories: Adding more searchDirectories C:\Program Files\dotnet\sdk\8.0.400\Extensions,C:\Program Files\dotnet\sdk\8.0.400
TpTrace Information: 0 : 16940, 1, 2024/10/17, 15:45:11.723, 7433859318748, vstest.console.dll, AssemblyResolver.AddSearchDirectories: Adding more searchDirectories C:\Program Files\dotnet\sdk\8.0.400\Extensions,C:\Program Files\dotnet\sdk\8.0.400
TpTrace Information: 0 : 16940, 1, 2024/10/17, 15:45:11.723, 7433859318920, vstest.console.dll, AssemblyResolver.AddSearchDirectories: Adding more searchDirectories C:\Program Files\dotnet\sdk\8.0.400\Extensions,C:\Program Files\dotnet\sdk\8.0.400
TpTrace Information: 0 : 16940, 1, 2024/10/17, 15:45:11.723, 7433859319082, vstest.console.dll, AssemblyResolver.AddSearchDirectories: Adding more searchDirectories C:\Program Files\dotnet\sdk\8.0.400\Extensions,C:\Program Files\dotnet\sdk\8.0.400
TpTrace Information: 0 : 16940, 1, 2024/10/17, 15:45:11.723, 7433859319260, vstest.console.dll, AssemblyResolver.AddSearchDirectories: Adding more searchDirectories C:\Program Files\dotnet\sdk\8.0.400\Extensions,C:\Program Files\dotnet\sdk\8.0.400
TpTrace Information: 0 : 16940, 1, 2024/10/17, 15:45:11.723, 7433859319418, vstest.console.dll, AssemblyResolver.AddSearchDirectories: Adding more searchDirectories C:\Program Files\dotnet\sdk\8.0.400\Extensions,C:\Program Files\dotnet\sdk\8.0.400
TpTrace Information: 0 : 16940, 1, 2024/10/17, 15:45:11.723, 7433859321862, vstest.console.dll, AssemblyResolver.OnResolve: Microsoft.Diagnostics.NETCore.Client: Resolving assembly.
TpTrace Information: 0 : 16940, 1, 2024/10/17, 15:45:11.724, 7433859322462, vstest.console.dll, AssemblyResolver.OnResolve: Microsoft.Diagnostics.NETCore.Client: Searching in: 'C:\Program Files\dotnet\sdk\8.0.400\Extensions'.
TpTrace Information: 0 : 16940, 1, 2024/10/17, 15:45:11.729, 7433859381360, vstest.console.dll, AssemblyResolver.OnResolve: Microsoft.Diagnostics.NETCore.Client: Loading assembly 'C:\Program Files\dotnet\sdk\8.0.400\Extensions\Microsoft.Diagnostics.NETCore.Client.dll'.
TpTrace Information: 0 : 16940, 1, 2024/10/17, 15:45:11.731, 7433859397384, vstest.console.dll, AssemblyResolver.OnResolve: Resolved assembly: Microsoft.Diagnostics.NETCore.Client, from path: C:\Program Files\dotnet\sdk\8.0.400\Extensions\Microsoft.Diagnostics.NETCore.Client.dll
TpTrace Verbose: 0 : 16940, 1, 2024/10/17, 15:45:11.734, 7433859430802, vstest.console.dll, MetadataReaderExtensionsHelper: Discovering extensions inside assembly 'Microsoft.Diagnostics.NETCore.Client, Version=0.2.10.30701, Culture=neutral, PublicKeyToken=31bf3856ad364e35' file path 'C:\Program Files\dotnet\sdk\8.0.400\Extensions\Microsoft.Diagnostics.NETCore.Client.dll'
TpTrace Information: 0 : 16940, 1, 2024/10/17, 15:45:11.738, 7433859462457, vstest.console.dll, AssemblyResolver.OnResolve: Microsoft.Bcl.AsyncInterfaces: Resolving assembly.
TpTrace Information: 0 : 16940, 1, 2024/10/17, 15:45:11.738, 7433859463294, vstest.console.dll, AssemblyResolver.OnResolve: Microsoft.Bcl.AsyncInterfaces: Searching in: 'C:\Program Files\dotnet\sdk\8.0.400\Extensions'.
TpTrace Information: 0 : 16940, 1, 2024/10/17, 15:45:11.738, 7433859463953, vstest.console.dll, AssemblyResolver.OnResolve: Microsoft.Bcl.AsyncInterfaces: Assembly path does not exist: 'C:\Program Files\dotnet\sdk\8.0.400\Extensions\Microsoft.Bcl.AsyncInterfaces.dll', returning.
TpTrace Information: 0 : 16940, 1, 2024/10/17, 15:45:11.738, 7433859464618, vstest.console.dll, AssemblyResolver.OnResolve: Microsoft.Bcl.AsyncInterfaces: Assembly path does not exist: 'C:\Program Files\dotnet\sdk\8.0.400\Extensions\Microsoft.Bcl.AsyncInterfaces.exe', returning.
TpTrace Information: 0 : 16940, 1, 2024/10/17, 15:45:11.738, 7433859464793, vstest.console.dll, AssemblyResolver.OnResolve: Microsoft.Bcl.AsyncInterfaces: Searching in: 'C:\Program Files\dotnet\sdk\8.0.400'.
TpTrace Information: 0 : 16940, 1, 2024/10/17, 15:45:11.738, 7433859465131, vstest.console.dll, AssemblyResolver.OnResolve: Microsoft.Bcl.AsyncInterfaces: Assembly path does not exist: 'C:\Program Files\dotnet\sdk\8.0.400\Microsoft.Bcl.AsyncInterfaces.dll', returning.
TpTrace Information: 0 : 16940, 1, 2024/10/17, 15:45:11.738, 7433859465407, vstest.console.dll, AssemblyResolver.OnResolve: Microsoft.Bcl.AsyncInterfaces: Assembly path does not exist: 'C:\Program Files\dotnet\sdk\8.0.400\Microsoft.Bcl.AsyncInterfaces.exe', returning.
TpTrace Information: 0 : 16940, 1, 2024/10/17, 15:45:11.738, 7433859465587, vstest.console.dll, AssemblyResolver.OnResolve: Microsoft.Bcl.AsyncInterfaces: Failed to load assembly.
TpTrace Verbose: 0 : 16940, 1, 2024/10/17, 15:45:11.738, 7433859465814, vstest.console.dll, CurrentDomainAssemblyResolve: Resolving assembly 'Microsoft.Bcl.AsyncInterfaces'.
TpTrace Information: 0 : 16940, 1, 2024/10/17, 15:45:11.738, 7433859466195, vstest.console.dll, AssemblyResolver.OnResolve: Microsoft.Bcl.AsyncInterfaces: Resolving assembly.
TpTrace Information: 0 : 16940, 1, 2024/10/17, 15:45:11.738, 7433859466397, vstest.console.dll, AssemblyResolver.OnResolve: Microsoft.Bcl.AsyncInterfaces: Resolved from cache.
TpTrace Verbose: 0 : 16940, 1, 2024/10/17, 15:45:11.738, 7433859466536, vstest.console.dll, CurrentDomainAssemblyResolve: Resolving assembly 'Microsoft.Bcl.AsyncInterfaces'.
TpTrace Verbose: 0 : 16940, 1, 2024/10/17, 15:45:11.738, 7433859466757, vstest.console.dll, CurrentDomainAssemblyResolve: Failed to resolve assembly 'Microsoft.Bcl.AsyncInterfaces'.
TpTrace Verbose: 0 : 16940, 1, 2024/10/17, 15:45:11.742, 7433859506260, vstest.console.dll, CurrentDomainAssemblyResolve: Failed to resolve assembly 'Microsoft.Bcl.AsyncInterfaces'.
TpTrace Warning: 0 : 16940, 1, 2024/10/17, 15:45:11.755, 7433859636583, vstest.console.dll, TestPluginDiscoverer: Failed to get types from assembly 'Microsoft.Diagnostics.NETCore.Client, Version=0.2.10.30701, Culture=neutral, PublicKeyToken=31bf3856ad364e35'. Error: System.Reflection.ReflectionTypeLoadException: Unable to load one or more of the requested types.
Could not load file or assembly 'Microsoft.Bcl.AsyncInterfaces, Version=6.0.0.0, Culture=neutral, PublicKeyToken=cc7b13ffcd2ddd51'. O sistema não pode encontrar o arquivo especificado.
   at System.Reflection.RuntimeModule.GetTypes(RuntimeModule module)
   at System.Reflection.RuntimeModule.GetTypes()
   at Microsoft.VisualStudio.TestPlatform.Common.ExtensionFramework.TestPluginDiscoverer.GetTestExtensionsFromAssembly[TPluginInfo,TExtension](Assembly assembly, Dictionary`2 pluginInfos, String filePath) in /_/src/Microsoft.TestPlatform.Common/ExtensionFramework/TestPluginDiscoverer.cs:line 158
System.IO.FileNotFoundException: Could not load file or assembly 'Microsoft.Bcl.AsyncInterfaces, Version=6.0.0.0, Culture=neutral, PublicKeyToken=cc7b13ffcd2ddd51'. O sistema não pode encontrar o arquivo especificado.
File name: 'Microsoft.Bcl.AsyncInterfaces, Version=6.0.0.0, Culture=neutral, PublicKeyToken=cc7b13ffcd2ddd51'
 ---> System.IO.FileNotFoundException: Could not load file or assembly 'Microsoft.Bcl.AsyncInterfaces, Culture=neutral, PublicKeyToken=null'. O sistema não pode encontrar o arquivo especificado.
File name: 'Microsoft.Bcl.AsyncInterfaces, Culture=neutral, PublicKeyToken=null'
   at System.Reflection.RuntimeAssembly.InternalLoad(AssemblyName assemblyName, StackCrawlMark& stackMark, AssemblyLoadContext assemblyLoadContext, RuntimeAssembly requestingAssembly, Boolean throwOnFileNotFound)
   at System.Reflection.Assembly.Load(AssemblyName assemblyRef)
   at Microsoft.VisualStudio.TestPlatform.Common.ExtensionFramework.TestPluginCache.CurrentDomainAssemblyResolve(Object sender, AssemblyResolveEventArgs args) in /_/src/Microsoft.TestPlatform.Common/ExtensionFramework/TestPluginCache.cs:line 513
   at System.Runtime.Loader.AssemblyLoadContext.GetFirstResolvedAssemblyFromResolvingEvent(AssemblyName assemblyName)
   at System.Runtime.Loader.AssemblyLoadContext.ResolveUsingEvent(AssemblyName assemblyName)
   at System.Runtime.Loader.AssemblyLoadContext.ResolveUsingResolvingEvent(IntPtr gchManagedAssemblyLoadContext, AssemblyName assemblyName)
TpTrace Warning: 0 : 16940, 1, 2024/10/17, 15:45:11.755, 7433859639629, vstest.console.dll, LoaderExceptions: System.IO.FileNotFoundException: Could not load file or assembly 'Microsoft.Bcl.AsyncInterfaces, Version=6.0.0.0, Culture=neutral, PublicKeyToken=cc7b13ffcd2ddd51'. O sistema não pode encontrar o arquivo especificado.
File name: 'Microsoft.Bcl.AsyncInterfaces, Version=6.0.0.0, Culture=neutral, PublicKeyToken=cc7b13ffcd2ddd51'
 ---> System.IO.FileNotFoundException: Could not load file or assembly 'Microsoft.Bcl.AsyncInterfaces, Culture=neutral, PublicKeyToken=null'. O sistema não pode encontrar o arquivo especificado.
File name: 'Microsoft.Bcl.AsyncInterfaces, Culture=neutral, PublicKeyToken=null'
   at System.Reflection.RuntimeAssembly.InternalLoad(AssemblyName assemblyName, StackCrawlMark& stackMark, AssemblyLoadContext assemblyLoadContext, RuntimeAssembly requestingAssembly, Boolean throwOnFileNotFound)
   at System.Reflection.Assembly.Load(AssemblyName assemblyRef)
   at Microsoft.VisualStudio.TestPlatform.Common.ExtensionFramework.TestPluginCache.CurrentDomainAssemblyResolve(Object sender, AssemblyResolveEventArgs args) in /_/src/Microsoft.TestPlatform.Common/ExtensionFramework/TestPluginCache.cs:line 513
   at System.Runtime.Loader.AssemblyLoadContext.GetFirstResolvedAssemblyFromResolvingEvent(AssemblyName assemblyName)
   at System.Runtime.Loader.AssemblyLoadContext.ResolveUsingEvent(AssemblyName assemblyName)
   at System.Runtime.Loader.AssemblyLoadContext.ResolveUsingResolvingEvent(IntPtr gchManagedAssemblyLoadContext, AssemblyName assemblyName)
TpTrace Information: 0 : 16940, 1, 2024/10/17, 15:45:11.755, 7433859641392, vstest.console.dll, AssemblyResolver.OnResolve: Microsoft.TestPlatform.Extensions.BlameDataCollector: Resolving assembly.
TpTrace Information: 0 : 16940, 1, 2024/10/17, 15:45:11.755, 7433859641929, vstest.console.dll, AssemblyResolver.OnResolve: Microsoft.TestPlatform.Extensions.BlameDataCollector: Searching in: 'C:\Program Files\dotnet\sdk\8.0.400\Extensions'.
TpTrace Information: 0 : 16940, 1, 2024/10/17, 15:45:11.757, 7433859656137, vstest.console.dll, AssemblyResolver.OnResolve: Microsoft.TestPlatform.Extensions.BlameDataCollector: Loading assembly 'C:\Program Files\dotnet\sdk\8.0.400\Extensions\Microsoft.TestPlatform.Extensions.BlameDataCollector.dll'.
TpTrace Information: 0 : 16940, 1, 2024/10/17, 15:45:11.758, 7433859668330, vstest.console.dll, AssemblyResolver.OnResolve: Resolved assembly: Microsoft.TestPlatform.Extensions.BlameDataCollector, from path: C:\Program Files\dotnet\sdk\8.0.400\Extensions\Microsoft.TestPlatform.Extensions.BlameDataCollector.dll
TpTrace Verbose: 0 : 16940, 1, 2024/10/17, 15:45:11.758, 7433859669061, vstest.console.dll, MetadataReaderExtensionsHelper: Discovering extensions inside assembly 'Microsoft.TestPlatform.Extensions.BlameDataCollector, Version=15.0.0.0, Culture=neutral, PublicKeyToken=b03f5f7f11d50a3a' file path 'C:\Program Files\dotnet\sdk\8.0.400\Extensions\Microsoft.TestPlatform.Extensions.BlameDataCollector.dll'
TpTrace Information: 0 : 16940, 1, 2024/10/17, 15:45:11.760, 7433859688204, vstest.console.dll, AssemblyResolver.OnResolve: Microsoft.TestPlatform.Extensions.EventLogCollector: Resolving assembly.
TpTrace Information: 0 : 16940, 1, 2024/10/17, 15:45:11.760, 7433859688874, vstest.console.dll, AssemblyResolver.OnResolve: Microsoft.TestPlatform.Extensions.EventLogCollector: Searching in: 'C:\Program Files\dotnet\sdk\8.0.400\Extensions'.
TpTrace Information: 0 : 16940, 1, 2024/10/17, 15:45:11.761, 7433859696013, vstest.console.dll, AssemblyResolver.OnResolve: Microsoft.TestPlatform.Extensions.EventLogCollector: Loading assembly 'C:\Program Files\dotnet\sdk\8.0.400\Extensions\Microsoft.TestPlatform.Extensions.EventLogCollector.dll'.
TpTrace Information: 0 : 16940, 1, 2024/10/17, 15:45:11.762, 7433859703412, vstest.console.dll, AssemblyResolver.OnResolve: Resolved assembly: Microsoft.TestPlatform.Extensions.EventLogCollector, from path: C:\Program Files\dotnet\sdk\8.0.400\Extensions\Microsoft.TestPlatform.Extensions.EventLogCollector.dll
TpTrace Verbose: 0 : 16940, 1, 2024/10/17, 15:45:11.762, 7433859703999, vstest.console.dll, MetadataReaderExtensionsHelper: Discovering extensions inside assembly 'Microsoft.TestPlatform.Extensions.EventLogCollector, Version=15.0.0.0, Culture=neutral, PublicKeyToken=b03f5f7f11d50a3a' file path 'C:\Program Files\dotnet\sdk\8.0.400\Extensions\Microsoft.TestPlatform.Extensions.EventLogCollector.dll'
TpTrace Information: 0 : 16940, 1, 2024/10/17, 15:45:11.765, 7433859733345, vstest.console.dll, AssemblyResolver.OnResolve: Microsoft.TestPlatform.TestHostRuntimeProvider: Resolving assembly.
TpTrace Information: 0 : 16940, 1, 2024/10/17, 15:45:11.765, 7433859734035, vstest.console.dll, AssemblyResolver.OnResolve: Microsoft.TestPlatform.TestHostRuntimeProvider: Searching in: 'C:\Program Files\dotnet\sdk\8.0.400\Extensions'.
TpTrace Information: 0 : 16940, 1, 2024/10/17, 15:45:11.766, 7433859743859, vstest.console.dll, AssemblyResolver.OnResolve: Microsoft.TestPlatform.TestHostRuntimeProvider: Loading assembly 'C:\Program Files\dotnet\sdk\8.0.400\Extensions\Microsoft.TestPlatform.TestHostRuntimeProvider.dll'.
TpTrace Information: 0 : 16940, 1, 2024/10/17, 15:45:11.766, 7433859752359, vstest.console.dll, AssemblyResolver.OnResolve: Resolved assembly: Microsoft.TestPlatform.TestHostRuntimeProvider, from path: C:\Program Files\dotnet\sdk\8.0.400\Extensions\Microsoft.TestPlatform.TestHostRuntimeProvider.dll
TpTrace Verbose: 0 : 16940, 1, 2024/10/17, 15:45:11.767, 7433859753010, vstest.console.dll, MetadataReaderExtensionsHelper: Discovering extensions inside assembly 'Microsoft.TestPlatform.TestHostRuntimeProvider, Version=15.0.0.0, Culture=neutral, PublicKeyToken=b03f5f7f11d50a3a' file path 'C:\Program Files\dotnet\sdk\8.0.400\Extensions\Microsoft.TestPlatform.TestHostRuntimeProvider.dll'
TpTrace Information: 0 : 16940, 1, 2024/10/17, 15:45:11.769, 7433859774543, vstest.console.dll, GetTestExtensionFromType: Register extension with identifier data 'HostProvider://DefaultTestHost' and type 'Microsoft.VisualStudio.TestPlatform.CrossPlatEngine.Hosting.DefaultTestHostManager, Microsoft.TestPlatform.TestHostRuntimeProvider, Version=15.0.0.0, Culture=neutral, PublicKeyToken=b03f5f7f11d50a3a' inside file 'C:\Program Files\dotnet\sdk\8.0.400\Extensions\Microsoft.TestPlatform.TestHostRuntimeProvider.dll'
TpTrace Information: 0 : 16940, 1, 2024/10/17, 15:45:11.769, 7433859779229, vstest.console.dll, GetTestExtensionFromType: Register extension with identifier data 'HostProvider://DotnetTestHost' and type 'Microsoft.VisualStudio.TestPlatform.CrossPlatEngine.Hosting.DotnetTestHostManager, Microsoft.TestPlatform.TestHostRuntimeProvider, Version=15.0.0.0, Culture=neutral, PublicKeyToken=b03f5f7f11d50a3a' inside file 'C:\Program Files\dotnet\sdk\8.0.400\Extensions\Microsoft.TestPlatform.TestHostRuntimeProvider.dll'
TpTrace Information: 0 : 16940, 1, 2024/10/17, 15:45:11.769, 7433859780611, vstest.console.dll, AssemblyResolver.OnResolve: Microsoft.VisualStudio.TestPlatform.Extensions.Html.TestLogger: Resolving assembly.
TpTrace Information: 0 : 16940, 1, 2024/10/17, 15:45:11.769, 7433859781299, vstest.console.dll, AssemblyResolver.OnResolve: Microsoft.VisualStudio.TestPlatform.Extensions.Html.TestLogger: Searching in: 'C:\Program Files\dotnet\sdk\8.0.400\Extensions'.
TpTrace Information: 0 : 16940, 1, 2024/10/17, 15:45:11.772, 7433859803512, vstest.console.dll, AssemblyResolver.OnResolve: Microsoft.VisualStudio.TestPlatform.Extensions.Html.TestLogger: Loading assembly 'C:\Program Files\dotnet\sdk\8.0.400\Extensions\Microsoft.VisualStudio.TestPlatform.Extensions.Html.TestLogger.dll'.
TpTrace Information: 0 : 16940, 1, 2024/10/17, 15:45:11.773, 7433859812476, vstest.console.dll, AssemblyResolver.OnResolve: Resolved assembly: Microsoft.VisualStudio.TestPlatform.Extensions.Html.TestLogger, from path: C:\Program Files\dotnet\sdk\8.0.400\Extensions\Microsoft.VisualStudio.TestPlatform.Extensions.Html.TestLogger.dll
TpTrace Verbose: 0 : 16940, 1, 2024/10/17, 15:45:11.773, 7433859813406, vstest.console.dll, MetadataReaderExtensionsHelper: Discovering extensions inside assembly 'Microsoft.VisualStudio.TestPlatform.Extensions.Html.TestLogger, Version=15.0.0.0, Culture=neutral, PublicKeyToken=b03f5f7f11d50a3a' file path 'C:\Program Files\dotnet\sdk\8.0.400\Extensions\Microsoft.VisualStudio.TestPlatform.Extensions.Html.TestLogger.dll'
TpTrace Information: 0 : 16940, 1, 2024/10/17, 15:45:11.774, 7433859830683, vstest.console.dll, AssemblyResolver.OnResolve: Microsoft.VisualStudio.TestPlatform.Extensions.Trx.TestLogger: Resolving assembly.
TpTrace Information: 0 : 16940, 1, 2024/10/17, 15:45:11.774, 7433859832026, vstest.console.dll, AssemblyResolver.OnResolve: Microsoft.VisualStudio.TestPlatform.Extensions.Trx.TestLogger: Searching in: 'C:\Program Files\dotnet\sdk\8.0.400\Extensions'.
TpTrace Information: 0 : 16940, 1, 2024/10/17, 15:45:11.776, 7433859849847, vstest.console.dll, AssemblyResolver.OnResolve: Microsoft.VisualStudio.TestPlatform.Extensions.Trx.TestLogger: Loading assembly 'C:\Program Files\dotnet\sdk\8.0.400\Extensions\Microsoft.VisualStudio.TestPlatform.Extensions.Trx.TestLogger.dll'.
TpTrace Information: 0 : 16940, 1, 2024/10/17, 15:45:11.779, 7433859875378, vstest.console.dll, AssemblyResolver.OnResolve: Resolved assembly: Microsoft.VisualStudio.TestPlatform.Extensions.Trx.TestLogger, from path: C:\Program Files\dotnet\sdk\8.0.400\Extensions\Microsoft.VisualStudio.TestPlatform.Extensions.Trx.TestLogger.dll
TpTrace Verbose: 0 : 16940, 1, 2024/10/17, 15:45:11.779, 7433859877063, vstest.console.dll, MetadataReaderExtensionsHelper: Discovering extensions inside assembly 'Microsoft.VisualStudio.TestPlatform.Extensions.Trx.TestLogger, Version=15.0.0.0, Culture=neutral, PublicKeyToken=b03f5f7f11d50a3a' file path 'C:\Program Files\dotnet\sdk\8.0.400\Extensions\Microsoft.VisualStudio.TestPlatform.Extensions.Trx.TestLogger.dll'
TpTrace Verbose: 0 : 16940, 1, 2024/10/17, 15:45:11.782, 7433859902511, vstest.console.dll, TestPluginCache: Discovered the extensions using extension path ''.
TpTrace Verbose: 0 : 16940, 1, 2024/10/17, 15:45:11.782, 7433859904100, vstest.console.dll, TestPluginCache: Discoverers are ''.
TpTrace Verbose: 0 : 16940, 1, 2024/10/17, 15:45:11.782, 7433859904458, vstest.console.dll, TestPluginCache: Executors are ''.
TpTrace Verbose: 0 : 16940, 1, 2024/10/17, 15:45:11.782, 7433859904739, vstest.console.dll, TestPluginCache: Executors2 are ''.
TpTrace Verbose: 0 : 16940, 1, 2024/10/17, 15:45:11.782, 7433859905011, vstest.console.dll, TestPluginCache: Setting providers are ''.
TpTrace Verbose: 0 : 16940, 1, 2024/10/17, 15:45:11.782, 7433859905462, vstest.console.dll, TestPluginCache: Loggers are ''.
TpTrace Verbose: 0 : 16940, 1, 2024/10/17, 15:45:11.782, 7433859908243, vstest.console.dll, TestPluginCache: TestHosts are 'HostProvider://DefaultTestHost,HostProvider://DotnetTestHost'.
TpTrace Verbose: 0 : 16940, 1, 2024/10/17, 15:45:11.782, 7433859908678, vstest.console.dll, TestPluginCache: DataCollectors are ''.
TpTrace Information: 0 : 16940, 1, 2024/10/17, 15:45:11.809, 7433860181634, vstest.console.dll, RunTestsArgumentProcessor:Execute: Test run is starting.
TpTrace Verbose: 0 : 16940, 1, 2024/10/17, 15:45:11.810, 7433860183143, vstest.console.dll, RunTestsArgumentProcessor:Execute: Queuing Test run.
TpTrace Information: 0 : 16940, 1, 2024/10/17, 15:45:11.810, 7433860185959, vstest.console.dll, TestRequestManager.RunTests: run tests started.
TpTrace Information: 0 : 16940, 1, 2024/10/17, 15:45:11.811, 7433860199831, vstest.console.dll, AssemblyMetadataProvider.GetFrameworkName: Determined framework:'.NETCoreApp,Version=v8.0' for source: 'C:\Users\wilso\source\repos\ApiPedidos\Pedidos.Test\bin\Debug\net8.0\fine-code-coverage\build-output\Pedidos.Test.dll'
TpTrace Information: 0 : 16940, 1, 2024/10/17, 15:45:11.811, 7433860201963, vstest.console.dll, Determined framework for all sources: .NETCoreApp,Version=v8.0
TpTrace Verbose: 0 : 16940, 1, 2024/10/17, 15:45:11.812, 7433860205082, vstest.console.dll, TestRequestManager.UpdateRunSettingsIfRequired: Default architecture: X64 IsDefaultTargetArchitecture: True, Current process architecture: X64 OperatingSystem: Windows.
TpTrace Information: 0 : 16940, 1, 2024/10/17, 15:45:11.814, 7433860222948, vstest.console.dll, AssemblyMetadataProvider.GetArchitecture: Determined architecture:AnyCPU info for assembly: C:\Users\wilso\source\repos\ApiPedidos\Pedidos.Test\bin\Debug\net8.0\fine-code-coverage\build-output\Pedidos.Test.dll
TpTrace Information: 0 : 16940, 1, 2024/10/17, 15:45:11.814, 7433860224286, vstest.console.dll, Determined platform for source 'C:\Users\wilso\source\repos\ApiPedidos\Pedidos.Test\bin\Debug\net8.0\fine-code-coverage\build-output\Pedidos.Test.dll' was AnyCPU and it will use the default plaform X64.
TpTrace Information: 0 : 16940, 1, 2024/10/17, 15:45:11.814, 7433860224565, vstest.console.dll, None of the sources provided any runnable platform, using the default platform: X64
TpTrace Information: 0 : 16940, 1, 2024/10/17, 15:45:11.814, 7433860225883, vstest.console.dll, Platform was updated to 'X64'.
TpTrace Information: 0 : 16940, 1, 2024/10/17, 15:45:11.821, 7433860295535, vstest.console.dll, InferRunSettingsHelper.IsTestSettingsEnabled: Unable to navigate to RunSettings/MSTest. Current node: RunSettings
TpTrace Information: 0 : 16940, 1, 2024/10/17, 15:45:11.822, 7433860308270, vstest.console.dll, AssemblyResolver.OnResolve: Microsoft.VisualStudio.TestPlatform.Fakes: Resolving assembly.
TpTrace Information: 0 : 16940, 1, 2024/10/17, 15:45:11.822, 7433860309655, vstest.console.dll, AssemblyResolver.OnResolve: Microsoft.VisualStudio.TestPlatform.Fakes: Searching in: 'C:\Program Files\dotnet\sdk\8.0.400\Extensions'.
TpTrace Information: 0 : 16940, 1, 2024/10/17, 15:45:11.822, 7433860310930, vstest.console.dll, AssemblyResolver.OnResolve: Microsoft.VisualStudio.TestPlatform.Fakes: Assembly path does not exist: 'C:\Program Files\dotnet\sdk\8.0.400\Extensions\Microsoft.VisualStudio.TestPlatform.Fakes.dll', returning.
TpTrace Information: 0 : 16940, 1, 2024/10/17, 15:45:11.822, 7433860311540, vstest.console.dll, AssemblyResolver.OnResolve: Microsoft.VisualStudio.TestPlatform.Fakes: Assembly path does not exist: 'C:\Program Files\dotnet\sdk\8.0.400\Extensions\Microsoft.VisualStudio.TestPlatform.Fakes.exe', returning.
TpTrace Information: 0 : 16940, 1, 2024/10/17, 15:45:11.822, 7433860311807, vstest.console.dll, AssemblyResolver.OnResolve: Microsoft.VisualStudio.TestPlatform.Fakes: Searching in: 'C:\Program Files\dotnet\sdk\8.0.400'.
TpTrace Information: 0 : 16940, 1, 2024/10/17, 15:45:11.823, 7433860312466, vstest.console.dll, AssemblyResolver.OnResolve: Microsoft.VisualStudio.TestPlatform.Fakes: Assembly path does not exist: 'C:\Program Files\dotnet\sdk\8.0.400\Microsoft.VisualStudio.TestPlatform.Fakes.dll', returning.
TpTrace Information: 0 : 16940, 1, 2024/10/17, 15:45:11.823, 7433860312973, vstest.console.dll, AssemblyResolver.OnResolve: Microsoft.VisualStudio.TestPlatform.Fakes: Assembly path does not exist: 'C:\Program Files\dotnet\sdk\8.0.400\Microsoft.VisualStudio.TestPlatform.Fakes.exe', returning.
TpTrace Information: 0 : 16940, 1, 2024/10/17, 15:45:11.823, 7433860313220, vstest.console.dll, AssemblyResolver.OnResolve: Microsoft.VisualStudio.TestPlatform.Fakes: Failed to load assembly.
TpTrace Information: 0 : 16940, 1, 2024/10/17, 15:45:11.823, 7433860316473, vstest.console.dll, Failed to load assembly Microsoft.VisualStudio.TestPlatform.Fakes, Version=17.0.0.0, Culture=neutral. Reason:System.IO.FileNotFoundException: Could not load file or assembly 'Microsoft.VisualStudio.TestPlatform.Fakes, Version=17.0.0.0, Culture=neutral, PublicKeyToken=null'. O sistema não pode encontrar o arquivo especificado.
File name: 'Microsoft.VisualStudio.TestPlatform.Fakes, Version=17.0.0.0, Culture=neutral, PublicKeyToken=null'
   at System.Reflection.RuntimeAssembly.InternalLoad(AssemblyName assemblyName, StackCrawlMark& stackMark, AssemblyLoadContext assemblyLoadContext, RuntimeAssembly requestingAssembly, Boolean throwOnFileNotFound)
   at System.Reflection.Assembly.Load(AssemblyName assemblyRef)
   at Microsoft.VisualStudio.TestPlatform.Common.Utilities.FakesUtilities.LoadTestPlatformAssembly() in /_/src/Microsoft.TestPlatform.Common/Utilities/FakesUtilities.cs:line 272
TpTrace Verbose: 0 : 16940, 1, 2024/10/17, 15:45:11.828, 7433860364387, vstest.console.dll, TestPluginCache.DiscoverTestExtensions: finding test extensions in assemblies ends with: TestLogger.dll TPluginInfo: Microsoft.VisualStudio.TestPlatform.Common.ExtensionFramework.Utilities.TestLoggerPluginInformation TExtension: Microsoft.VisualStudio.TestPlatform.ObjectModel.Client.ITestLogger
TpTrace Verbose: 0 : 16940, 1, 2024/10/17, 15:45:11.828, 7433860366197, vstest.console.dll, TestPluginCache.GetExtensionPaths: Filtered extension paths: 
TpTrace Verbose: 0 : 16940, 1, 2024/10/17, 15:45:11.828, 7433860366700, vstest.console.dll, TestPluginCache.GetExtensionPaths: Added default extension paths: C:\Program Files\dotnet\sdk\8.0.400\Extensions\Microsoft.Diagnostics.NETCore.Client.dll
C:\Program Files\dotnet\sdk\8.0.400\Extensions\Microsoft.TestPlatform.Extensions.BlameDataCollector.dll
C:\Program Files\dotnet\sdk\8.0.400\Extensions\Microsoft.TestPlatform.Extensions.EventLogCollector.dll
C:\Program Files\dotnet\sdk\8.0.400\Extensions\Microsoft.TestPlatform.TestHostRuntimeProvider.dll
C:\Program Files\dotnet\sdk\8.0.400\Extensions\Microsoft.VisualStudio.TestPlatform.Extensions.Html.TestLogger.dll
C:\Program Files\dotnet\sdk\8.0.400\Extensions\Microsoft.VisualStudio.TestPlatform.Extensions.Trx.TestLogger.dll
TpTrace Verbose: 0 : 16940, 1, 2024/10/17, 15:45:11.828, 7433860367033, vstest.console.dll, TestPluginCache.GetExtensionPaths: Added unfilterableExtensionPaths: 
TpTrace Information: 0 : 16940, 1, 2024/10/17, 15:45:11.828, 7433860368995, vstest.console.dll, AssemblyResolver.AddSearchDirectories: Adding more searchDirectories C:\Program Files\dotnet\sdk\8.0.400\Extensions,C:\Program Files\dotnet\sdk\8.0.400
TpTrace Verbose: 0 : 16940, 1, 2024/10/17, 15:45:11.828, 7433860369501, vstest.console.dll, TestPluginCache.DiscoverTestExtensions: Discovering the extensions using extension path.
TpTrace Verbose: 0 : 16940, 1, 2024/10/17, 15:45:11.828, 7433860369873, vstest.console.dll, TestPluginCache.GetExtensionPaths: Filtered extension paths: 
TpTrace Verbose: 0 : 16940, 1, 2024/10/17, 15:45:11.828, 7433860370279, vstest.console.dll, TestPluginCache.GetExtensionPaths: Added default extension paths: C:\Program Files\dotnet\sdk\8.0.400\Extensions\Microsoft.Diagnostics.NETCore.Client.dll
C:\Program Files\dotnet\sdk\8.0.400\Extensions\Microsoft.TestPlatform.Extensions.BlameDataCollector.dll
C:\Program Files\dotnet\sdk\8.0.400\Extensions\Microsoft.TestPlatform.Extensions.EventLogCollector.dll
C:\Program Files\dotnet\sdk\8.0.400\Extensions\Microsoft.TestPlatform.TestHostRuntimeProvider.dll
C:\Program Files\dotnet\sdk\8.0.400\Extensions\Microsoft.VisualStudio.TestPlatform.Extensions.Html.TestLogger.dll
C:\Program Files\dotnet\sdk\8.0.400\Extensions\Microsoft.VisualStudio.TestPlatform.Extensions.Trx.TestLogger.dll
TpTrace Verbose: 0 : 16940, 1, 2024/10/17, 15:45:11.828, 7433860370584, vstest.console.dll, TestPluginCache.GetExtensionPaths: Added unfilterableExtensionPaths: 
TpTrace Verbose: 0 : 16940, 1, 2024/10/17, 15:45:11.828, 7433860370973, vstest.console.dll, TestPluginCache.DiscoverTestExtensions: Discovering the extensions using allExtensionPaths: C:\Program Files\dotnet\sdk\8.0.400\Extensions\Microsoft.Diagnostics.NETCore.Client.dll
C:\Program Files\dotnet\sdk\8.0.400\Extensions\Microsoft.TestPlatform.Extensions.BlameDataCollector.dll
C:\Program Files\dotnet\sdk\8.0.400\Extensions\Microsoft.TestPlatform.Extensions.EventLogCollector.dll
C:\Program Files\dotnet\sdk\8.0.400\Extensions\Microsoft.TestPlatform.TestHostRuntimeProvider.dll
C:\Program Files\dotnet\sdk\8.0.400\Extensions\Microsoft.VisualStudio.TestPlatform.Extensions.Html.TestLogger.dll
C:\Program Files\dotnet\sdk\8.0.400\Extensions\Microsoft.VisualStudio.TestPlatform.Extensions.Trx.TestLogger.dll
TpTrace Information: 0 : 16940, 1, 2024/10/17, 15:45:11.828, 7433860371468, vstest.console.dll, AssemblyResolver.AddSearchDirectories: Adding more searchDirectories C:\Program Files\dotnet\sdk\8.0.400\Extensions,C:\Program Files\dotnet\sdk\8.0.400
TpTrace Information: 0 : 16940, 1, 2024/10/17, 15:45:11.828, 7433860371861, vstest.console.dll, AssemblyResolver.AddSearchDirectories: Adding more searchDirectories C:\Program Files\dotnet\sdk\8.0.400\Extensions,C:\Program Files\dotnet\sdk\8.0.400
TpTrace Information: 0 : 16940, 1, 2024/10/17, 15:45:11.828, 7433860372159, vstest.console.dll, AssemblyResolver.AddSearchDirectories: Adding more searchDirectories C:\Program Files\dotnet\sdk\8.0.400\Extensions,C:\Program Files\dotnet\sdk\8.0.400
TpTrace Information: 0 : 16940, 1, 2024/10/17, 15:45:11.829, 7433860372503, vstest.console.dll, AssemblyResolver.AddSearchDirectories: Adding more searchDirectories C:\Program Files\dotnet\sdk\8.0.400\Extensions,C:\Program Files\dotnet\sdk\8.0.400
TpTrace Information: 0 : 16940, 1, 2024/10/17, 15:45:11.829, 7433860372799, vstest.console.dll, AssemblyResolver.AddSearchDirectories: Adding more searchDirectories C:\Program Files\dotnet\sdk\8.0.400\Extensions,C:\Program Files\dotnet\sdk\8.0.400
TpTrace Information: 0 : 16940, 1, 2024/10/17, 15:45:11.829, 7433860373153, vstest.console.dll, AssemblyResolver.AddSearchDirectories: Adding more searchDirectories C:\Program Files\dotnet\sdk\8.0.400\Extensions,C:\Program Files\dotnet\sdk\8.0.400
TpTrace Verbose: 0 : 16940, 1, 2024/10/17, 15:45:11.829, 7433860374509, vstest.console.dll, MetadataReaderExtensionsHelper: Discovering extensions inside assembly 'Microsoft.Diagnostics.NETCore.Client, Version=0.2.10.30701, Culture=neutral, PublicKeyToken=31bf3856ad364e35' file path 'C:\Program Files\dotnet\sdk\8.0.400\Extensions\Microsoft.Diagnostics.NETCore.Client.dll'
TpTrace Information: 0 : 16940, 1, 2024/10/17, 15:45:11.830, 7433860390442, vstest.console.dll, AssemblyResolver.OnResolve: Microsoft.Bcl.AsyncInterfaces: Resolving assembly.
TpTrace Information: 0 : 16940, 1, 2024/10/17, 15:45:11.830, 7433860391753, vstest.console.dll, AssemblyResolver.OnResolve: Microsoft.Bcl.AsyncInterfaces: Resolved from cache.
TpTrace Verbose: 0 : 16940, 1, 2024/10/17, 15:45:11.830, 7433860392341, vstest.console.dll, CurrentDomainAssemblyResolve: Resolving assembly 'Microsoft.Bcl.AsyncInterfaces'.
TpTrace Information: 0 : 16940, 1, 2024/10/17, 15:45:11.831, 7433860393019, vstest.console.dll, AssemblyResolver.OnResolve: Microsoft.Bcl.AsyncInterfaces: Resolving assembly.
TpTrace Information: 0 : 16940, 1, 2024/10/17, 15:45:11.831, 7433860393345, vstest.console.dll, AssemblyResolver.OnResolve: Microsoft.Bcl.AsyncInterfaces: Resolved from cache.
TpTrace Verbose: 0 : 16940, 1, 2024/10/17, 15:45:11.831, 7433860393672, vstest.console.dll, CurrentDomainAssemblyResolve: Resolving assembly 'Microsoft.Bcl.AsyncInterfaces'.
TpTrace Verbose: 0 : 16940, 1, 2024/10/17, 15:45:11.831, 7433860393972, vstest.console.dll, CurrentDomainAssemblyResolve: Failed to resolve assembly 'Microsoft.Bcl.AsyncInterfaces'.
TpTrace Verbose: 0 : 16940, 1, 2024/10/17, 15:45:11.831, 7433860396159, vstest.console.dll, CurrentDomainAssemblyResolve: Failed to resolve assembly 'Microsoft.Bcl.AsyncInterfaces'.
TpTrace Warning: 0 : 16940, 1, 2024/10/17, 15:45:11.831, 7433860402096, vstest.console.dll, TestPluginDiscoverer: Failed to get types from assembly 'Microsoft.Diagnostics.NETCore.Client, Version=0.2.10.30701, Culture=neutral, PublicKeyToken=31bf3856ad364e35'. Error: System.Reflection.ReflectionTypeLoadException: Unable to load one or more of the requested types.
Could not load file or assembly 'Microsoft.Bcl.AsyncInterfaces, Version=6.0.0.0, Culture=neutral, PublicKeyToken=cc7b13ffcd2ddd51'. O sistema não pode encontrar o arquivo especificado.
   at System.Reflection.RuntimeModule.GetTypes(RuntimeModule module)
   at System.Reflection.RuntimeModule.GetTypes()
   at Microsoft.VisualStudio.TestPlatform.Common.ExtensionFramework.TestPluginDiscoverer.GetTestExtensionsFromAssembly[TPluginInfo,TExtension](Assembly assembly, Dictionary`2 pluginInfos, String filePath) in /_/src/Microsoft.TestPlatform.Common/ExtensionFramework/TestPluginDiscoverer.cs:line 158
System.IO.FileNotFoundException: Could not load file or assembly 'Microsoft.Bcl.AsyncInterfaces, Version=6.0.0.0, Culture=neutral, PublicKeyToken=cc7b13ffcd2ddd51'. O sistema não pode encontrar o arquivo especificado.
File name: 'Microsoft.Bcl.AsyncInterfaces, Version=6.0.0.0, Culture=neutral, PublicKeyToken=cc7b13ffcd2ddd51'
 ---> System.IO.FileNotFoundException: Could not load file or assembly 'Microsoft.Bcl.AsyncInterfaces, Culture=neutral, PublicKeyToken=null'. O sistema não pode encontrar o arquivo especificado.
File name: 'Microsoft.Bcl.AsyncInterfaces, Culture=neutral, PublicKeyToken=null'
   at System.Reflection.RuntimeAssembly.InternalLoad(AssemblyName assemblyName, StackCrawlMark& stackMark, AssemblyLoadContext assemblyLoadContext, RuntimeAssembly requestingAssembly, Boolean throwOnFileNotFound)
   at System.Reflection.Assembly.Load(AssemblyName assemblyRef)
   at Microsoft.VisualStudio.TestPlatform.Common.ExtensionFramework.TestPluginCache.CurrentDomainAssemblyResolve(Object sender, AssemblyResolveEventArgs args) in /_/src/Microsoft.TestPlatform.Common/ExtensionFramework/TestPluginCache.cs:line 513
   at System.Runtime.Loader.AssemblyLoadContext.GetFirstResolvedAssemblyFromResolvingEvent(AssemblyName assemblyName)
   at System.Runtime.Loader.AssemblyLoadContext.ResolveUsingEvent(AssemblyName assemblyName)
   at System.Runtime.Loader.AssemblyLoadContext.ResolveUsingResolvingEvent(IntPtr gchManagedAssemblyLoadContext, AssemblyName assemblyName)
TpTrace Warning: 0 : 16940, 1, 2024/10/17, 15:45:11.832, 7433860404438, vstest.console.dll, LoaderExceptions: System.IO.FileNotFoundException: Could not load file or assembly 'Microsoft.Bcl.AsyncInterfaces, Version=6.0.0.0, Culture=neutral, PublicKeyToken=cc7b13ffcd2ddd51'. O sistema não pode encontrar o arquivo especificado.
File name: 'Microsoft.Bcl.AsyncInterfaces, Version=6.0.0.0, Culture=neutral, PublicKeyToken=cc7b13ffcd2ddd51'
 ---> System.IO.FileNotFoundException: Could not load file or assembly 'Microsoft.Bcl.AsyncInterfaces, Culture=neutral, PublicKeyToken=null'. O sistema não pode encontrar o arquivo especificado.
File name: 'Microsoft.Bcl.AsyncInterfaces, Culture=neutral, PublicKeyToken=null'
   at System.Reflection.RuntimeAssembly.InternalLoad(AssemblyName assemblyName, StackCrawlMark& stackMark, AssemblyLoadContext assemblyLoadContext, RuntimeAssembly requestingAssembly, Boolean throwOnFileNotFound)
   at System.Reflection.Assembly.Load(AssemblyName assemblyRef)
   at Microsoft.VisualStudio.TestPlatform.Common.ExtensionFramework.TestPluginCache.CurrentDomainAssemblyResolve(Object sender, AssemblyResolveEventArgs args) in /_/src/Microsoft.TestPlatform.Common/ExtensionFramework/TestPluginCache.cs:line 513
   at System.Runtime.Loader.AssemblyLoadContext.GetFirstResolvedAssemblyFromResolvingEvent(AssemblyName assemblyName)
   at System.Runtime.Loader.AssemblyLoadContext.ResolveUsingEvent(AssemblyName assemblyName)
   at System.Runtime.Loader.AssemblyLoadContext.ResolveUsingResolvingEvent(IntPtr gchManagedAssemblyLoadContext, AssemblyName assemblyName)
TpTrace Verbose: 0 : 16940, 1, 2024/10/17, 15:45:11.832, 7433860405535, vstest.console.dll, MetadataReaderExtensionsHelper: Discovering extensions inside assembly 'Microsoft.TestPlatform.Extensions.BlameDataCollector, Version=15.0.0.0, Culture=neutral, PublicKeyToken=b03f5f7f11d50a3a' file path 'C:\Program Files\dotnet\sdk\8.0.400\Extensions\Microsoft.TestPlatform.Extensions.BlameDataCollector.dll'
TpTrace Information: 0 : 16940, 1, 2024/10/17, 15:45:11.833, 7433860417772, vstest.console.dll, GetTestExtensionFromType: Register extension with identifier data 'logger://Microsoft/TestPlatform/Extensions/Blame/v1' and type 'Microsoft.TestPlatform.Extensions.BlameDataCollector.BlameLogger, Microsoft.TestPlatform.Extensions.BlameDataCollector, Version=15.0.0.0, Culture=neutral, PublicKeyToken=b03f5f7f11d50a3a' inside file 'C:\Program Files\dotnet\sdk\8.0.400\Extensions\Microsoft.TestPlatform.Extensions.BlameDataCollector.dll'
TpTrace Verbose: 0 : 16940, 1, 2024/10/17, 15:45:11.833, 7433860418919, vstest.console.dll, MetadataReaderExtensionsHelper: Discovering extensions inside assembly 'Microsoft.TestPlatform.Extensions.EventLogCollector, Version=15.0.0.0, Culture=neutral, PublicKeyToken=b03f5f7f11d50a3a' file path 'C:\Program Files\dotnet\sdk\8.0.400\Extensions\Microsoft.TestPlatform.Extensions.EventLogCollector.dll'
TpTrace Verbose: 0 : 16940, 1, 2024/10/17, 15:45:11.834, 7433860425449, vstest.console.dll, MetadataReaderExtensionsHelper: Discovering extensions inside assembly 'Microsoft.TestPlatform.TestHostRuntimeProvider, Version=15.0.0.0, Culture=neutral, PublicKeyToken=b03f5f7f11d50a3a' file path 'C:\Program Files\dotnet\sdk\8.0.400\Extensions\Microsoft.TestPlatform.TestHostRuntimeProvider.dll'
TpTrace Verbose: 0 : 16940, 1, 2024/10/17, 15:45:11.834, 7433860429576, vstest.console.dll, MetadataReaderExtensionsHelper: Discovering extensions inside assembly 'Microsoft.VisualStudio.TestPlatform.Extensions.Html.TestLogger, Version=15.0.0.0, Culture=neutral, PublicKeyToken=b03f5f7f11d50a3a' file path 'C:\Program Files\dotnet\sdk\8.0.400\Extensions\Microsoft.VisualStudio.TestPlatform.Extensions.Html.TestLogger.dll'
TpTrace Information: 0 : 16940, 1, 2024/10/17, 15:45:11.836, 7433860443640, vstest.console.dll, GetTestExtensionFromType: Register extension with identifier data 'logger://Microsoft/TestPlatform/HtmlLogger/v1' and type 'Microsoft.VisualStudio.TestPlatform.Extensions.HtmlLogger.HtmlLogger, Microsoft.VisualStudio.TestPlatform.Extensions.Html.TestLogger, Version=15.0.0.0, Culture=neutral, PublicKeyToken=b03f5f7f11d50a3a' inside file 'C:\Program Files\dotnet\sdk\8.0.400\Extensions\Microsoft.VisualStudio.TestPlatform.Extensions.Html.TestLogger.dll'
TpTrace Verbose: 0 : 16940, 1, 2024/10/17, 15:45:11.836, 7433860445334, vstest.console.dll, MetadataReaderExtensionsHelper: Discovering extensions inside assembly 'Microsoft.VisualStudio.TestPlatform.Extensions.Trx.TestLogger, Version=15.0.0.0, Culture=neutral, PublicKeyToken=b03f5f7f11d50a3a' file path 'C:\Program Files\dotnet\sdk\8.0.400\Extensions\Microsoft.VisualStudio.TestPlatform.Extensions.Trx.TestLogger.dll'
TpTrace Information: 0 : 16940, 1, 2024/10/17, 15:45:11.837, 7433860456522, vstest.console.dll, GetTestExtensionFromType: Register extension with identifier data 'logger://Microsoft/TestPlatform/TrxLogger/v1' and type 'Microsoft.VisualStudio.TestPlatform.Extensions.TrxLogger.TrxLogger, Microsoft.VisualStudio.TestPlatform.Extensions.Trx.TestLogger, Version=15.0.0.0, Culture=neutral, PublicKeyToken=b03f5f7f11d50a3a' inside file 'C:\Program Files\dotnet\sdk\8.0.400\Extensions\Microsoft.VisualStudio.TestPlatform.Extensions.Trx.TestLogger.dll'
TpTrace Verbose: 0 : 16940, 1, 2024/10/17, 15:45:11.837, 7433860457942, vstest.console.dll, TestPluginCache: Discovered the extensions using extension path ''.
TpTrace Verbose: 0 : 16940, 1, 2024/10/17, 15:45:11.837, 7433860458357, vstest.console.dll, TestPluginCache: Discoverers are ''.
TpTrace Verbose: 0 : 16940, 1, 2024/10/17, 15:45:11.837, 7433860458680, vstest.console.dll, TestPluginCache: Executors are ''.
TpTrace Verbose: 0 : 16940, 1, 2024/10/17, 15:45:11.837, 7433860458970, vstest.console.dll, TestPluginCache: Executors2 are ''.
TpTrace Verbose: 0 : 16940, 1, 2024/10/17, 15:45:11.837, 7433860459254, vstest.console.dll, TestPluginCache: Setting providers are ''.
TpTrace Verbose: 0 : 16940, 1, 2024/10/17, 15:45:11.837, 7433860460572, vstest.console.dll, TestPluginCache: Loggers are 'logger://Microsoft/TestPlatform/Extensions/Blame/v1,logger://Microsoft/TestPlatform/HtmlLogger/v1,logger://Microsoft/TestPlatform/TrxLogger/v1'.
TpTrace Verbose: 0 : 16940, 1, 2024/10/17, 15:45:11.837, 7433860461301, vstest.console.dll, TestPluginCache: TestHosts are 'HostProvider://DefaultTestHost,HostProvider://DotnetTestHost'.
TpTrace Verbose: 0 : 16940, 1, 2024/10/17, 15:45:11.837, 7433860461877, vstest.console.dll, TestPluginCache: DataCollectors are ''.
TpTrace Information: 0 : 16940, 1, 2024/10/17, 15:45:11.839, 7433860476543, vstest.console.dll, TestPluginManager.CreateTestExtension: Attempting to load test extension: Microsoft.TestPlatform.Extensions.BlameDataCollector.BlameLogger
TpTrace Verbose: 0 : 16940, 1, 2024/10/17, 15:45:11.858, 7433860669482, vstest.console.dll, TestEngine: Initializing Parallel Execution as MaxCpuCount is set to: 1
TpTrace Information: 0 : 16940, 1, 2024/10/17, 15:45:11.862, 7433860704036, vstest.console.dll, TestPluginManager.CreateTestExtension: Attempting to load test extension: Microsoft.VisualStudio.TestPlatform.CrossPlatEngine.Hosting.DefaultTestHostManager
TpTrace Information: 0 : 16940, 1, 2024/10/17, 15:45:11.863, 7433860720934, vstest.console.dll, TestPluginManager.CreateTestExtension: Attempting to load test extension: Microsoft.VisualStudio.TestPlatform.CrossPlatEngine.Hosting.DotnetTestHostManager
TpTrace Verbose: 0 : 16940, 1, 2024/10/17, 15:45:11.864, 7433860724437, vstest.console.dll, TestHostManagerCallbacks.ctor: Forwarding output is enabled.
TpTrace Information: 0 : 16940, 1, 2024/10/17, 15:45:11.864, 7433860728197, vstest.console.dll, InferRunSettingsHelper.IsTestSettingsEnabled: Unable to navigate to RunSettings/MSTest. Current node: RunSettings
TpTrace Verbose: 0 : 16940, 1, 2024/10/17, 15:45:11.865, 7433860735116, vstest.console.dll, ParallelOperationManager.ClearSlots: Clearing all slots. Slots should accept more work: True
TpTrace Verbose: 0 : 16940, 1, 2024/10/17, 15:45:11.865, 7433860740779, vstest.console.dll, ParallelOperationManager.SetOccupiedSlotCount: Setting slot counts AvailableSlotCount = 1, OccupiedSlotCount = 0.
TpTrace Verbose: 0 : 16940, 1, 2024/10/17, 15:45:11.866, 7433860743944, vstest.console.dll, Occupied slots:

TpTrace Verbose: 0 : 16940, 1, 2024/10/17, 15:45:11.868, 7433860772026, vstest.console.dll, TestEngine.GetExecutionManager: Chosen execution manager 'Microsoft.VisualStudio.TestPlatform.CrossPlatEngine.Client.Parallel.ParallelProxyExecutionManager, Microsoft.TestPlatform.CrossPlatEngine, Version=15.0.0.0, Culture=neutral, PublicKeyToken=b03f5f7f11d50a3a' ParallelLevel '1'.
TpTrace Verbose: 0 : 16940, 1, 2024/10/17, 15:45:11.869, 7433860774075, vstest.console.dll, TestPlatform.GetSkipDefaultAdapters: Not skipping default adapters SkipDefaultAdapters was false.
TpTrace Verbose: 0 : 16940, 1, 2024/10/17, 15:45:11.869, 7433860774768, vstest.console.dll, TestRunRequest.ExecuteAsync: Creating test run request.
TpTrace Verbose: 0 : 16940, 1, 2024/10/17, 15:45:11.869, 7433860778880, vstest.console.dll, TestRunRequest.ExecuteAsync: Starting.
TpTrace Information: 0 : 16940, 1, 2024/10/17, 15:45:11.870, 7433860787256, vstest.console.dll, TestRunRequest.ExecuteAsync: Starting run with settings:TestRunCriteria:
   KeepAlive=False,FrequencyOfRunStatsChangeEvent=10,RunStatsChangeEventTimeout=00:00:01.5000000,TestCaseFilter=,TestExecutorLauncher=
   Settingsxml=<RunSettings>
  <RunConfiguration>
    <ResultsDirectory>C:\Users\wilso\source\repos\ApiPedidos\Pedidos.Test\bin\Debug\net8.0\fine-code-coverage\coverage-tool-output</ResultsDirectory>
    <TargetPlatform>X64</TargetPlatform>
    <TargetFrameworkVersion>.NETCoreApp,Version=v8.0</TargetFrameworkVersion>
    <DesignMode>False</DesignMode>
    <CollectSourceInformation>False</CollectSourceInformation>
  </RunConfiguration>
  <LoggerRunSettings>
    <Loggers>
      <Logger friendlyName="blame" enabled="True" />
      <Logger friendlyName="Console" uri="logger://microsoft/TestPlatform/ConsoleLogger/v1" assemblyQualifiedName="Microsoft.VisualStudio.TestPlatform.CommandLine.Internal.ConsoleLogger, vstest.console, Version=15.0.0.0, Culture=neutral, PublicKeyToken=b03f5f7f11d50a3a" codeBase="C:\Program Files\dotnet\sdk\8.0.400\vstest.console.dll" enabled="True" />
    </Loggers>
  </LoggerRunSettings>
  <DataCollectionRunSettings>
    <DataCollectors>
      <DataCollector friendlyName="blame" enabled="True">
        <Configuration>
          <ResultsDirectory>C:\Users\wilso\source\repos\ApiPedidos\Pedidos.Test\bin\Debug\net8.0\fine-code-coverage\coverage-tool-output</ResultsDirectory>
        </Configuration>
      </DataCollector>
    </DataCollectors>
  </DataCollectionRunSettings>
</RunSettings>

TpTrace Verbose: 0 : 16940, 1, 2024/10/17, 15:45:11.870, 7433860787707, vstest.console.dll, TestRunRequest.ExecuteAsync: Wait for the first run request is over.
TpTrace Verbose: 0 : 16940, 1, 2024/10/17, 15:45:11.870, 7433860789939, vstest.console.dll, MulticastDelegateUtilities.SafeInvoke: TestRun.TestRunStart: Invoking callbacks was skipped because there are no subscribers.
TpTrace Verbose: 0 : 16940, 4, 2024/10/17, 15:45:11.870, 7433860792029, vstest.console.dll, MulticastDelegateUtilities.SafeInvoke: InternalTestLoggerEvents.SendTestRunStart: Invoking callback 1/1 for Microsoft.VisualStudio.TestPlatform.CommandLine.Internal.ConsoleLogger., took 0 ms.
TpTrace Verbose: 0 : 16940, 1, 2024/10/17, 15:45:11.871, 7433860797502, vstest.console.dll, ParallelProxyExecutionManager: Start execution. Total sources: 1
TpTrace Verbose: 0 : 16940, 1, 2024/10/17, 15:45:11.871, 7433860801518, vstest.console.dll, ParallelOperationManager.StartWork: Starting adding 1 workloads.
TpTrace Verbose: 0 : 16940, 1, 2024/10/17, 15:45:11.871, 7433860802241, vstest.console.dll, ParallelOperationManager.ClearSlots: Clearing all slots. Slots should accept more work: True
TpTrace Verbose: 0 : 16940, 1, 2024/10/17, 15:45:11.872, 7433860802853, vstest.console.dll, ParallelOperationManager.SetOccupiedSlotCount: Setting slot counts AvailableSlotCount = 1, OccupiedSlotCount = 0.
TpTrace Verbose: 0 : 16940, 1, 2024/10/17, 15:45:11.872, 7433860803141, vstest.console.dll, Occupied slots:

TpTrace Verbose: 0 : 16940, 1, 2024/10/17, 15:45:11.873, 7433860812661, vstest.console.dll, TestHostManagerCallbacks.ctor: Forwarding output is enabled.
TpTrace Verbose: 0 : 16940, 1, 2024/10/17, 15:45:11.873, 7433860814359, vstest.console.dll, TestRequestSender is acting as server.
TpTrace Verbose: 0 : 16940, 1, 2024/10/17, 15:45:11.874, 7433860828012, vstest.console.dll, ParallelOperationManager.RunWorkInParallel: Adding 1 workload to slot, remaining workloads 0.
TpTrace Verbose: 0 : 16940, 1, 2024/10/17, 15:45:11.874, 7433860828671, vstest.console.dll, ParallelOperationManager.SetOccupiedSlotCount: Setting slot counts AvailableSlotCount = 0, OccupiedSlotCount = 1.
TpTrace Verbose: 0 : 16940, 1, 2024/10/17, 15:45:11.874, 7433860829497, vstest.console.dll, Occupied slots:
0: C:\Users\wilso\source\repos\ApiPedidos\Pedidos.Test\bin\Debug\net8.0\fine-code-coverage\build-output\Pedidos.Test.dll
TpTrace Verbose: 0 : 16940, 1, 2024/10/17, 15:45:11.875, 7433860837481, vstest.console.dll, ParallelOperationManager.RunWorkInParallel: Started host in slot number 0 for work (source): C:\Users\wilso\source\repos\ApiPedidos\Pedidos.Test\bin\Debug\net8.0\fine-code-coverage\build-output\Pedidos.Test.dll.
TpTrace Verbose: 0 : 16940, 1, 2024/10/17, 15:45:11.876, 7433860846109, vstest.console.dll, ParallelOperationManager.RunWorkInParallel: We started 1 work items, which is the max parallel level. Won't start more work.
TpTrace Verbose: 0 : 16940, 1, 2024/10/17, 15:45:11.876, 7433860847125, vstest.console.dll, ParallelOperationManager.RunWorkInParallel: We started 1 work items in here, returning True.
TpTrace Information: 0 : 16940, 1, 2024/10/17, 15:45:11.876, 7433860847500, vstest.console.dll, TestRunRequest.ExecuteAsync: Started.
TpTrace Verbose: 0 : 16940, 5, 2024/10/17, 15:45:11.876, 7433860850001, vstest.console.dll, ParallelProxyExecutionManager.StartTestRunOnConcurrentManager: Initializing uninitialized client. Started clients: 0
TpTrace Verbose: 0 : 16940, 5, 2024/10/17, 15:45:11.876, 7433860852150, vstest.console.dll, DataCollectionRequestSender.InitializeCommunication : Initialize communication. 
TpTrace Verbose: 0 : 16940, 1, 2024/10/17, 15:45:11.877, 7433860853753, vstest.console.dll, TestRunRequest.WaitForCompletion: Waiting with timeout -1.
TpTrace Information: 0 : 16940, 5, 2024/10/17, 15:45:11.884, 7433860923126, vstest.console.dll, Listening on Endpoint : 127.0.0.1:55261
TpTrace Verbose: 0 : 16940, 5, 2024/10/17, 15:45:11.888, 7433860971872, vstest.console.dll, DotnetDataCollectionLauncher: Adding  --runtimeconfig "C:\Program Files\dotnet\sdk\8.0.400\datacollector.runtimeconfig.json" in args
TpTrace Verbose: 0 : 16940, 5, 2024/10/17, 15:45:11.889, 7433860975182, vstest.console.dll, DotnetDataCollectionLauncher: Adding  --depsfile "C:\Program Files\dotnet\sdk\8.0.400\datacollector.deps.json" in args
TpTrace Verbose: 0 : 16940, 5, 2024/10/17, 15:45:11.889, 7433860976557, vstest.console.dll, DotnetDataCollectionLauncher: Full path of dotnet.exe is C:\Program Files\dotnet\dotnet.exe
TpTrace Information: 0 : 16940, 5, 2024/10/17, 15:45:11.897, 7433861056665, vstest.console.dll, ProxyDataCollectionManager.Initialize: Launched datacollector processId: 4252 port: 55261
TpTrace Information: 0 : 16940, 5, 2024/10/17, 15:45:11.897, 7433861058391, vstest.console.dll, ProxyDataCollectionManager.Initialize: waiting for connection with timeout: 90 seconds
TpTrace Verbose: 0 : 16940, 5, 2024/10/17, 15:45:11.897, 7433861059382, vstest.console.dll, DataCollectionRequestSender.WaitForRequestHandlerConnection : Waiting for connection with timeout: 90000
TpTrace Information: 0 : 16940, 7, 2024/10/17, 15:45:12.037, 7433862453138, vstest.console.dll, Using the buffer size of 16384 bytes
TpTrace Verbose: 0 : 16940, 5, 2024/10/17, 15:45:12.037, 7433862453938, vstest.console.dll, SocketCommunicationManager.WaitForClientConnection took: 139 ms, with 90000 ms timeout, and finished with True.
TpTrace Information: 0 : 16940, 7, 2024/10/17, 15:45:12.037, 7433862454550, vstest.console.dll, Accepted Client request and set the flag
TpTrace Verbose: 0 : 16940, 5, 2024/10/17, 15:45:12.037, 7433862455820, vstest.console.dll, ProxyDataCollectionManager.InvokeDataCollectionServiceAction: Starting.
TpTrace Information: 0 : 16940, 5, 2024/10/17, 15:45:12.037, 7433862456637, vstest.console.dll, ProxyDataCollectionManager.BeforeTestRunStart: Get environment variable and port for datacollector processId: 4252 port: 55261
TpTrace Verbose: 0 : 16940, 5, 2024/10/17, 15:45:12.037, 7433862457605, vstest.console.dll, DataCollectionRequestSender.SendBeforeTestRunStartAndGetResult: Send BeforeTestRunStart message with settingsXml <RunSettings><RunConfiguration><ResultsDirectory>C:\Users\wilso\source\repos\ApiPedidos\Pedidos.Test\bin\Debug\net8.0\fine-code-coverage\coverage-tool-output</ResultsDirectory><TargetPlatform>X64</TargetPlatform><TargetFrameworkVersion>.NETCoreApp,Version=v8.0</TargetFrameworkVersion><DesignMode>False</DesignMode><CollectSourceInformation>False</CollectSourceInformation><TestAdaptersPaths>C:\Program Files\dotnet\sdk\8.0.400\Extensions</TestAdaptersPaths></RunConfiguration><LoggerRunSettings><Loggers><Logger friendlyName="blame" enabled="True" /><Logger friendlyName="Console" uri="logger://microsoft/TestPlatform/ConsoleLogger/v1" assemblyQualifiedName="Microsoft.VisualStudio.TestPlatform.CommandLine.Internal.ConsoleLogger, vstest.console, Version=15.0.0.0, Culture=neutral, PublicKeyToken=b03f5f7f11d50a3a" codeBase="C:\Program Files\dotnet\sdk\8.0.400\vstest.console.dll" enabled="True" /></Loggers></LoggerRunSettings><DataCollectionRunSettings><DataCollectors><DataCollector friendlyName="blame" enabled="True"><Configuration><ResultsDirectory>C:\Users\wilso\source\repos\ApiPedidos\Pedidos.Test\bin\Debug\net8.0\fine-code-coverage\coverage-tool-output</ResultsDirectory></Configuration></DataCollector></DataCollectors></DataCollectionRunSettings></RunSettings> and sources System.Collections.Generic.List`1[System.String]: 
TpTrace Verbose: 0 : 16940, 5, 2024/10/17, 15:45:12.082, 7433862908848, vstest.console.dll, DataCollectionRequestSender.SendBeforeTestRunStartAndGetResult: Received message: (DataCollection.SendMessage) -> {"MessageType":"DataCollection.SendMessage","Payload":{"FriendlyName":null,"Uri":null,"TestCaseId":"00000000-0000-0000-0000-000000000000","Message":"Logging DataCollector Diagnostics in file: C:\\Users\\wilso\\source\\repos\\ApiPedidos\\Pedidos.Test\\bin\\Debug\\net8.0\\fine-code-coverage\\coverage-tool-output\\diagnostics.datacollector.24-10-17_15-45-11_88843_5.log","Level":0}}
TpTrace Verbose: 0 : 16940, 5, 2024/10/17, 15:45:12.167, 7433863758533, vstest.console.dll, DataCollectionRequestSender.SendBeforeTestRunStartAndGetResult: Received message: (DataCollection.BeforeTestRunStartResult) -> {"MessageType":"DataCollection.BeforeTestRunStartResult","Payload":{"EnvironmentVariables":{},"DataCollectionEventsPort":55263}}
TpTrace Information: 0 : 16940, 5, 2024/10/17, 15:45:12.172, 7433863809197, vstest.console.dll, ProxyDataCollectionManager.BeforeTestRunStart: SendBeforeTestRunStartAndGetResult successful, env variable from datacollector:   and testhost port: 55263
TpTrace Information: 0 : 16940, 5, 2024/10/17, 15:45:12.172, 7433863810417, vstest.console.dll, ProxyDataCollectionManager.InvokeDataCollectionServiceAction: Completed.
TpTrace Verbose: 0 : 16940, 5, 2024/10/17, 15:45:12.172, 7433863810694, vstest.console.dll, ParallelProxyExecutionManager.StartTestRunOnConcurrentManager: Initializing test run. Started clients: 0
TpTrace Verbose: 0 : 16940, 5, 2024/10/17, 15:45:12.172, 7433863811508, vstest.console.dll, ProxyExecutionManager: Test host is always Lazy initialize.
TpTrace Verbose: 0 : 16940, 5, 2024/10/17, 15:45:12.173, 7433863813213, vstest.console.dll, TestRequestSender.InitializeCommunication: initialize communication. 
TpTrace Information: 0 : 16940, 5, 2024/10/17, 15:45:12.173, 7433863817708, vstest.console.dll, SocketServer.Start: Listening on endpoint : 127.0.0.1:55264
TpTrace Verbose: 0 : 16940, 5, 2024/10/17, 15:45:12.174, 7433863824240, vstest.console.dll, DotnetTestHostmanager.GetTestHostProcessStartInfo: Platform environment 'X64' target architecture 'X64' framework '.NETCoreApp,Version=v8.0' OS 'Windows'
TpTrace Verbose: 0 : 16940, 5, 2024/10/17, 15:45:12.174, 7433863826594, vstest.console.dll, DotnetTestHostmanager: Adding  --runtimeconfig "C:\Users\wilso\source\repos\ApiPedidos\Pedidos.Test\bin\Debug\net8.0\fine-code-coverage\build-output\Pedidos.Test.runtimeconfig.json" in args
TpTrace Verbose: 0 : 16940, 5, 2024/10/17, 15:45:12.174, 7433863827441, vstest.console.dll, DotnetTestHostmanager: Adding  --depsfile "C:\Users\wilso\source\repos\ApiPedidos\Pedidos.Test\bin\Debug\net8.0\fine-code-coverage\build-output\Pedidos.Test.deps.json" in args
TpTrace Verbose: 0 : 16940, 5, 2024/10/17, 15:45:12.174, 7433863829266, vstest.console.dll, DotnetTestHostmanager.IsWinOnArm: Current PROCESSOR_ARCHITECTURE from environment variable 'AMD64'
TpTrace Verbose: 0 : 16940, 5, 2024/10/17, 15:45:12.174, 7433863829948, vstest.console.dll, DotnetTestHostmanager.IsWinOnArm: Is Windows on ARM 'False'
TpTrace Verbose: 0 : 16940, 5, 2024/10/17, 15:45:12.174, 7433863830771, vstest.console.dll, DotnetTestHostManager: testhost.exe found at path: C:\Users\wilso\source\repos\ApiPedidos\Pedidos.Test\bin\Debug\net8.0\fine-code-coverage\build-output\testhost.exe
TpTrace Verbose: 0 : 16940, 5, 2024/10/17, 15:45:12.174, 7433863831040, vstest.console.dll, DotnetTestHostmanager: Full path of host exe is C:\Users\wilso\source\repos\ApiPedidos\Pedidos.Test\bin\Debug\net8.0\fine-code-coverage\build-output\testhost.exe
TpTrace Verbose: 0 : 16940, 5, 2024/10/17, 15:45:12.174, 7433863832050, vstest.console.dll, DotnetTestHostmanager.LaunchTestHostAsync: Found 'VSTEST_WINAPPHOST_DOTNET_ROOT' in env variables, value 'C:\Program Files\dotnet', forwarding to 'DOTNET_ROOT'
TpTrace Verbose: 0 : 16940, 5, 2024/10/17, 15:45:12.175, 7433863833163, vstest.console.dll, DotnetTestHostManager: Starting process 'C:\Users\wilso\source\repos\ApiPedidos\Pedidos.Test\bin\Debug\net8.0\fine-code-coverage\build-output\testhost.exe' with command line ' --runtimeconfig "C:\Users\wilso\source\repos\ApiPedidos\Pedidos.Test\bin\Debug\net8.0\fine-code-coverage\build-output\Pedidos.Test.runtimeconfig.json" --depsfile "C:\Users\wilso\source\repos\ApiPedidos\Pedidos.Test\bin\Debug\net8.0\fine-code-coverage\build-output\Pedidos.Test.deps.json" --port 55264 --endpoint 127.0.0.1:055264 --role client --parentprocessid 16940 --diag "C:\Users\wilso\source\repos\ApiPedidos\Pedidos.Test\bin\Debug\net8.0\fine-code-coverage\coverage-tool-output\diagnostics.host.24-10-17_15-45-12_17386_5.log" --tracelevel 4 --datacollectionport 55263 --telemetryoptedin false'
TpTrace Verbose: 0 : 16940, 5, 2024/10/17, 15:45:12.199, 7433864073476, vstest.console.dll, MulticastDelegateUtilities.SafeInvoke: HostProviderEvents.OnHostLaunched: Invoking callback 1/2 for Microsoft.VisualStudio.TestPlatform.CrossPlatEngine.Client.ProxyExecutionManagerWithDataCollection., took 1 ms.
TpTrace Verbose: 0 : 16940, 5, 2024/10/17, 15:45:12.199, 7433864077517, vstest.console.dll, Test Runtime launched
TpTrace Verbose: 0 : 16940, 5, 2024/10/17, 15:45:12.199, 7433864078146, vstest.console.dll, MulticastDelegateUtilities.SafeInvoke: HostProviderEvents.OnHostLaunched: Invoking callback 2/2 for Microsoft.VisualStudio.TestPlatform.CrossPlatEngine.Client.ProxyOperationManager., took 0 ms.
TpTrace Verbose: 0 : 16940, 5, 2024/10/17, 15:45:12.199, 7433864079557, vstest.console.dll, TestRequestSender.WaitForRequestHandlerConnection: waiting for connection with timeout: 90000.
TpTrace Verbose: 0 : 16940, 5, 2024/10/17, 15:45:12.422, 7433866310142, vstest.console.dll, TestRequestSender.WaitForRequestHandlerConnection: waiting took 223 ms, with timeout 90000 ms, and result 0, which is success.
TpTrace Verbose: 0 : 16940, 13, 2024/10/17, 15:45:12.422, 7433866310128, vstest.console.dll, MulticastDelegateUtilities.SafeInvoke: SocketServer: ClientConnected: Invoking callback 1/1 for Microsoft.VisualStudio.TestPlatform.CommunicationUtilities.TestRequestSender., took 0 ms.
TpTrace Verbose: 0 : 16940, 13, 2024/10/17, 15:45:12.423, 7433866313639, vstest.console.dll, SocketServer.OnClientConnected: Client connected for endPoint: 127.0.0.1:55264, starting MessageLoopAsync:
TpTrace Verbose: 0 : 16940, 5, 2024/10/17, 15:45:12.424, 7433866323019, vstest.console.dll, TestRequestSender.CheckVersionWithTestHost: Sending check version message: {"MessageType":"ProtocolVersion","Payload":7}
TpTrace Verbose: 0 : 16940, 14, 2024/10/17, 15:45:12.424, 7433866323013, vstest.console.dll, TcpClientExtensions.MessageLoopAsync: Polling on remoteEndPoint: 127.0.0.1:55266 localEndPoint: 127.0.0.1:55264 after 0 ms
TpTrace Verbose: 0 : 16940, 14, 2024/10/17, 15:45:12.528, 7433867371470, vstest.console.dll, TcpClientExtensions.MessageLoopAsync: NotifyDataAvailable remoteEndPoint: 127.0.0.1:55266 localEndPoint: 127.0.0.1:55264
TpTrace Verbose: 0 : 16940, 14, 2024/10/17, 15:45:12.529, 7433867374551, vstest.console.dll, TestRequestSender.CheckVersionWithTestHost: onMessageReceived received message: (ProtocolVersion) -> {"MessageType":"ProtocolVersion","Payload":7}
TpTrace Verbose: 0 : 16940, 14, 2024/10/17, 15:45:12.530, 7433867386369, vstest.console.dll, MulticastDelegateUtilities.SafeInvoke: LengthPrefixCommunicationChannel: MessageReceived: Invoking callback 1/1 for Microsoft.VisualStudio.TestPlatform.CommunicationUtilities.TestRequestSender+<>c__DisplayClass29_0., took 1 ms.
TpTrace Verbose: 0 : 16940, 14, 2024/10/17, 15:45:12.530, 7433867387565, vstest.console.dll, TcpClientExtensions.MessageLoopAsync: Polling on remoteEndPoint: 127.0.0.1:55266 localEndPoint: 127.0.0.1:55264 after 106 ms
TpTrace Verbose: 0 : 16940, 5, 2024/10/17, 15:45:12.530, 7433867388259, vstest.console.dll, TestPluginCache.GetExtensionPaths: Filtered extension paths: 
TpTrace Verbose: 0 : 16940, 5, 2024/10/17, 15:45:12.530, 7433867389062, vstest.console.dll, TestPluginCache.GetExtensionPaths: Added default extension paths: C:\Program Files\dotnet\sdk\8.0.400\Extensions\Microsoft.Diagnostics.NETCore.Client.dll
C:\Program Files\dotnet\sdk\8.0.400\Extensions\Microsoft.TestPlatform.Extensions.BlameDataCollector.dll
C:\Program Files\dotnet\sdk\8.0.400\Extensions\Microsoft.TestPlatform.Extensions.EventLogCollector.dll
C:\Program Files\dotnet\sdk\8.0.400\Extensions\Microsoft.TestPlatform.TestHostRuntimeProvider.dll
C:\Program Files\dotnet\sdk\8.0.400\Extensions\Microsoft.VisualStudio.TestPlatform.Extensions.Html.TestLogger.dll
C:\Program Files\dotnet\sdk\8.0.400\Extensions\Microsoft.VisualStudio.TestPlatform.Extensions.Trx.TestLogger.dll
TpTrace Verbose: 0 : 16940, 5, 2024/10/17, 15:45:12.530, 7433867389833, vstest.console.dll, TestPluginCache.GetExtensionPaths: Added unfilterableExtensionPaths: 
TpTrace Verbose: 0 : 16940, 5, 2024/10/17, 15:45:12.533, 7433867417154, vstest.console.dll, TestRequestSender.InitializeExecution: Sending initialize execution with message: {"Version":7,"MessageType":"TestExecution.Initialize","Payload":["C:\\Users\\wilso\\source\\repos\\ApiPedidos\\Pedidos.Test\\bin\\Debug\\net8.0\\fine-code-coverage\\build-output\\xunit.runner.visualstudio.dotnetcore.testadapter.dll"]}
TpTrace Verbose: 0 : 16940, 5, 2024/10/17, 15:45:12.533, 7433867419758, vstest.console.dll, ParallelProxyExecutionManager.StartTestRunOnConcurrentManager: Execution starting. Started clients: 1
TpTrace Verbose: 0 : 16940, 5, 2024/10/17, 15:45:12.535, 7433867434552, vstest.console.dll, TestRunRequest:SendTestRunMessage: Starting.
TpTrace Verbose: 0 : 16940, 5, 2024/10/17, 15:45:12.535, 7433867436687, vstest.console.dll, MulticastDelegateUtilities.SafeInvoke: TestRun.LogMessages: Invoking callback 1/1 for Microsoft.VisualStudio.TestPlatform.CommandLine.TestRunResultAggregator., took 0 ms.
TpTrace Information: 0 : 16940, 5, 2024/10/17, 15:45:12.535, 7433867437088, vstest.console.dll, TestRunRequest:SendTestRunMessage: Completed.
TpTrace Verbose: 0 : 16940, 4, 2024/10/17, 15:45:12.536, 7433867444495, vstest.console.dll, MulticastDelegateUtilities.SafeInvoke: InternalTestLoggerEvents.SendTestRunMessage: Invoking callback 1/1 for Microsoft.VisualStudio.TestPlatform.CommandLine.Internal.ConsoleLogger., took 0 ms.
TpTrace Warning: 0 : 16940, 5, 2024/10/17, 15:45:12.536, 7433867445632, vstest.console.dll, InferRunSettingsHelper.MakeRunsettingsCompatible: Removing the following settings: TargetPlatform from RunSettings file. To use those settings please move to latest version of Microsoft.NET.Test.Sdk
TpTrace Verbose: 0 : 16940, 14, 2024/10/17, 15:45:12.543, 7433867515727, vstest.console.dll, TcpClientExtensions.MessageLoopAsync: NotifyDataAvailable remoteEndPoint: 127.0.0.1:55266 localEndPoint: 127.0.0.1:55264
TpTrace Verbose: 0 : 16940, 14, 2024/10/17, 15:45:12.543, 7433867520319, vstest.console.dll, TestRequestSender.OnExecutionMessageReceived: Received message: {"Version":7,"MessageType":"TestSession.Message","Payload":{"MessageLevel":0,"Message":"Registro em log do diagnóstico TestHost no arquivo: C:\\Users\\wilso\\source\\repos\\ApiPedidos\\Pedidos.Test\\bin\\Debug\\net8.0\\fine-code-coverage\\coverage-tool-output\\diagnostics.host.24-10-17_15-45-12_17386_5.log"}}
TpTrace Verbose: 0 : 16940, 5, 2024/10/17, 15:45:12.544, 7433867526966, vstest.console.dll, TestRequestSender.StartTestRun: Sending test run with message: {"Version":7,"MessageType":"TestExecution.StartWithSources","Payload":{"AdapterSourceMap":{"_none_":["C:\\Users\\wilso\\source\\repos\\ApiPedidos\\Pedidos.Test\\bin\\Debug\\net8.0\\fine-code-coverage\\build-output\\Pedidos.Test.dll"]},"RunSettings":"<RunSettings>\r\n  <RunConfiguration>\r\n    <ResultsDirectory>C:\\Users\\wilso\\source\\repos\\ApiPedidos\\Pedidos.Test\\bin\\Debug\\net8.0\\fine-code-coverage\\coverage-tool-output</ResultsDirectory>\r\n    <TargetFrameworkVersion>.NETCoreApp,Version=v8.0</TargetFrameworkVersion>\r\n    <DesignMode>False</DesignMode>\r\n    <CollectSourceInformation>False</CollectSourceInformation>\r\n  </RunConfiguration>\r\n  <LoggerRunSettings>\r\n    <Loggers>\r\n      <Logger friendlyName=\"blame\" enabled=\"True\" />\r\n      <Logger friendlyName=\"Console\" uri=\"logger://microsoft/TestPlatform/ConsoleLogger/v1\" assemblyQualifiedName=\"Microsoft.VisualStudio.TestPlatform.CommandLine.Internal.ConsoleLogger, vstest.console, Version=15.0.0.0, Culture=neutral, PublicKeyToken=b03f5f7f11d50a3a\" codeBase=\"C:\\Program Files\\dotnet\\sdk\\8.0.400\\vstest.console.dll\" enabled=\"True\" />\r\n    </Loggers>\r\n  </LoggerRunSettings>\r\n  <DataCollectionRunSettings>\r\n    <DataCollectors>\r\n      <DataCollector friendlyName=\"blame\" enabled=\"True\">\r\n        <Configuration>\r\n          <ResultsDirectory>C:\\Users\\wilso\\source\\repos\\ApiPedidos\\Pedidos.Test\\bin\\Debug\\net8.0\\fine-code-coverage\\coverage-tool-output</ResultsDirectory>\r\n        </Configuration>\r\n      </DataCollector>\r\n    </DataCollectors>\r\n  </DataCollectionRunSettings>\r\n</RunSettings>","TestExecutionContext":{"FrequencyOfRunStatsChangeEvent":10,"RunStatsChangeEventTimeout":"00:00:01.5000000","InIsolation":false,"KeepAlive":false,"AreTestCaseLevelEventsRequired":false,"IsDebug":false,"TestCaseFilter":null,"FilterOptions":null},"Package":null}}
TpTrace Verbose: 0 : 16940, 5, 2024/10/17, 15:45:12.544, 7433867528625, vstest.console.dll, ParallelProxyExecutionManager.StartTestRunOnConcurrentManager: Execution started. Started clients: 1
TpTrace Verbose: 0 : 16940, 14, 2024/10/17, 15:45:12.546, 7433867550553, vstest.console.dll, TestRunRequest:SendTestRunMessage: Starting.
TpTrace Verbose: 0 : 16940, 14, 2024/10/17, 15:45:12.546, 7433867551870, vstest.console.dll, MulticastDelegateUtilities.SafeInvoke: TestRun.LogMessages: Invoking callback 1/1 for Microsoft.VisualStudio.TestPlatform.CommandLine.TestRunResultAggregator., took 0 ms.
TpTrace Information: 0 : 16940, 14, 2024/10/17, 15:45:12.546, 7433867552212, vstest.console.dll, TestRunRequest:SendTestRunMessage: Completed.
TpTrace Verbose: 0 : 16940, 14, 2024/10/17, 15:45:12.547, 7433867552520, vstest.console.dll, MulticastDelegateUtilities.SafeInvoke: LengthPrefixCommunicationChannel: MessageReceived: Invoking callback 1/1 for Microsoft.VisualStudio.TestPlatform.CommunicationUtilities.TestRequestSender+<>c__DisplayClass34_0., took 3 ms.
TpTrace Verbose: 0 : 16940, 14, 2024/10/17, 15:45:12.547, 7433867552789, vstest.console.dll, TcpClientExtensions.MessageLoopAsync: Polling on remoteEndPoint: 127.0.0.1:55266 localEndPoint: 127.0.0.1:55264 after 16 ms
TpTrace Verbose: 0 : 16940, 4, 2024/10/17, 15:45:12.547, 7433867552944, vstest.console.dll, MulticastDelegateUtilities.SafeInvoke: InternalTestLoggerEvents.SendTestRunMessage: Invoking callback 1/1 for Microsoft.VisualStudio.TestPlatform.CommandLine.Internal.ConsoleLogger., took 0 ms.
TpTrace Verbose: 0 : 16940, 14, 2024/10/17, 15:45:12.679, 7433868880861, vstest.console.dll, TcpClientExtensions.MessageLoopAsync: NotifyDataAvailable remoteEndPoint: 127.0.0.1:55266 localEndPoint: 127.0.0.1:55264
TpTrace Verbose: 0 : 16940, 14, 2024/10/17, 15:45:12.680, 7433868882480, vstest.console.dll, TestRequestSender.OnExecutionMessageReceived: Received message: {"Version":7,"MessageType":"TestSession.Message","Payload":{"MessageLevel":0,"Message":"[xUnit.net 00:00:00.00] xUnit.net VSTest Adapter v2.5.3.1+6b60a9e56a (64-bit .NET 8.0.8)"}}
TpTrace Verbose: 0 : 16940, 14, 2024/10/17, 15:45:12.680, 7433868884203, vstest.console.dll, TestRunRequest:SendTestRunMessage: Starting.
TpTrace Verbose: 0 : 16940, 14, 2024/10/17, 15:45:12.680, 7433868884778, vstest.console.dll, MulticastDelegateUtilities.SafeInvoke: TestRun.LogMessages: Invoking callback 1/1 for Microsoft.VisualStudio.TestPlatform.CommandLine.TestRunResultAggregator., took 0 ms.
TpTrace Information: 0 : 16940, 14, 2024/10/17, 15:45:12.680, 7433868885072, vstest.console.dll, TestRunRequest:SendTestRunMessage: Completed.
TpTrace Verbose: 0 : 16940, 14, 2024/10/17, 15:45:12.680, 7433868885298, vstest.console.dll, MulticastDelegateUtilities.SafeInvoke: LengthPrefixCommunicationChannel: MessageReceived: Invoking callback 1/1 for Microsoft.VisualStudio.TestPlatform.CommunicationUtilities.TestRequestSender+<>c__DisplayClass34_0., took 0 ms.
TpTrace Verbose: 0 : 16940, 14, 2024/10/17, 15:45:12.680, 7433868885577, vstest.console.dll, TcpClientExtensions.MessageLoopAsync: Polling on remoteEndPoint: 127.0.0.1:55266 localEndPoint: 127.0.0.1:55264 after 133 ms
TpTrace Verbose: 0 : 16940, 4, 2024/10/17, 15:45:12.680, 7433868886400, vstest.console.dll, MulticastDelegateUtilities.SafeInvoke: InternalTestLoggerEvents.SendTestRunMessage: Invoking callback 1/1 for Microsoft.VisualStudio.TestPlatform.CommandLine.Internal.ConsoleLogger., took 0 ms.
TpTrace Verbose: 0 : 16940, 14, 2024/10/17, 15:45:12.740, 7433869491933, vstest.console.dll, TcpClientExtensions.MessageLoopAsync: NotifyDataAvailable remoteEndPoint: 127.0.0.1:55266 localEndPoint: 127.0.0.1:55264
TpTrace Verbose: 0 : 16940, 14, 2024/10/17, 15:45:12.741, 7433869493882, vstest.console.dll, TestRequestSender.OnExecutionMessageReceived: Received message: {"Version":7,"MessageType":"TestSession.Message","Payload":{"MessageLevel":0,"Message":"[xUnit.net 00:00:00.06]   Discovering: Pedidos.Test"}}
TpTrace Verbose: 0 : 16940, 14, 2024/10/17, 15:45:12.741, 7433869495393, vstest.console.dll, TestRunRequest:SendTestRunMessage: Starting.
TpTrace Verbose: 0 : 16940, 14, 2024/10/17, 15:45:12.741, 7433869496535, vstest.console.dll, MulticastDelegateUtilities.SafeInvoke: TestRun.LogMessages: Invoking callback 1/1 for Microsoft.VisualStudio.TestPlatform.CommandLine.TestRunResultAggregator., took 0 ms.
TpTrace Information: 0 : 16940, 14, 2024/10/17, 15:45:12.741, 7433869497040, vstest.console.dll, TestRunRequest:SendTestRunMessage: Completed.
TpTrace Verbose: 0 : 16940, 14, 2024/10/17, 15:45:12.741, 7433869497586, vstest.console.dll, MulticastDelegateUtilities.SafeInvoke: LengthPrefixCommunicationChannel: MessageReceived: Invoking callback 1/1 for Microsoft.VisualStudio.TestPlatform.CommunicationUtilities.TestRequestSender+<>c__DisplayClass34_0., took 0 ms.
TpTrace Verbose: 0 : 16940, 14, 2024/10/17, 15:45:12.741, 7433869498134, vstest.console.dll, TcpClientExtensions.MessageLoopAsync: Polling on remoteEndPoint: 127.0.0.1:55266 localEndPoint: 127.0.0.1:55264 after 61 ms
TpTrace Verbose: 0 : 16940, 4, 2024/10/17, 15:45:12.741, 7433869498289, vstest.console.dll, MulticastDelegateUtilities.SafeInvoke: InternalTestLoggerEvents.SendTestRunMessage: Invoking callback 1/1 for Microsoft.VisualStudio.TestPlatform.CommandLine.Internal.ConsoleLogger., took 0 ms.
TpTrace Verbose: 0 : 16940, 14, 2024/10/17, 15:45:12.770, 7433869787922, vstest.console.dll, TcpClientExtensions.MessageLoopAsync: NotifyDataAvailable remoteEndPoint: 127.0.0.1:55266 localEndPoint: 127.0.0.1:55264
TpTrace Verbose: 0 : 16940, 14, 2024/10/17, 15:45:12.770, 7433869789765, vstest.console.dll, TestRequestSender.OnExecutionMessageReceived: Received message: {"Version":7,"MessageType":"TestSession.Message","Payload":{"MessageLevel":0,"Message":"[xUnit.net 00:00:00.09]   Discovered:  Pedidos.Test"}}
TpTrace Verbose: 0 : 16940, 14, 2024/10/17, 15:45:12.770, 7433869791035, vstest.console.dll, TestRunRequest:SendTestRunMessage: Starting.
TpTrace Verbose: 0 : 16940, 14, 2024/10/17, 15:45:12.770, 7433869791592, vstest.console.dll, MulticastDelegateUtilities.SafeInvoke: TestRun.LogMessages: Invoking callback 1/1 for Microsoft.VisualStudio.TestPlatform.CommandLine.TestRunResultAggregator., took 0 ms.
TpTrace Information: 0 : 16940, 14, 2024/10/17, 15:45:12.770, 7433869791802, vstest.console.dll, TestRunRequest:SendTestRunMessage: Completed.
TpTrace Verbose: 0 : 16940, 14, 2024/10/17, 15:45:12.770, 7433869792009, vstest.console.dll, MulticastDelegateUtilities.SafeInvoke: LengthPrefixCommunicationChannel: MessageReceived: Invoking callback 1/1 for Microsoft.VisualStudio.TestPlatform.CommunicationUtilities.TestRequestSender+<>c__DisplayClass34_0., took 0 ms.
TpTrace Verbose: 0 : 16940, 14, 2024/10/17, 15:45:12.770, 7433869792244, vstest.console.dll, TcpClientExtensions.MessageLoopAsync: Polling on remoteEndPoint: 127.0.0.1:55266 localEndPoint: 127.0.0.1:55264 after 29 ms
TpTrace Verbose: 0 : 16940, 4, 2024/10/17, 15:45:12.771, 7433869795938, vstest.console.dll, MulticastDelegateUtilities.SafeInvoke: InternalTestLoggerEvents.SendTestRunMessage: Invoking callback 1/1 for Microsoft.VisualStudio.TestPlatform.CommandLine.Internal.ConsoleLogger., took 0 ms.
TpTrace Verbose: 0 : 16940, 14, 2024/10/17, 15:45:12.773, 7433869815230, vstest.console.dll, TcpClientExtensions.MessageLoopAsync: NotifyDataAvailable remoteEndPoint: 127.0.0.1:55266 localEndPoint: 127.0.0.1:55264
TpTrace Verbose: 0 : 16940, 14, 2024/10/17, 15:45:12.773, 7433869816183, vstest.console.dll, TestRequestSender.OnExecutionMessageReceived: Received message: {"Version":7,"MessageType":"TestSession.Message","Payload":{"MessageLevel":0,"Message":"[xUnit.net 00:00:00.09]   Starting:    Pedidos.Test"}}
TpTrace Verbose: 0 : 16940, 14, 2024/10/17, 15:45:12.773, 7433869816985, vstest.console.dll, TestRunRequest:SendTestRunMessage: Starting.
TpTrace Verbose: 0 : 16940, 14, 2024/10/17, 15:45:12.773, 7433869817438, vstest.console.dll, MulticastDelegateUtilities.SafeInvoke: TestRun.LogMessages: Invoking callback 1/1 for Microsoft.VisualStudio.TestPlatform.CommandLine.TestRunResultAggregator., took 0 ms.
TpTrace Information: 0 : 16940, 14, 2024/10/17, 15:45:12.773, 7433869817747, vstest.console.dll, TestRunRequest:SendTestRunMessage: Completed.
TpTrace Verbose: 0 : 16940, 14, 2024/10/17, 15:45:12.773, 7433869817955, vstest.console.dll, MulticastDelegateUtilities.SafeInvoke: LengthPrefixCommunicationChannel: MessageReceived: Invoking callback 1/1 for Microsoft.VisualStudio.TestPlatform.CommunicationUtilities.TestRequestSender+<>c__DisplayClass34_0., took 0 ms.
TpTrace Verbose: 0 : 16940, 14, 2024/10/17, 15:45:12.773, 7433869818191, vstest.console.dll, TcpClientExtensions.MessageLoopAsync: Polling on remoteEndPoint: 127.0.0.1:55266 localEndPoint: 127.0.0.1:55264 after 2 ms
TpTrace Verbose: 0 : 16940, 4, 2024/10/17, 15:45:12.773, 7433869818187, vstest.console.dll, MulticastDelegateUtilities.SafeInvoke: InternalTestLoggerEvents.SendTestRunMessage: Invoking callback 1/1 for Microsoft.VisualStudio.TestPlatform.CommandLine.Internal.ConsoleLogger., took 0 ms.
TpTrace Verbose: 0 : 16940, 14, 2024/10/17, 15:45:12.850, 7433870590091, vstest.console.dll, TcpClientExtensions.MessageLoopAsync: NotifyDataAvailable remoteEndPoint: 127.0.0.1:55266 localEndPoint: 127.0.0.1:55264
TpTrace Verbose: 0 : 16940, 14, 2024/10/17, 15:45:12.850, 7433870592342, vstest.console.dll, TestRequestSender.OnExecutionMessageReceived: Received message: {"Version":7,"MessageType":"TestSession.Message","Payload":{"MessageLevel":2,"Message":"[xUnit.net 00:00:00.17]     Pedidos.Test.Service.EmbalagensServicesTests.SelecionarCaixas_DeveRetornarCaixaCorretaParaProduto [FAIL]"}}
TpTrace Verbose: 0 : 16940, 14, 2024/10/17, 15:45:12.851, 7433870596636, vstest.console.dll, TestRunRequest:SendTestRunMessage: Starting.
TpTrace Verbose: 0 : 16940, 14, 2024/10/17, 15:45:12.851, 7433870597577, vstest.console.dll, MulticastDelegateUtilities.SafeInvoke: TestRun.LogMessages: Invoking callback 1/1 for Microsoft.VisualStudio.TestPlatform.CommandLine.TestRunResultAggregator., took 0 ms.
TpTrace Information: 0 : 16940, 14, 2024/10/17, 15:45:12.851, 7433870597939, vstest.console.dll, TestRunRequest:SendTestRunMessage: Completed.
TpTrace Verbose: 0 : 16940, 14, 2024/10/17, 15:45:12.851, 7433870598170, vstest.console.dll, MulticastDelegateUtilities.SafeInvoke: LengthPrefixCommunicationChannel: MessageReceived: Invoking callback 1/1 for Microsoft.VisualStudio.TestPlatform.CommunicationUtilities.TestRequestSender+<>c__DisplayClass34_0., took 0 ms.
TpTrace Verbose: 0 : 16940, 14, 2024/10/17, 15:45:12.851, 7433870598469, vstest.console.dll, TcpClientExtensions.MessageLoopAsync: Polling on remoteEndPoint: 127.0.0.1:55266 localEndPoint: 127.0.0.1:55264 after 77 ms
TpTrace Verbose: 0 : 16940, 4, 2024/10/17, 15:45:12.851, 7433870600242, vstest.console.dll, MulticastDelegateUtilities.SafeInvoke: InternalTestLoggerEvents.SendTestRunMessage: Invoking callback 1/1 for Microsoft.VisualStudio.TestPlatform.CommandLine.Internal.ConsoleLogger., took 0 ms.
TpTrace Verbose: 0 : 16940, 14, 2024/10/17, 15:45:12.852, 7433870603794, vstest.console.dll, TcpClientExtensions.MessageLoopAsync: NotifyDataAvailable remoteEndPoint: 127.0.0.1:55266 localEndPoint: 127.0.0.1:55264
TpTrace Verbose: 0 : 16940, 14, 2024/10/17, 15:45:12.852, 7433870610551, vstest.console.dll, TestRequestSender.OnExecutionMessageReceived: Received message: {"Version":7,"MessageType":"TestSession.Message","Payload":{"MessageLevel":0,"Message":"[xUnit.net 00:00:00.17]       Assert.Equal() Failure: Values differ"}}
TpTrace Verbose: 0 : 16940, 14, 2024/10/17, 15:45:12.853, 7433870612541, vstest.console.dll, TestRunRequest:SendTestRunMessage: Starting.
TpTrace Verbose: 0 : 16940, 14, 2024/10/17, 15:45:12.853, 7433870613555, vstest.console.dll, MulticastDelegateUtilities.SafeInvoke: TestRun.LogMessages: Invoking callback 1/1 for Microsoft.VisualStudio.TestPlatform.CommandLine.TestRunResultAggregator., took 0 ms.
TpTrace Verbose: 0 : 16940, 4, 2024/10/17, 15:45:12.853, 7433870613772, vstest.console.dll, MulticastDelegateUtilities.SafeInvoke: InternalTestLoggerEvents.SendTestRunMessage: Invoking callback 1/1 for Microsoft.VisualStudio.TestPlatform.CommandLine.Internal.ConsoleLogger., took 0 ms.
TpTrace Information: 0 : 16940, 14, 2024/10/17, 15:45:12.853, 7433870615024, vstest.console.dll, TestRunRequest:SendTestRunMessage: Completed.
TpTrace Verbose: 0 : 16940, 14, 2024/10/17, 15:45:12.853, 7433870615533, vstest.console.dll, MulticastDelegateUtilities.SafeInvoke: LengthPrefixCommunicationChannel: MessageReceived: Invoking callback 1/1 for Microsoft.VisualStudio.TestPlatform.CommunicationUtilities.TestRequestSender+<>c__DisplayClass34_0., took 0 ms.
TpTrace Verbose: 0 : 16940, 14, 2024/10/17, 15:45:12.853, 7433870615814, vstest.console.dll, TcpClientExtensions.MessageLoopAsync: Polling on remoteEndPoint: 127.0.0.1:55266 localEndPoint: 127.0.0.1:55264 after 1 ms
TpTrace Verbose: 0 : 16940, 14, 2024/10/17, 15:45:12.853, 7433870617754, vstest.console.dll, TcpClientExtensions.MessageLoopAsync: NotifyDataAvailable remoteEndPoint: 127.0.0.1:55266 localEndPoint: 127.0.0.1:55264
TpTrace Verbose: 0 : 16940, 14, 2024/10/17, 15:45:12.853, 7433870618792, vstest.console.dll, TestRequestSender.OnExecutionMessageReceived: Received message: {"Version":7,"MessageType":"TestSession.Message","Payload":{"MessageLevel":0,"Message":"[xUnit.net 00:00:00.17]       Expected: 1"}}
TpTrace Verbose: 0 : 16940, 14, 2024/10/17, 15:45:12.853, 7433870620285, vstest.console.dll, TestRunRequest:SendTestRunMessage: Starting.
TpTrace Verbose: 0 : 16940, 14, 2024/10/17, 15:45:12.853, 7433870621152, vstest.console.dll, MulticastDelegateUtilities.SafeInvoke: TestRun.LogMessages: Invoking callback 1/1 for Microsoft.VisualStudio.TestPlatform.CommandLine.TestRunResultAggregator., took 0 ms.
TpTrace Information: 0 : 16940, 14, 2024/10/17, 15:45:12.853, 7433870621668, vstest.console.dll, TestRunRequest:SendTestRunMessage: Completed.
TpTrace Verbose: 0 : 16940, 4, 2024/10/17, 15:45:12.853, 7433870621820, vstest.console.dll, MulticastDelegateUtilities.SafeInvoke: InternalTestLoggerEvents.SendTestRunMessage: Invoking callback 1/1 for Microsoft.VisualStudio.TestPlatform.CommandLine.Internal.ConsoleLogger., took 0 ms.
TpTrace Verbose: 0 : 16940, 14, 2024/10/17, 15:45:12.854, 7433870622366, vstest.console.dll, MulticastDelegateUtilities.SafeInvoke: LengthPrefixCommunicationChannel: MessageReceived: Invoking callback 1/1 for Microsoft.VisualStudio.TestPlatform.CommunicationUtilities.TestRequestSender+<>c__DisplayClass34_0., took 0 ms.
TpTrace Verbose: 0 : 16940, 14, 2024/10/17, 15:45:12.854, 7433870624260, vstest.console.dll, TcpClientExtensions.MessageLoopAsync: Polling on remoteEndPoint: 127.0.0.1:55266 localEndPoint: 127.0.0.1:55264 after 0 ms
TpTrace Verbose: 0 : 16940, 14, 2024/10/17, 15:45:12.854, 7433870624952, vstest.console.dll, TcpClientExtensions.MessageLoopAsync: NotifyDataAvailable remoteEndPoint: 127.0.0.1:55266 localEndPoint: 127.0.0.1:55264
TpTrace Verbose: 0 : 16940, 14, 2024/10/17, 15:45:12.854, 7433870626130, vstest.console.dll, TestRequestSender.OnExecutionMessageReceived: Received message: {"Version":7,"MessageType":"TestSession.Message","Payload":{"MessageLevel":0,"Message":"[xUnit.net 00:00:00.17]       Actual:   2"}}
TpTrace Verbose: 0 : 16940, 14, 2024/10/17, 15:45:12.854, 7433870627378, vstest.console.dll, TestRunRequest:SendTestRunMessage: Starting.
TpTrace Verbose: 0 : 16940, 14, 2024/10/17, 15:45:12.854, 7433870628626, vstest.console.dll, MulticastDelegateUtilities.SafeInvoke: TestRun.LogMessages: Invoking callback 1/1 for Microsoft.VisualStudio.TestPlatform.CommandLine.TestRunResultAggregator., took 0 ms.
TpTrace Information: 0 : 16940, 14, 2024/10/17, 15:45:12.854, 7433870629024, vstest.console.dll, TestRunRequest:SendTestRunMessage: Completed.
TpTrace Verbose: 0 : 16940, 14, 2024/10/17, 15:45:12.854, 7433870629262, vstest.console.dll, MulticastDelegateUtilities.SafeInvoke: LengthPrefixCommunicationChannel: MessageReceived: Invoking callback 1/1 for Microsoft.VisualStudio.TestPlatform.CommunicationUtilities.TestRequestSender+<>c__DisplayClass34_0., took 0 ms.
TpTrace Verbose: 0 : 16940, 4, 2024/10/17, 15:45:12.854, 7433870629243, vstest.console.dll, MulticastDelegateUtilities.SafeInvoke: InternalTestLoggerEvents.SendTestRunMessage: Invoking callback 1/1 for Microsoft.VisualStudio.TestPlatform.CommandLine.Internal.ConsoleLogger., took 0 ms.
TpTrace Verbose: 0 : 16940, 14, 2024/10/17, 15:45:12.854, 7433870629650, vstest.console.dll, TcpClientExtensions.MessageLoopAsync: Polling on remoteEndPoint: 127.0.0.1:55266 localEndPoint: 127.0.0.1:55264 after 0 ms
TpTrace Verbose: 0 : 16940, 14, 2024/10/17, 15:45:12.854, 7433870631693, vstest.console.dll, TcpClientExtensions.MessageLoopAsync: NotifyDataAvailable remoteEndPoint: 127.0.0.1:55266 localEndPoint: 127.0.0.1:55264
TpTrace Verbose: 0 : 16940, 14, 2024/10/17, 15:45:12.855, 7433870632623, vstest.console.dll, TestRequestSender.OnExecutionMessageReceived: Received message: {"Version":7,"MessageType":"TestSession.Message","Payload":{"MessageLevel":0,"Message":"[xUnit.net 00:00:00.17]       Stack Trace:"}}
TpTrace Verbose: 0 : 16940, 14, 2024/10/17, 15:45:12.855, 7433870633927, vstest.console.dll, TestRunRequest:SendTestRunMessage: Starting.
TpTrace Verbose: 0 : 16940, 14, 2024/10/17, 15:45:12.855, 7433870634847, vstest.console.dll, MulticastDelegateUtilities.SafeInvoke: TestRun.LogMessages: Invoking callback 1/1 for Microsoft.VisualStudio.TestPlatform.CommandLine.TestRunResultAggregator., took 0 ms.
TpTrace Information: 0 : 16940, 14, 2024/10/17, 15:45:12.855, 7433870635364, vstest.console.dll, TestRunRequest:SendTestRunMessage: Completed.
TpTrace Verbose: 0 : 16940, 4, 2024/10/17, 15:45:12.855, 7433870635418, vstest.console.dll, MulticastDelegateUtilities.SafeInvoke: InternalTestLoggerEvents.SendTestRunMessage: Invoking callback 1/1 for Microsoft.VisualStudio.TestPlatform.CommandLine.Internal.ConsoleLogger., took 0 ms.
TpTrace Verbose: 0 : 16940, 14, 2024/10/17, 15:45:12.855, 7433870635964, vstest.console.dll, MulticastDelegateUtilities.SafeInvoke: LengthPrefixCommunicationChannel: MessageReceived: Invoking callback 1/1 for Microsoft.VisualStudio.TestPlatform.CommunicationUtilities.TestRequestSender+<>c__DisplayClass34_0., took 0 ms.
TpTrace Verbose: 0 : 16940, 14, 2024/10/17, 15:45:12.855, 7433870637843, vstest.console.dll, TcpClientExtensions.MessageLoopAsync: Polling on remoteEndPoint: 127.0.0.1:55266 localEndPoint: 127.0.0.1:55264 after 0 ms
TpTrace Verbose: 0 : 16940, 14, 2024/10/17, 15:45:12.855, 7433870638650, vstest.console.dll, TcpClientExtensions.MessageLoopAsync: NotifyDataAvailable remoteEndPoint: 127.0.0.1:55266 localEndPoint: 127.0.0.1:55264
TpTrace Verbose: 0 : 16940, 14, 2024/10/17, 15:45:12.855, 7433870639615, vstest.console.dll, TestRequestSender.OnExecutionMessageReceived: Received message: {"Version":7,"MessageType":"TestSession.Message","Payload":{"MessageLevel":0,"Message":"[xUnit.net 00:00:00.17]         C:\\Users\\wilso\\source\\repos\\ApiPedidos\\Pedidos.Test\\Service\\EmbalagensServicesTests.cs(51,0): at Pedidos.Test.Service.EmbalagensServicesTests.SelecionarCaixas_DeveRetornarCaixaCorretaParaProduto()"}}
TpTrace Verbose: 0 : 16940, 14, 2024/10/17, 15:45:12.855, 7433870640979, vstest.console.dll, TestRunRequest:SendTestRunMessage: Starting.
TpTrace Verbose: 0 : 16940, 14, 2024/10/17, 15:45:12.855, 7433870641969, vstest.console.dll, MulticastDelegateUtilities.SafeInvoke: TestRun.LogMessages: Invoking callback 1/1 for Microsoft.VisualStudio.TestPlatform.CommandLine.TestRunResultAggregator., took 0 ms.
TpTrace Verbose: 0 : 16940, 4, 2024/10/17, 15:45:12.856, 7433870642545, vstest.console.dll, MulticastDelegateUtilities.SafeInvoke: InternalTestLoggerEvents.SendTestRunMessage: Invoking callback 1/1 for Microsoft.VisualStudio.TestPlatform.CommandLine.Internal.ConsoleLogger., took 0 ms.
TpTrace Information: 0 : 16940, 14, 2024/10/17, 15:45:12.856, 7433870642691, vstest.console.dll, TestRunRequest:SendTestRunMessage: Completed.
TpTrace Verbose: 0 : 16940, 14, 2024/10/17, 15:45:12.856, 7433870645306, vstest.console.dll, MulticastDelegateUtilities.SafeInvoke: LengthPrefixCommunicationChannel: MessageReceived: Invoking callback 1/1 for Microsoft.VisualStudio.TestPlatform.CommunicationUtilities.TestRequestSender+<>c__DisplayClass34_0., took 0 ms.
TpTrace Verbose: 0 : 16940, 14, 2024/10/17, 15:45:12.856, 7433870645942, vstest.console.dll, TcpClientExtensions.MessageLoopAsync: Polling on remoteEndPoint: 127.0.0.1:55266 localEndPoint: 127.0.0.1:55264 after 0 ms
TpTrace Verbose: 0 : 16940, 14, 2024/10/17, 15:45:12.856, 7433870646600, vstest.console.dll, TcpClientExtensions.MessageLoopAsync: NotifyDataAvailable remoteEndPoint: 127.0.0.1:55266 localEndPoint: 127.0.0.1:55264
TpTrace Verbose: 0 : 16940, 14, 2024/10/17, 15:45:12.856, 7433870647807, vstest.console.dll, TestRequestSender.OnExecutionMessageReceived: Received message: {"Version":7,"MessageType":"TestSession.Message","Payload":{"MessageLevel":0,"Message":"[xUnit.net 00:00:00.17]            at System.RuntimeMethodHandle.InvokeMethod(Object target, Void** arguments, Signature sig, Boolean isConstructor)"}}
TpTrace Verbose: 0 : 16940, 14, 2024/10/17, 15:45:12.856, 7433870648916, vstest.console.dll, TestRunRequest:SendTestRunMessage: Starting.
TpTrace Verbose: 0 : 16940, 14, 2024/10/17, 15:45:12.856, 7433870650198, vstest.console.dll, MulticastDelegateUtilities.SafeInvoke: TestRun.LogMessages: Invoking callback 1/1 for Microsoft.VisualStudio.TestPlatform.CommandLine.TestRunResultAggregator., took 0 ms.
TpTrace Information: 0 : 16940, 14, 2024/10/17, 15:45:12.856, 7433870650550, vstest.console.dll, TestRunRequest:SendTestRunMessage: Completed.
TpTrace Verbose: 0 : 16940, 14, 2024/10/17, 15:45:12.856, 7433870650773, vstest.console.dll, MulticastDelegateUtilities.SafeInvoke: LengthPrefixCommunicationChannel: MessageReceived: Invoking callback 1/1 for Microsoft.VisualStudio.TestPlatform.CommunicationUtilities.TestRequestSender+<>c__DisplayClass34_0., took 0 ms.
TpTrace Verbose: 0 : 16940, 4, 2024/10/17, 15:45:12.856, 7433870650886, vstest.console.dll, MulticastDelegateUtilities.SafeInvoke: InternalTestLoggerEvents.SendTestRunMessage: Invoking callback 1/1 for Microsoft.VisualStudio.TestPlatform.CommandLine.Internal.ConsoleLogger., took 0 ms.
TpTrace Verbose: 0 : 16940, 14, 2024/10/17, 15:45:12.856, 7433870651010, vstest.console.dll, TcpClientExtensions.MessageLoopAsync: Polling on remoteEndPoint: 127.0.0.1:55266 localEndPoint: 127.0.0.1:55264 after 0 ms
TpTrace Verbose: 0 : 16940, 14, 2024/10/17, 15:45:12.857, 7433870653039, vstest.console.dll, TcpClientExtensions.MessageLoopAsync: NotifyDataAvailable remoteEndPoint: 127.0.0.1:55266 localEndPoint: 127.0.0.1:55264
TpTrace Verbose: 0 : 16940, 14, 2024/10/17, 15:45:12.857, 7433870654127, vstest.console.dll, TestRequestSender.OnExecutionMessageReceived: Received message: {"Version":7,"MessageType":"TestSession.Message","Payload":{"MessageLevel":0,"Message":"[xUnit.net 00:00:00.17]            at System.Reflection.MethodBaseInvoker.InvokeWithNoArgs(Object obj, BindingFlags invokeAttr)"}}
TpTrace Verbose: 0 : 16940, 14, 2024/10/17, 15:45:12.857, 7433870655442, vstest.console.dll, TestRunRequest:SendTestRunMessage: Starting.
TpTrace Verbose: 0 : 16940, 14, 2024/10/17, 15:45:12.857, 7433870656351, vstest.console.dll, MulticastDelegateUtilities.SafeInvoke: TestRun.LogMessages: Invoking callback 1/1 for Microsoft.VisualStudio.TestPlatform.CommandLine.TestRunResultAggregator., took 0 ms.
TpTrace Verbose: 0 : 16940, 4, 2024/10/17, 15:45:12.857, 7433870656970, vstest.console.dll, MulticastDelegateUtilities.SafeInvoke: InternalTestLoggerEvents.SendTestRunMessage: Invoking callback 1/1 for Microsoft.VisualStudio.TestPlatform.CommandLine.Internal.ConsoleLogger., took 0 ms.
TpTrace Information: 0 : 16940, 14, 2024/10/17, 15:45:12.857, 7433870657080, vstest.console.dll, TestRunRequest:SendTestRunMessage: Completed.
TpTrace Verbose: 0 : 16940, 14, 2024/10/17, 15:45:12.857, 7433870658475, vstest.console.dll, MulticastDelegateUtilities.SafeInvoke: LengthPrefixCommunicationChannel: MessageReceived: Invoking callback 1/1 for Microsoft.VisualStudio.TestPlatform.CommunicationUtilities.TestRequestSender+<>c__DisplayClass34_0., took 0 ms.
TpTrace Verbose: 0 : 16940, 14, 2024/10/17, 15:45:12.857, 7433870658772, vstest.console.dll, TcpClientExtensions.MessageLoopAsync: Polling on remoteEndPoint: 127.0.0.1:55266 localEndPoint: 127.0.0.1:55264 after 0 ms
TpTrace Verbose: 0 : 16940, 14, 2024/10/17, 15:45:12.871, 7433870793129, vstest.console.dll, TcpClientExtensions.MessageLoopAsync: NotifyDataAvailable remoteEndPoint: 127.0.0.1:55266 localEndPoint: 127.0.0.1:55264
TpTrace Verbose: 0 : 16940, 14, 2024/10/17, 15:45:12.871, 7433870801334, vstest.console.dll, TestRequestSender.OnExecutionMessageReceived: Received message: {"Version":7,"MessageType":"TestSession.Message","Payload":{"MessageLevel":2,"Message":"[xUnit.net 00:00:00.19]     Pedidos.Test.Application.PedidosControllerTests.ProcessarPedidos_DeveRetornarBadRequestQuandoPedidosForemNulos [FAIL]"}}
TpTrace Verbose: 0 : 16940, 14, 2024/10/17, 15:45:12.872, 7433870806128, vstest.console.dll, TestRunRequest:SendTestRunMessage: Starting.
TpTrace Verbose: 0 : 16940, 14, 2024/10/17, 15:45:12.872, 7433870807055, vstest.console.dll, MulticastDelegateUtilities.SafeInvoke: TestRun.LogMessages: Invoking callback 1/1 for Microsoft.VisualStudio.TestPlatform.CommandLine.TestRunResultAggregator., took 0 ms.
TpTrace Information: 0 : 16940, 14, 2024/10/17, 15:45:12.872, 7433870807401, vstest.console.dll, TestRunRequest:SendTestRunMessage: Completed.
TpTrace Verbose: 0 : 16940, 14, 2024/10/17, 15:45:12.872, 7433870807640, vstest.console.dll, MulticastDelegateUtilities.SafeInvoke: LengthPrefixCommunicationChannel: MessageReceived: Invoking callback 1/1 for Microsoft.VisualStudio.TestPlatform.CommunicationUtilities.TestRequestSender+<>c__DisplayClass34_0., took 0 ms.
TpTrace Verbose: 0 : 16940, 4, 2024/10/17, 15:45:12.872, 7433870808356, vstest.console.dll, MulticastDelegateUtilities.SafeInvoke: InternalTestLoggerEvents.SendTestRunMessage: Invoking callback 1/1 for Microsoft.VisualStudio.TestPlatform.CommandLine.Internal.ConsoleLogger., took 0 ms.
TpTrace Verbose: 0 : 16940, 14, 2024/10/17, 15:45:12.872, 7433870812044, vstest.console.dll, TcpClientExtensions.MessageLoopAsync: Polling on remoteEndPoint: 127.0.0.1:55266 localEndPoint: 127.0.0.1:55264 after 15 ms
TpTrace Verbose: 0 : 16940, 14, 2024/10/17, 15:45:12.873, 7433870814466, vstest.console.dll, TcpClientExtensions.MessageLoopAsync: NotifyDataAvailable remoteEndPoint: 127.0.0.1:55266 localEndPoint: 127.0.0.1:55264
TpTrace Verbose: 0 : 16940, 14, 2024/10/17, 15:45:12.873, 7433870815652, vstest.console.dll, TestRequestSender.OnExecutionMessageReceived: Received message: {"Version":7,"MessageType":"TestSession.Message","Payload":{"MessageLevel":0,"Message":"[xUnit.net 00:00:00.19]       Assert.IsType() Failure: Value is not the exact type"}}
TpTrace Verbose: 0 : 16940, 14, 2024/10/17, 15:45:12.873, 7433870817766, vstest.console.dll, TestRunRequest:SendTestRunMessage: Starting.
TpTrace Verbose: 0 : 16940, 14, 2024/10/17, 15:45:12.873, 7433870818865, vstest.console.dll, MulticastDelegateUtilities.SafeInvoke: TestRun.LogMessages: Invoking callback 1/1 for Microsoft.VisualStudio.TestPlatform.CommandLine.TestRunResultAggregator., took 0 ms.
TpTrace Information: 0 : 16940, 14, 2024/10/17, 15:45:12.873, 7433870819639, vstest.console.dll, TestRunRequest:SendTestRunMessage: Completed.
TpTrace Verbose: 0 : 16940, 14, 2024/10/17, 15:45:12.873, 7433870820278, vstest.console.dll, MulticastDelegateUtilities.SafeInvoke: LengthPrefixCommunicationChannel: MessageReceived: Invoking callback 1/1 for Microsoft.VisualStudio.TestPlatform.CommunicationUtilities.TestRequestSender+<>c__DisplayClass34_0., took 0 ms.
TpTrace Verbose: 0 : 16940, 14, 2024/10/17, 15:45:12.873, 7433870820846, vstest.console.dll, TcpClientExtensions.MessageLoopAsync: Polling on remoteEndPoint: 127.0.0.1:55266 localEndPoint: 127.0.0.1:55264 after 0 ms
TpTrace Verbose: 0 : 16940, 14, 2024/10/17, 15:45:12.873, 7433870821525, vstest.console.dll, TcpClientExtensions.MessageLoopAsync: NotifyDataAvailable remoteEndPoint: 127.0.0.1:55266 localEndPoint: 127.0.0.1:55264
TpTrace Verbose: 0 : 16940, 14, 2024/10/17, 15:45:12.874, 7433870822457, vstest.console.dll, TestRequestSender.OnExecutionMessageReceived: Received message: {"Version":7,"MessageType":"TestSession.Message","Payload":{"MessageLevel":0,"Message":"[xUnit.net 00:00:00.19]       Expected: typeof(Microsoft.AspNetCore.Mvc.BadRequestResult)"}}
TpTrace Verbose: 0 : 16940, 4, 2024/10/17, 15:45:12.874, 7433870823597, vstest.console.dll, MulticastDelegateUtilities.SafeInvoke: InternalTestLoggerEvents.SendTestRunMessage: Invoking callback 1/1 for Microsoft.VisualStudio.TestPlatform.CommandLine.Internal.ConsoleLogger., took 0 ms.
TpTrace Verbose: 0 : 16940, 14, 2024/10/17, 15:45:12.874, 7433870823960, vstest.console.dll, TestRunRequest:SendTestRunMessage: Starting.
TpTrace Verbose: 0 : 16940, 14, 2024/10/17, 15:45:12.874, 7433870826583, vstest.console.dll, MulticastDelegateUtilities.SafeInvoke: TestRun.LogMessages: Invoking callback 1/1 for Microsoft.VisualStudio.TestPlatform.CommandLine.TestRunResultAggregator., took 0 ms.
TpTrace Information: 0 : 16940, 14, 2024/10/17, 15:45:12.874, 7433870827032, vstest.console.dll, TestRunRequest:SendTestRunMessage: Completed.
TpTrace Verbose: 0 : 16940, 14, 2024/10/17, 15:45:12.874, 7433870827313, vstest.console.dll, MulticastDelegateUtilities.SafeInvoke: LengthPrefixCommunicationChannel: MessageReceived: Invoking callback 1/1 for Microsoft.VisualStudio.TestPlatform.CommunicationUtilities.TestRequestSender+<>c__DisplayClass34_0., took 0 ms.
TpTrace Verbose: 0 : 16940, 4, 2024/10/17, 15:45:12.874, 7433870827369, vstest.console.dll, MulticastDelegateUtilities.SafeInvoke: InternalTestLoggerEvents.SendTestRunMessage: Invoking callback 1/1 for Microsoft.VisualStudio.TestPlatform.CommandLine.Internal.ConsoleLogger., took 0 ms.
TpTrace Verbose: 0 : 16940, 14, 2024/10/17, 15:45:12.874, 7433870827583, vstest.console.dll, TcpClientExtensions.MessageLoopAsync: Polling on remoteEndPoint: 127.0.0.1:55266 localEndPoint: 127.0.0.1:55264 after 0 ms
TpTrace Verbose: 0 : 16940, 14, 2024/10/17, 15:45:12.874, 7433870829497, vstest.console.dll, TcpClientExtensions.MessageLoopAsync: NotifyDataAvailable remoteEndPoint: 127.0.0.1:55266 localEndPoint: 127.0.0.1:55264
TpTrace Verbose: 0 : 16940, 14, 2024/10/17, 15:45:12.874, 7433870830720, vstest.console.dll, TestRequestSender.OnExecutionMessageReceived: Received message: {"Version":7,"MessageType":"TestSession.Message","Payload":{"MessageLevel":0,"Message":"[xUnit.net 00:00:00.19]       Actual:   typeof(Microsoft.AspNetCore.Mvc.OkObjectResult)"}}
TpTrace Verbose: 0 : 16940, 14, 2024/10/17, 15:45:12.875, 7433870832875, vstest.console.dll, TestRunRequest:SendTestRunMessage: Starting.
TpTrace Verbose: 0 : 16940, 14, 2024/10/17, 15:45:12.875, 7433870834097, vstest.console.dll, MulticastDelegateUtilities.SafeInvoke: TestRun.LogMessages: Invoking callback 1/1 for Microsoft.VisualStudio.TestPlatform.CommandLine.TestRunResultAggregator., took 0 ms.
TpTrace Information: 0 : 16940, 14, 2024/10/17, 15:45:12.875, 7433870834430, vstest.console.dll, TestRunRequest:SendTestRunMessage: Completed.
TpTrace Verbose: 0 : 16940, 14, 2024/10/17, 15:45:12.875, 7433870834727, vstest.console.dll, MulticastDelegateUtilities.SafeInvoke: LengthPrefixCommunicationChannel: MessageReceived: Invoking callback 1/1 for Microsoft.VisualStudio.TestPlatform.CommunicationUtilities.TestRequestSender+<>c__DisplayClass34_0., took 0 ms.
TpTrace Verbose: 0 : 16940, 4, 2024/10/17, 15:45:12.875, 7433870834849, vstest.console.dll, MulticastDelegateUtilities.SafeInvoke: InternalTestLoggerEvents.SendTestRunMessage: Invoking callback 1/1 for Microsoft.VisualStudio.TestPlatform.CommandLine.Internal.ConsoleLogger., took 0 ms.
TpTrace Verbose: 0 : 16940, 14, 2024/10/17, 15:45:12.875, 7433870834990, vstest.console.dll, TcpClientExtensions.MessageLoopAsync: Polling on remoteEndPoint: 127.0.0.1:55266 localEndPoint: 127.0.0.1:55264 after 0 ms
TpTrace Verbose: 0 : 16940, 14, 2024/10/17, 15:45:12.875, 7433870837196, vstest.console.dll, TcpClientExtensions.MessageLoopAsync: NotifyDataAvailable remoteEndPoint: 127.0.0.1:55266 localEndPoint: 127.0.0.1:55264
TpTrace Verbose: 0 : 16940, 14, 2024/10/17, 15:45:12.875, 7433870838271, vstest.console.dll, TestRequestSender.OnExecutionMessageReceived: Received message: {"Version":7,"MessageType":"TestSession.Message","Payload":{"MessageLevel":0,"Message":"[xUnit.net 00:00:00.19]       Stack Trace:"}}
TpTrace Verbose: 0 : 16940, 14, 2024/10/17, 15:45:12.875, 7433870839574, vstest.console.dll, TestRunRequest:SendTestRunMessage: Starting.
TpTrace Verbose: 0 : 16940, 14, 2024/10/17, 15:45:12.875, 7433870840360, vstest.console.dll, MulticastDelegateUtilities.SafeInvoke: TestRun.LogMessages: Invoking callback 1/1 for Microsoft.VisualStudio.TestPlatform.CommandLine.TestRunResultAggregator., took 0 ms.
TpTrace Verbose: 0 : 16940, 4, 2024/10/17, 15:45:12.875, 7433870840887, vstest.console.dll, MulticastDelegateUtilities.SafeInvoke: InternalTestLoggerEvents.SendTestRunMessage: Invoking callback 1/1 for Microsoft.VisualStudio.TestPlatform.CommandLine.Internal.ConsoleLogger., took 0 ms.
TpTrace Information: 0 : 16940, 14, 2024/10/17, 15:45:12.876, 7433870843164, vstest.console.dll, TestRunRequest:SendTestRunMessage: Completed.
TpTrace Verbose: 0 : 16940, 14, 2024/10/17, 15:45:12.876, 7433870843670, vstest.console.dll, MulticastDelegateUtilities.SafeInvoke: LengthPrefixCommunicationChannel: MessageReceived: Invoking callback 1/1 for Microsoft.VisualStudio.TestPlatform.CommunicationUtilities.TestRequestSender+<>c__DisplayClass34_0., took 0 ms.
TpTrace Verbose: 0 : 16940, 14, 2024/10/17, 15:45:12.876, 7433870843991, vstest.console.dll, TcpClientExtensions.MessageLoopAsync: Polling on remoteEndPoint: 127.0.0.1:55266 localEndPoint: 127.0.0.1:55264 after 0 ms
TpTrace Verbose: 0 : 16940, 14, 2024/10/17, 15:45:12.876, 7433870844316, vstest.console.dll, TcpClientExtensions.MessageLoopAsync: NotifyDataAvailable remoteEndPoint: 127.0.0.1:55266 localEndPoint: 127.0.0.1:55264
TpTrace Verbose: 0 : 16940, 14, 2024/10/17, 15:45:12.876, 7433870844821, vstest.console.dll, TestRequestSender.OnExecutionMessageReceived: Received message: {"Version":7,"MessageType":"TestSession.Message","Payload":{"MessageLevel":0,"Message":"[xUnit.net 00:00:00.19]         C:\\Users\\wilso\\source\\repos\\ApiPedidos\\Pedidos.Test\\Application\\PedidosControllerTests.cs(66,0): at Pedidos.Test.Application.PedidosControllerTests.ProcessarPedidos_DeveRetornarBadRequestQuandoPedidosForemNulos()"}}
TpTrace Verbose: 0 : 16940, 14, 2024/10/17, 15:45:12.876, 7433870845585, vstest.console.dll, TestRunRequest:SendTestRunMessage: Starting.
TpTrace Verbose: 0 : 16940, 14, 2024/10/17, 15:45:12.876, 7433870846052, vstest.console.dll, MulticastDelegateUtilities.SafeInvoke: TestRun.LogMessages: Invoking callback 1/1 for Microsoft.VisualStudio.TestPlatform.CommandLine.TestRunResultAggregator., took 0 ms.
TpTrace Information: 0 : 16940, 14, 2024/10/17, 15:45:12.876, 7433870846340, vstest.console.dll, TestRunRequest:SendTestRunMessage: Completed.
TpTrace Verbose: 0 : 16940, 14, 2024/10/17, 15:45:12.876, 7433870846583, vstest.console.dll, MulticastDelegateUtilities.SafeInvoke: LengthPrefixCommunicationChannel: MessageReceived: Invoking callback 1/1 for Microsoft.VisualStudio.TestPlatform.CommunicationUtilities.TestRequestSender+<>c__DisplayClass34_0., took 0 ms.
TpTrace Verbose: 0 : 16940, 14, 2024/10/17, 15:45:12.876, 7433870846831, vstest.console.dll, TcpClientExtensions.MessageLoopAsync: Polling on remoteEndPoint: 127.0.0.1:55266 localEndPoint: 127.0.0.1:55264 after 0 ms
TpTrace Verbose: 0 : 16940, 4, 2024/10/17, 15:45:12.876, 7433870847994, vstest.console.dll, MulticastDelegateUtilities.SafeInvoke: InternalTestLoggerEvents.SendTestRunMessage: Invoking callback 1/1 for Microsoft.VisualStudio.TestPlatform.CommandLine.Internal.ConsoleLogger., took 0 ms.
TpTrace Verbose: 0 : 16940, 14, 2024/10/17, 15:45:12.876, 7433870848388, vstest.console.dll, TcpClientExtensions.MessageLoopAsync: NotifyDataAvailable remoteEndPoint: 127.0.0.1:55266 localEndPoint: 127.0.0.1:55264
TpTrace Verbose: 0 : 16940, 14, 2024/10/17, 15:45:12.876, 7433870850008, vstest.console.dll, TestRequestSender.OnExecutionMessageReceived: Received message: {"Version":7,"MessageType":"TestSession.Message","Payload":{"MessageLevel":0,"Message":"[xUnit.net 00:00:00.19]            at System.RuntimeMethodHandle.InvokeMethod(Object target, Void** arguments, Signature sig, Boolean isConstructor)"}}
TpTrace Verbose: 0 : 16940, 14, 2024/10/17, 15:45:12.876, 7433870851049, vstest.console.dll, TestRunRequest:SendTestRunMessage: Starting.
TpTrace Verbose: 0 : 16940, 14, 2024/10/17, 15:45:12.876, 7433870851613, vstest.console.dll, MulticastDelegateUtilities.SafeInvoke: TestRun.LogMessages: Invoking callback 1/1 for Microsoft.VisualStudio.TestPlatform.CommandLine.TestRunResultAggregator., took 0 ms.
TpTrace Information: 0 : 16940, 14, 2024/10/17, 15:45:12.876, 7433870851841, vstest.console.dll, TestRunRequest:SendTestRunMessage: Completed.
TpTrace Verbose: 0 : 16940, 14, 2024/10/17, 15:45:12.876, 7433870852056, vstest.console.dll, MulticastDelegateUtilities.SafeInvoke: LengthPrefixCommunicationChannel: MessageReceived: Invoking callback 1/1 for Microsoft.VisualStudio.TestPlatform.CommunicationUtilities.TestRequestSender+<>c__DisplayClass34_0., took 0 ms.
TpTrace Verbose: 0 : 16940, 14, 2024/10/17, 15:45:12.876, 7433870852292, vstest.console.dll, TcpClientExtensions.MessageLoopAsync: Polling on remoteEndPoint: 127.0.0.1:55266 localEndPoint: 127.0.0.1:55264 after 0 ms
TpTrace Verbose: 0 : 16940, 14, 2024/10/17, 15:45:12.877, 7433870852599, vstest.console.dll, TcpClientExtensions.MessageLoopAsync: NotifyDataAvailable remoteEndPoint: 127.0.0.1:55266 localEndPoint: 127.0.0.1:55264
TpTrace Verbose: 0 : 16940, 14, 2024/10/17, 15:45:12.877, 7433870852990, vstest.console.dll, TestRequestSender.OnExecutionMessageReceived: Received message: {"Version":7,"MessageType":"TestSession.Message","Payload":{"MessageLevel":0,"Message":"[xUnit.net 00:00:00.19]            at System.Reflection.MethodBaseInvoker.InvokeWithNoArgs(Object obj, BindingFlags invokeAttr)"}}
TpTrace Verbose: 0 : 16940, 4, 2024/10/17, 15:45:12.877, 7433870852843, vstest.console.dll, MulticastDelegateUtilities.SafeInvoke: InternalTestLoggerEvents.SendTestRunMessage: Invoking callback 1/1 for Microsoft.VisualStudio.TestPlatform.CommandLine.Internal.ConsoleLogger., took 0 ms.
TpTrace Verbose: 0 : 16940, 14, 2024/10/17, 15:45:12.877, 7433870853432, vstest.console.dll, TestRunRequest:SendTestRunMessage: Starting.
TpTrace Verbose: 0 : 16940, 14, 2024/10/17, 15:45:12.877, 7433870857799, vstest.console.dll, MulticastDelegateUtilities.SafeInvoke: TestRun.LogMessages: Invoking callback 1/1 for Microsoft.VisualStudio.TestPlatform.CommandLine.TestRunResultAggregator., took 0 ms.
TpTrace Information: 0 : 16940, 14, 2024/10/17, 15:45:12.877, 7433870858839, vstest.console.dll, TestRunRequest:SendTestRunMessage: Completed.
TpTrace Verbose: 0 : 16940, 14, 2024/10/17, 15:45:12.877, 7433870859502, vstest.console.dll, MulticastDelegateUtilities.SafeInvoke: LengthPrefixCommunicationChannel: MessageReceived: Invoking callback 1/1 for Microsoft.VisualStudio.TestPlatform.CommunicationUtilities.TestRequestSender+<>c__DisplayClass34_0., took 0 ms.
TpTrace Verbose: 0 : 16940, 14, 2024/10/17, 15:45:12.877, 7433870860347, vstest.console.dll, TcpClientExtensions.MessageLoopAsync: Polling on remoteEndPoint: 127.0.0.1:55266 localEndPoint: 127.0.0.1:55264 after 0 ms
TpTrace Verbose: 0 : 16940, 4, 2024/10/17, 15:45:12.877, 7433870861948, vstest.console.dll, MulticastDelegateUtilities.SafeInvoke: InternalTestLoggerEvents.SendTestRunMessage: Invoking callback 1/1 for Microsoft.VisualStudio.TestPlatform.CommandLine.Internal.ConsoleLogger., took 0 ms.
TpTrace Verbose: 0 : 16940, 14, 2024/10/17, 15:45:12.888, 7433870970210, vstest.console.dll, TcpClientExtensions.MessageLoopAsync: NotifyDataAvailable remoteEndPoint: 127.0.0.1:55266 localEndPoint: 127.0.0.1:55264
TpTrace Verbose: 0 : 16940, 14, 2024/10/17, 15:45:12.889, 7433870972669, vstest.console.dll, TestRequestSender.OnExecutionMessageReceived: Received message: {"Version":7,"MessageType":"TestSession.Message","Payload":{"MessageLevel":2,"Message":"[xUnit.net 00:00:00.21]     Pedidos.Test.Service.ProcessaPedidoServiceTests.ProcessarPedido_DeveRetornarPedidosProcessados [FAIL]"}}
TpTrace Verbose: 0 : 16940, 14, 2024/10/17, 15:45:12.889, 7433870974616, vstest.console.dll, TestRunRequest:SendTestRunMessage: Starting.
TpTrace Verbose: 0 : 16940, 14, 2024/10/17, 15:45:12.889, 7433870976217, vstest.console.dll, MulticastDelegateUtilities.SafeInvoke: TestRun.LogMessages: Invoking callback 1/1 for Microsoft.VisualStudio.TestPlatform.CommandLine.TestRunResultAggregator., took 0 ms.
TpTrace Information: 0 : 16940, 14, 2024/10/17, 15:45:12.889, 7433870976570, vstest.console.dll, TestRunRequest:SendTestRunMessage: Completed.
TpTrace Verbose: 0 : 16940, 14, 2024/10/17, 15:45:12.889, 7433870976940, vstest.console.dll, MulticastDelegateUtilities.SafeInvoke: LengthPrefixCommunicationChannel: MessageReceived: Invoking callback 1/1 for Microsoft.VisualStudio.TestPlatform.CommunicationUtilities.TestRequestSender+<>c__DisplayClass34_0., took 0 ms.
TpTrace Verbose: 0 : 16940, 14, 2024/10/17, 15:45:12.889, 7433870977241, vstest.console.dll, TcpClientExtensions.MessageLoopAsync: Polling on remoteEndPoint: 127.0.0.1:55266 localEndPoint: 127.0.0.1:55264 after 11 ms
TpTrace Verbose: 0 : 16940, 14, 2024/10/17, 15:45:12.889, 7433870977656, vstest.console.dll, TcpClientExtensions.MessageLoopAsync: NotifyDataAvailable remoteEndPoint: 127.0.0.1:55266 localEndPoint: 127.0.0.1:55264
TpTrace Verbose: 0 : 16940, 4, 2024/10/17, 15:45:12.889, 7433870977984, vstest.console.dll, MulticastDelegateUtilities.SafeInvoke: InternalTestLoggerEvents.SendTestRunMessage: Invoking callback 1/1 for Microsoft.VisualStudio.TestPlatform.CommandLine.Internal.ConsoleLogger., took 0 ms.
TpTrace Verbose: 0 : 16940, 14, 2024/10/17, 15:45:12.889, 7433870979615, vstest.console.dll, TestRequestSender.OnExecutionMessageReceived: Received message: {"Version":7,"MessageType":"TestSession.Message","Payload":{"MessageLevel":0,"Message":"[xUnit.net 00:00:00.21]       Assert.Equal() Failure: Strings differ"}}
TpTrace Verbose: 0 : 16940, 14, 2024/10/17, 15:45:12.889, 7433870981825, vstest.console.dll, TestRunRequest:SendTestRunMessage: Starting.
TpTrace Verbose: 0 : 16940, 14, 2024/10/17, 15:45:12.889, 7433870982350, vstest.console.dll, MulticastDelegateUtilities.SafeInvoke: TestRun.LogMessages: Invoking callback 1/1 for Microsoft.VisualStudio.TestPlatform.CommandLine.TestRunResultAggregator., took 0 ms.
TpTrace Information: 0 : 16940, 14, 2024/10/17, 15:45:12.890, 7433870982751, vstest.console.dll, TestRunRequest:SendTestRunMessage: Completed.
TpTrace Verbose: 0 : 16940, 14, 2024/10/17, 15:45:12.890, 7433870982999, vstest.console.dll, MulticastDelegateUtilities.SafeInvoke: LengthPrefixCommunicationChannel: MessageReceived: Invoking callback 1/1 for Microsoft.VisualStudio.TestPlatform.CommunicationUtilities.TestRequestSender+<>c__DisplayClass34_0., took 0 ms.
TpTrace Verbose: 0 : 16940, 4, 2024/10/17, 15:45:12.890, 7433870983080, vstest.console.dll, MulticastDelegateUtilities.SafeInvoke: InternalTestLoggerEvents.SendTestRunMessage: Invoking callback 1/1 for Microsoft.VisualStudio.TestPlatform.CommandLine.Internal.ConsoleLogger., took 0 ms.
TpTrace Verbose: 0 : 16940, 14, 2024/10/17, 15:45:12.890, 7433870983280, vstest.console.dll, TcpClientExtensions.MessageLoopAsync: Polling on remoteEndPoint: 127.0.0.1:55266 localEndPoint: 127.0.0.1:55264 after 0 ms
TpTrace Verbose: 0 : 16940, 14, 2024/10/17, 15:45:12.890, 7433870984517, vstest.console.dll, TcpClientExtensions.MessageLoopAsync: NotifyDataAvailable remoteEndPoint: 127.0.0.1:55266 localEndPoint: 127.0.0.1:55264
TpTrace Verbose: 0 : 16940, 14, 2024/10/17, 15:45:12.890, 7433870985034, vstest.console.dll, TestRequestSender.OnExecutionMessageReceived: Received message: {"Version":7,"MessageType":"TestSession.Message","Payload":{"MessageLevel":0,"Message":"[xUnit.net 00:00:00.21]                  ↓ (pos 0)"}}
TpTrace Verbose: 0 : 16940, 14, 2024/10/17, 15:45:12.890, 7433870985699, vstest.console.dll, TestRunRequest:SendTestRunMessage: Starting.
TpTrace Verbose: 0 : 16940, 14, 2024/10/17, 15:45:12.890, 7433870986224, vstest.console.dll, MulticastDelegateUtilities.SafeInvoke: TestRun.LogMessages: Invoking callback 1/1 for Microsoft.VisualStudio.TestPlatform.CommandLine.TestRunResultAggregator., took 0 ms.
TpTrace Information: 0 : 16940, 14, 2024/10/17, 15:45:12.890, 7433870986523, vstest.console.dll, TestRunRequest:SendTestRunMessage: Completed.
TpTrace Verbose: 0 : 16940, 14, 2024/10/17, 15:45:12.890, 7433870986737, vstest.console.dll, MulticastDelegateUtilities.SafeInvoke: LengthPrefixCommunicationChannel: MessageReceived: Invoking callback 1/1 for Microsoft.VisualStudio.TestPlatform.CommunicationUtilities.TestRequestSender+<>c__DisplayClass34_0., took 0 ms.
TpTrace Verbose: 0 : 16940, 14, 2024/10/17, 15:45:12.890, 7433870986963, vstest.console.dll, TcpClientExtensions.MessageLoopAsync: Polling on remoteEndPoint: 127.0.0.1:55266 localEndPoint: 127.0.0.1:55264 after 0 ms
TpTrace Verbose: 0 : 16940, 4, 2024/10/17, 15:45:12.890, 7433870987042, vstest.console.dll, MulticastDelegateUtilities.SafeInvoke: InternalTestLoggerEvents.SendTestRunMessage: Invoking callback 1/1 for Microsoft.VisualStudio.TestPlatform.CommandLine.Internal.ConsoleLogger., took 0 ms.
TpTrace Verbose: 0 : 16940, 14, 2024/10/17, 15:45:12.890, 7433870987240, vstest.console.dll, TcpClientExtensions.MessageLoopAsync: NotifyDataAvailable remoteEndPoint: 127.0.0.1:55266 localEndPoint: 127.0.0.1:55264
TpTrace Verbose: 0 : 16940, 14, 2024/10/17, 15:45:12.890, 7433870989796, vstest.console.dll, TestRequestSender.OnExecutionMessageReceived: Received message: {"Version":7,"MessageType":"TestSession.Message","Payload":{"MessageLevel":0,"Message":"[xUnit.net 00:00:00.21]       Expected: \"101 - 102\""}}
TpTrace Verbose: 0 : 16940, 14, 2024/10/17, 15:45:12.890, 7433870991326, vstest.console.dll, TestRunRequest:SendTestRunMessage: Starting.
TpTrace Verbose: 0 : 16940, 14, 2024/10/17, 15:45:12.891, 7433870992463, vstest.console.dll, MulticastDelegateUtilities.SafeInvoke: TestRun.LogMessages: Invoking callback 1/1 for Microsoft.VisualStudio.TestPlatform.CommandLine.TestRunResultAggregator., took 0 ms.
TpTrace Information: 0 : 16940, 14, 2024/10/17, 15:45:12.891, 7433870993119, vstest.console.dll, TestRunRequest:SendTestRunMessage: Completed.
TpTrace Verbose: 0 : 16940, 14, 2024/10/17, 15:45:12.891, 7433870993655, vstest.console.dll, MulticastDelegateUtilities.SafeInvoke: LengthPrefixCommunicationChannel: MessageReceived: Invoking callback 1/1 for Microsoft.VisualStudio.TestPlatform.CommunicationUtilities.TestRequestSender+<>c__DisplayClass34_0., took 0 ms.
TpTrace Verbose: 0 : 16940, 4, 2024/10/17, 15:45:12.891, 7433870993998, vstest.console.dll, MulticastDelegateUtilities.SafeInvoke: InternalTestLoggerEvents.SendTestRunMessage: Invoking callback 1/1 for Microsoft.VisualStudio.TestPlatform.CommandLine.Internal.ConsoleLogger., took 0 ms.
TpTrace Verbose: 0 : 16940, 14, 2024/10/17, 15:45:12.891, 7433870994212, vstest.console.dll, TcpClientExtensions.MessageLoopAsync: Polling on remoteEndPoint: 127.0.0.1:55266 localEndPoint: 127.0.0.1:55264 after 0 ms
TpTrace Verbose: 0 : 16940, 14, 2024/10/17, 15:45:12.891, 7433870995871, vstest.console.dll, TcpClientExtensions.MessageLoopAsync: NotifyDataAvailable remoteEndPoint: 127.0.0.1:55266 localEndPoint: 127.0.0.1:55264
TpTrace Verbose: 0 : 16940, 14, 2024/10/17, 15:45:12.891, 7433870996596, vstest.console.dll, TestRequestSender.OnExecutionMessageReceived: Received message: {"Version":7,"MessageType":"TestSession.Message","Payload":{"MessageLevel":0,"Message":"[xUnit.net 00:00:00.21]       Actual:   \" 101 - 102\""}}
TpTrace Verbose: 0 : 16940, 14, 2024/10/17, 15:45:12.891, 7433870997246, vstest.console.dll, TestRunRequest:SendTestRunMessage: Starting.
TpTrace Verbose: 0 : 16940, 14, 2024/10/17, 15:45:12.891, 7433870997677, vstest.console.dll, MulticastDelegateUtilities.SafeInvoke: TestRun.LogMessages: Invoking callback 1/1 for Microsoft.VisualStudio.TestPlatform.CommandLine.TestRunResultAggregator., took 0 ms.
TpTrace Information: 0 : 16940, 14, 2024/10/17, 15:45:12.891, 7433870997942, vstest.console.dll, TestRunRequest:SendTestRunMessage: Completed.
TpTrace Verbose: 0 : 16940, 14, 2024/10/17, 15:45:12.891, 7433870998157, vstest.console.dll, MulticastDelegateUtilities.SafeInvoke: LengthPrefixCommunicationChannel: MessageReceived: Invoking callback 1/1 for Microsoft.VisualStudio.TestPlatform.CommunicationUtilities.TestRequestSender+<>c__DisplayClass34_0., took 0 ms.
TpTrace Verbose: 0 : 16940, 4, 2024/10/17, 15:45:12.891, 7433870998184, vstest.console.dll, MulticastDelegateUtilities.SafeInvoke: InternalTestLoggerEvents.SendTestRunMessage: Invoking callback 1/1 for Microsoft.VisualStudio.TestPlatform.CommandLine.Internal.ConsoleLogger., took 0 ms.
TpTrace Verbose: 0 : 16940, 14, 2024/10/17, 15:45:12.891, 7433870999610, vstest.console.dll, TcpClientExtensions.MessageLoopAsync: Polling on remoteEndPoint: 127.0.0.1:55266 localEndPoint: 127.0.0.1:55264 after 0 ms
TpTrace Verbose: 0 : 16940, 14, 2024/10/17, 15:45:12.891, 7433871000643, vstest.console.dll, TcpClientExtensions.MessageLoopAsync: NotifyDataAvailable remoteEndPoint: 127.0.0.1:55266 localEndPoint: 127.0.0.1:55264
TpTrace Verbose: 0 : 16940, 14, 2024/10/17, 15:45:12.892, 7433871003121, vstest.console.dll, TestRequestSender.OnExecutionMessageReceived: Received message: {"Version":7,"MessageType":"TestSession.Message","Payload":{"MessageLevel":0,"Message":"[xUnit.net 00:00:00.21]                  ↑ (pos 0)"}}
TpTrace Verbose: 0 : 16940, 14, 2024/10/17, 15:45:12.892, 7433871004073, vstest.console.dll, TestRunRequest:SendTestRunMessage: Starting.
TpTrace Verbose: 0 : 16940, 14, 2024/10/17, 15:45:12.892, 7433871004557, vstest.console.dll, MulticastDelegateUtilities.SafeInvoke: TestRun.LogMessages: Invoking callback 1/1 for Microsoft.VisualStudio.TestPlatform.CommandLine.TestRunResultAggregator., took 0 ms.
TpTrace Verbose: 0 : 16940, 4, 2024/10/17, 15:45:12.892, 7433871004752, vstest.console.dll, MulticastDelegateUtilities.SafeInvoke: InternalTestLoggerEvents.SendTestRunMessage: Invoking callback 1/1 for Microsoft.VisualStudio.TestPlatform.CommandLine.Internal.ConsoleLogger., took 0 ms.
TpTrace Information: 0 : 16940, 14, 2024/10/17, 15:45:12.892, 7433871004835, vstest.console.dll, TestRunRequest:SendTestRunMessage: Completed.
TpTrace Verbose: 0 : 16940, 14, 2024/10/17, 15:45:12.892, 7433871006534, vstest.console.dll, MulticastDelegateUtilities.SafeInvoke: LengthPrefixCommunicationChannel: MessageReceived: Invoking callback 1/1 for Microsoft.VisualStudio.TestPlatform.CommunicationUtilities.TestRequestSender+<>c__DisplayClass34_0., took 0 ms.
TpTrace Verbose: 0 : 16940, 14, 2024/10/17, 15:45:12.892, 7433871007147, vstest.console.dll, TcpClientExtensions.MessageLoopAsync: Polling on remoteEndPoint: 127.0.0.1:55266 localEndPoint: 127.0.0.1:55264 after 0 ms
TpTrace Verbose: 0 : 16940, 14, 2024/10/17, 15:45:12.892, 7433871007779, vstest.console.dll, TcpClientExtensions.MessageLoopAsync: NotifyDataAvailable remoteEndPoint: 127.0.0.1:55266 localEndPoint: 127.0.0.1:55264
TpTrace Verbose: 0 : 16940, 14, 2024/10/17, 15:45:12.892, 7433871008965, vstest.console.dll, TestRequestSender.OnExecutionMessageReceived: Received message: {"Version":7,"MessageType":"TestSession.Message","Payload":{"MessageLevel":0,"Message":"[xUnit.net 00:00:00.21]       Stack Trace:"}}
TpTrace Verbose: 0 : 16940, 14, 2024/10/17, 15:45:12.892, 7433871009832, vstest.console.dll, TestRunRequest:SendTestRunMessage: Starting.
TpTrace Verbose: 0 : 16940, 14, 2024/10/17, 15:45:12.892, 7433871010247, vstest.console.dll, MulticastDelegateUtilities.SafeInvoke: TestRun.LogMessages: Invoking callback 1/1 for Microsoft.VisualStudio.TestPlatform.CommandLine.TestRunResultAggregator., took 0 ms.
TpTrace Information: 0 : 16940, 14, 2024/10/17, 15:45:12.892, 7433871010553, vstest.console.dll, TestRunRequest:SendTestRunMessage: Completed.
TpTrace Verbose: 0 : 16940, 14, 2024/10/17, 15:45:12.892, 7433871010786, vstest.console.dll, MulticastDelegateUtilities.SafeInvoke: LengthPrefixCommunicationChannel: MessageReceived: Invoking callback 1/1 for Microsoft.VisualStudio.TestPlatform.CommunicationUtilities.TestRequestSender+<>c__DisplayClass34_0., took 0 ms.
TpTrace Verbose: 0 : 16940, 4, 2024/10/17, 15:45:12.892, 7433871010763, vstest.console.dll, MulticastDelegateUtilities.SafeInvoke: InternalTestLoggerEvents.SendTestRunMessage: Invoking callback 1/1 for Microsoft.VisualStudio.TestPlatform.CommandLine.Internal.ConsoleLogger., took 0 ms.
TpTrace Verbose: 0 : 16940, 14, 2024/10/17, 15:45:12.892, 7433871012303, vstest.console.dll, TcpClientExtensions.MessageLoopAsync: Polling on remoteEndPoint: 127.0.0.1:55266 localEndPoint: 127.0.0.1:55264 after 0 ms
TpTrace Verbose: 0 : 16940, 14, 2024/10/17, 15:45:12.893, 7433871012710, vstest.console.dll, TcpClientExtensions.MessageLoopAsync: NotifyDataAvailable remoteEndPoint: 127.0.0.1:55266 localEndPoint: 127.0.0.1:55264
TpTrace Verbose: 0 : 16940, 14, 2024/10/17, 15:45:12.893, 7433871013226, vstest.console.dll, TestRequestSender.OnExecutionMessageReceived: Received message: {"Version":7,"MessageType":"TestSession.Message","Payload":{"MessageLevel":0,"Message":"[xUnit.net 00:00:00.21]         C:\\Users\\wilso\\source\\repos\\ApiPedidos\\Pedidos.Test\\Service\\ProcessaPedidoServiceTests.cs(79,0): at Pedidos.Test.Service.ProcessaPedidoServiceTests.ProcessarPedido_DeveRetornarPedidosProcessados()"}}
TpTrace Verbose: 0 : 16940, 14, 2024/10/17, 15:45:12.893, 7433871013911, vstest.console.dll, TestRunRequest:SendTestRunMessage: Starting.
TpTrace Verbose: 0 : 16940, 14, 2024/10/17, 15:45:12.893, 7433871014329, vstest.console.dll, MulticastDelegateUtilities.SafeInvoke: TestRun.LogMessages: Invoking callback 1/1 for Microsoft.VisualStudio.TestPlatform.CommandLine.TestRunResultAggregator., took 0 ms.
TpTrace Information: 0 : 16940, 14, 2024/10/17, 15:45:12.893, 7433871014595, vstest.console.dll, TestRunRequest:SendTestRunMessage: Completed.
TpTrace Verbose: 0 : 16940, 14, 2024/10/17, 15:45:12.893, 7433871014804, vstest.console.dll, MulticastDelegateUtilities.SafeInvoke: LengthPrefixCommunicationChannel: MessageReceived: Invoking callback 1/1 for Microsoft.VisualStudio.TestPlatform.CommunicationUtilities.TestRequestSender+<>c__DisplayClass34_0., took 0 ms.
TpTrace Verbose: 0 : 16940, 14, 2024/10/17, 15:45:12.893, 7433871015031, vstest.console.dll, TcpClientExtensions.MessageLoopAsync: Polling on remoteEndPoint: 127.0.0.1:55266 localEndPoint: 127.0.0.1:55264 after 0 ms
TpTrace Verbose: 0 : 16940, 14, 2024/10/17, 15:45:12.893, 7433871015350, vstest.console.dll, TcpClientExtensions.MessageLoopAsync: NotifyDataAvailable remoteEndPoint: 127.0.0.1:55266 localEndPoint: 127.0.0.1:55264
TpTrace Verbose: 0 : 16940, 4, 2024/10/17, 15:45:12.893, 7433871015430, vstest.console.dll, MulticastDelegateUtilities.SafeInvoke: InternalTestLoggerEvents.SendTestRunMessage: Invoking callback 1/1 for Microsoft.VisualStudio.TestPlatform.CommandLine.Internal.ConsoleLogger., took 0 ms.
TpTrace Verbose: 0 : 16940, 14, 2024/10/17, 15:45:12.893, 7433871016324, vstest.console.dll, TestRequestSender.OnExecutionMessageReceived: Received message: {"Version":7,"MessageType":"TestSession.Message","Payload":{"MessageLevel":0,"Message":"[xUnit.net 00:00:00.21]            at System.RuntimeMethodHandle.InvokeMethod(Object target, Void** arguments, Signature sig, Boolean isConstructor)"}}
TpTrace Verbose: 0 : 16940, 14, 2024/10/17, 15:45:12.893, 7433871017091, vstest.console.dll, TestRunRequest:SendTestRunMessage: Starting.
TpTrace Verbose: 0 : 16940, 14, 2024/10/17, 15:45:12.893, 7433871017463, vstest.console.dll, MulticastDelegateUtilities.SafeInvoke: TestRun.LogMessages: Invoking callback 1/1 for Microsoft.VisualStudio.TestPlatform.CommandLine.TestRunResultAggregator., took 0 ms.
TpTrace Information: 0 : 16940, 14, 2024/10/17, 15:45:12.893, 7433871017715, vstest.console.dll, TestRunRequest:SendTestRunMessage: Completed.
TpTrace Verbose: 0 : 16940, 14, 2024/10/17, 15:45:12.893, 7433871017923, vstest.console.dll, MulticastDelegateUtilities.SafeInvoke: LengthPrefixCommunicationChannel: MessageReceived: Invoking callback 1/1 for Microsoft.VisualStudio.TestPlatform.CommunicationUtilities.TestRequestSender+<>c__DisplayClass34_0., took 0 ms.
TpTrace Verbose: 0 : 16940, 14, 2024/10/17, 15:45:12.893, 7433871018222, vstest.console.dll, TcpClientExtensions.MessageLoopAsync: Polling on remoteEndPoint: 127.0.0.1:55266 localEndPoint: 127.0.0.1:55264 after 0 ms
TpTrace Verbose: 0 : 16940, 4, 2024/10/17, 15:45:12.893, 7433871018203, vstest.console.dll, MulticastDelegateUtilities.SafeInvoke: InternalTestLoggerEvents.SendTestRunMessage: Invoking callback 1/1 for Microsoft.VisualStudio.TestPlatform.CommandLine.Internal.ConsoleLogger., took 0 ms.
TpTrace Verbose: 0 : 16940, 14, 2024/10/17, 15:45:12.893, 7433871018631, vstest.console.dll, TcpClientExtensions.MessageLoopAsync: NotifyDataAvailable remoteEndPoint: 127.0.0.1:55266 localEndPoint: 127.0.0.1:55264
TpTrace Verbose: 0 : 16940, 14, 2024/10/17, 15:45:12.893, 7433871020080, vstest.console.dll, TestRequestSender.OnExecutionMessageReceived: Received message: {"Version":7,"MessageType":"TestSession.Message","Payload":{"MessageLevel":0,"Message":"[xUnit.net 00:00:00.21]            at System.Reflection.MethodBaseInvoker.InvokeWithNoArgs(Object obj, BindingFlags invokeAttr)"}}
TpTrace Verbose: 0 : 16940, 14, 2024/10/17, 15:45:12.893, 7433871020691, vstest.console.dll, TestRunRequest:SendTestRunMessage: Starting.
TpTrace Verbose: 0 : 16940, 14, 2024/10/17, 15:45:12.893, 7433871021037, vstest.console.dll, MulticastDelegateUtilities.SafeInvoke: TestRun.LogMessages: Invoking callback 1/1 for Microsoft.VisualStudio.TestPlatform.CommandLine.TestRunResultAggregator., took 0 ms.
TpTrace Information: 0 : 16940, 14, 2024/10/17, 15:45:12.893, 7433871021292, vstest.console.dll, TestRunRequest:SendTestRunMessage: Completed.
TpTrace Verbose: 0 : 16940, 14, 2024/10/17, 15:45:12.893, 7433871021502, vstest.console.dll, MulticastDelegateUtilities.SafeInvoke: LengthPrefixCommunicationChannel: MessageReceived: Invoking callback 1/1 for Microsoft.VisualStudio.TestPlatform.CommunicationUtilities.TestRequestSender+<>c__DisplayClass34_0., took 0 ms.
TpTrace Verbose: 0 : 16940, 14, 2024/10/17, 15:45:12.893, 7433871021728, vstest.console.dll, TcpClientExtensions.MessageLoopAsync: Polling on remoteEndPoint: 127.0.0.1:55266 localEndPoint: 127.0.0.1:55264 after 0 ms
TpTrace Verbose: 0 : 16940, 4, 2024/10/17, 15:45:12.893, 7433871021684, vstest.console.dll, MulticastDelegateUtilities.SafeInvoke: InternalTestLoggerEvents.SendTestRunMessage: Invoking callback 1/1 for Microsoft.VisualStudio.TestPlatform.CommandLine.Internal.ConsoleLogger., took 0 ms.
TpTrace Verbose: 0 : 16940, 14, 2024/10/17, 15:45:12.894, 7433871026323, vstest.console.dll, TcpClientExtensions.MessageLoopAsync: NotifyDataAvailable remoteEndPoint: 127.0.0.1:55266 localEndPoint: 127.0.0.1:55264
TpTrace Verbose: 0 : 16940, 14, 2024/10/17, 15:45:12.894, 7433871027896, vstest.console.dll, TestRequestSender.OnExecutionMessageReceived: Received message: {"Version":7,"MessageType":"TestSession.Message","Payload":{"MessageLevel":2,"Message":"[xUnit.net 00:00:00.21]     Pedidos.Test.Service.ProcessaPedidoServiceTests.ProcessaEmbalagem_DeveRetornarPedidosCorretos [FAIL]"}}
TpTrace Verbose: 0 : 16940, 14, 2024/10/17, 15:45:12.894, 7433871029476, vstest.console.dll, TestRunRequest:SendTestRunMessage: Starting.
TpTrace Verbose: 0 : 16940, 14, 2024/10/17, 15:45:12.894, 7433871030108, vstest.console.dll, MulticastDelegateUtilities.SafeInvoke: TestRun.LogMessages: Invoking callback 1/1 for Microsoft.VisualStudio.TestPlatform.CommandLine.TestRunResultAggregator., took 0 ms.
TpTrace Information: 0 : 16940, 14, 2024/10/17, 15:45:12.894, 7433871030397, vstest.console.dll, TestRunRequest:SendTestRunMessage: Completed.
TpTrace Verbose: 0 : 16940, 14, 2024/10/17, 15:45:12.894, 7433871030629, vstest.console.dll, MulticastDelegateUtilities.SafeInvoke: LengthPrefixCommunicationChannel: MessageReceived: Invoking callback 1/1 for Microsoft.VisualStudio.TestPlatform.CommunicationUtilities.TestRequestSender+<>c__DisplayClass34_0., took 0 ms.
TpTrace Verbose: 0 : 16940, 14, 2024/10/17, 15:45:12.894, 7433871030882, vstest.console.dll, TcpClientExtensions.MessageLoopAsync: Polling on remoteEndPoint: 127.0.0.1:55266 localEndPoint: 127.0.0.1:55264 after 0 ms
TpTrace Verbose: 0 : 16940, 14, 2024/10/17, 15:45:12.894, 7433871031271, vstest.console.dll, TcpClientExtensions.MessageLoopAsync: NotifyDataAvailable remoteEndPoint: 127.0.0.1:55266 localEndPoint: 127.0.0.1:55264
TpTrace Verbose: 0 : 16940, 14, 2024/10/17, 15:45:12.895, 7433871032514, vstest.console.dll, TestRequestSender.OnExecutionMessageReceived: Received message: {"Version":7,"MessageType":"TestSession.Message","Payload":{"MessageLevel":0,"Message":"[xUnit.net 00:00:00.21]       Assert.Equal() Failure: Strings differ"}}
TpTrace Verbose: 0 : 16940, 4, 2024/10/17, 15:45:12.894, 7433871031524, vstest.console.dll, MulticastDelegateUtilities.SafeInvoke: InternalTestLoggerEvents.SendTestRunMessage: Invoking callback 1/1 for Microsoft.VisualStudio.TestPlatform.CommandLine.Internal.ConsoleLogger., took 0 ms.
TpTrace Verbose: 0 : 16940, 14, 2024/10/17, 15:45:12.895, 7433871034958, vstest.console.dll, TestRunRequest:SendTestRunMessage: Starting.
TpTrace Verbose: 0 : 16940, 14, 2024/10/17, 15:45:12.895, 7433871036476, vstest.console.dll, MulticastDelegateUtilities.SafeInvoke: TestRun.LogMessages: Invoking callback 1/1 for Microsoft.VisualStudio.TestPlatform.CommandLine.TestRunResultAggregator., took 0 ms.
TpTrace Information: 0 : 16940, 14, 2024/10/17, 15:45:12.895, 7433871036806, vstest.console.dll, TestRunRequest:SendTestRunMessage: Completed.
TpTrace Verbose: 0 : 16940, 14, 2024/10/17, 15:45:12.895, 7433871037033, vstest.console.dll, MulticastDelegateUtilities.SafeInvoke: LengthPrefixCommunicationChannel: MessageReceived: Invoking callback 1/1 for Microsoft.VisualStudio.TestPlatform.CommunicationUtilities.TestRequestSender+<>c__DisplayClass34_0., took 0 ms.
TpTrace Verbose: 0 : 16940, 14, 2024/10/17, 15:45:12.895, 7433871037273, vstest.console.dll, TcpClientExtensions.MessageLoopAsync: Polling on remoteEndPoint: 127.0.0.1:55266 localEndPoint: 127.0.0.1:55264 after 0 ms
TpTrace Verbose: 0 : 16940, 4, 2024/10/17, 15:45:12.895, 7433871037334, vstest.console.dll, MulticastDelegateUtilities.SafeInvoke: InternalTestLoggerEvents.SendTestRunMessage: Invoking callback 1/1 for Microsoft.VisualStudio.TestPlatform.CommandLine.Internal.ConsoleLogger., took 0 ms.
TpTrace Verbose: 0 : 16940, 14, 2024/10/17, 15:45:12.895, 7433871037595, vstest.console.dll, TcpClientExtensions.MessageLoopAsync: NotifyDataAvailable remoteEndPoint: 127.0.0.1:55266 localEndPoint: 127.0.0.1:55264
TpTrace Verbose: 0 : 16940, 14, 2024/10/17, 15:45:12.895, 7433871038922, vstest.console.dll, TestRequestSender.OnExecutionMessageReceived: Received message: {"Version":7,"MessageType":"TestSession.Message","Payload":{"MessageLevel":0,"Message":"[xUnit.net 00:00:00.21]                  ↓ (pos 0)"}}
TpTrace Verbose: 0 : 16940, 14, 2024/10/17, 15:45:12.895, 7433871039570, vstest.console.dll, TestRunRequest:SendTestRunMessage: Starting.
TpTrace Verbose: 0 : 16940, 14, 2024/10/17, 15:45:12.895, 7433871040230, vstest.console.dll, MulticastDelegateUtilities.SafeInvoke: TestRun.LogMessages: Invoking callback 1/1 for Microsoft.VisualStudio.TestPlatform.CommandLine.TestRunResultAggregator., took 0 ms.
TpTrace Information: 0 : 16940, 14, 2024/10/17, 15:45:12.895, 7433871040518, vstest.console.dll, TestRunRequest:SendTestRunMessage: Completed.
TpTrace Verbose: 0 : 16940, 14, 2024/10/17, 15:45:12.895, 7433871040730, vstest.console.dll, MulticastDelegateUtilities.SafeInvoke: LengthPrefixCommunicationChannel: MessageReceived: Invoking callback 1/1 for Microsoft.VisualStudio.TestPlatform.CommunicationUtilities.TestRequestSender+<>c__DisplayClass34_0., took 0 ms.
TpTrace Verbose: 0 : 16940, 4, 2024/10/17, 15:45:12.895, 7433871040784, vstest.console.dll, MulticastDelegateUtilities.SafeInvoke: InternalTestLoggerEvents.SendTestRunMessage: Invoking callback 1/1 for Microsoft.VisualStudio.TestPlatform.CommandLine.Internal.ConsoleLogger., took 0 ms.
TpTrace Verbose: 0 : 16940, 14, 2024/10/17, 15:45:12.895, 7433871040973, vstest.console.dll, TcpClientExtensions.MessageLoopAsync: Polling on remoteEndPoint: 127.0.0.1:55266 localEndPoint: 127.0.0.1:55264 after 0 ms
TpTrace Verbose: 0 : 16940, 14, 2024/10/17, 15:45:12.896, 7433871043104, vstest.console.dll, TcpClientExtensions.MessageLoopAsync: NotifyDataAvailable remoteEndPoint: 127.0.0.1:55266 localEndPoint: 127.0.0.1:55264
TpTrace Verbose: 0 : 16940, 14, 2024/10/17, 15:45:12.896, 7433871043684, vstest.console.dll, TestRequestSender.OnExecutionMessageReceived: Received message: {"Version":7,"MessageType":"TestSession.Message","Payload":{"MessageLevel":0,"Message":"[xUnit.net 00:00:00.21]       Expected: \"101 - 102\""}}
TpTrace Verbose: 0 : 16940, 14, 2024/10/17, 15:45:12.896, 7433871044267, vstest.console.dll, TestRunRequest:SendTestRunMessage: Starting.
TpTrace Verbose: 0 : 16940, 14, 2024/10/17, 15:45:12.896, 7433871044632, vstest.console.dll, MulticastDelegateUtilities.SafeInvoke: TestRun.LogMessages: Invoking callback 1/1 for Microsoft.VisualStudio.TestPlatform.CommandLine.TestRunResultAggregator., took 0 ms.
TpTrace Information: 0 : 16940, 14, 2024/10/17, 15:45:12.896, 7433871044889, vstest.console.dll, TestRunRequest:SendTestRunMessage: Completed.
TpTrace Verbose: 0 : 16940, 14, 2024/10/17, 15:45:12.896, 7433871045393, vstest.console.dll, MulticastDelegateUtilities.SafeInvoke: LengthPrefixCommunicationChannel: MessageReceived: Invoking callback 1/1 for Microsoft.VisualStudio.TestPlatform.CommunicationUtilities.TestRequestSender+<>c__DisplayClass34_0., took 0 ms.
TpTrace Verbose: 0 : 16940, 4, 2024/10/17, 15:45:12.896, 7433871044903, vstest.console.dll, MulticastDelegateUtilities.SafeInvoke: InternalTestLoggerEvents.SendTestRunMessage: Invoking callback 1/1 for Microsoft.VisualStudio.TestPlatform.CommandLine.Internal.ConsoleLogger., took 0 ms.
TpTrace Verbose: 0 : 16940, 14, 2024/10/17, 15:45:12.896, 7433871045657, vstest.console.dll, TcpClientExtensions.MessageLoopAsync: Polling on remoteEndPoint: 127.0.0.1:55266 localEndPoint: 127.0.0.1:55264 after 0 ms
TpTrace Verbose: 0 : 16940, 14, 2024/10/17, 15:45:12.896, 7433871047202, vstest.console.dll, TcpClientExtensions.MessageLoopAsync: NotifyDataAvailable remoteEndPoint: 127.0.0.1:55266 localEndPoint: 127.0.0.1:55264
TpTrace Verbose: 0 : 16940, 14, 2024/10/17, 15:45:12.896, 7433871047605, vstest.console.dll, TestRequestSender.OnExecutionMessageReceived: Received message: {"Version":7,"MessageType":"TestSession.Message","Payload":{"MessageLevel":0,"Message":"[xUnit.net 00:00:00.21]       Actual:   \" 101 - 102\""}}
TpTrace Verbose: 0 : 16940, 14, 2024/10/17, 15:45:12.896, 7433871048171, vstest.console.dll, TestRunRequest:SendTestRunMessage: Starting.
TpTrace Verbose: 0 : 16940, 14, 2024/10/17, 15:45:12.896, 7433871048511, vstest.console.dll, MulticastDelegateUtilities.SafeInvoke: TestRun.LogMessages: Invoking callback 1/1 for Microsoft.VisualStudio.TestPlatform.CommandLine.TestRunResultAggregator., took 0 ms.
TpTrace Information: 0 : 16940, 14, 2024/10/17, 15:45:12.896, 7433871048778, vstest.console.dll, TestRunRequest:SendTestRunMessage: Completed.
TpTrace Verbose: 0 : 16940, 14, 2024/10/17, 15:45:12.896, 7433871048994, vstest.console.dll, MulticastDelegateUtilities.SafeInvoke: LengthPrefixCommunicationChannel: MessageReceived: Invoking callback 1/1 for Microsoft.VisualStudio.TestPlatform.CommunicationUtilities.TestRequestSender+<>c__DisplayClass34_0., took 0 ms.
TpTrace Verbose: 0 : 16940, 4, 2024/10/17, 15:45:12.896, 7433871049146, vstest.console.dll, MulticastDelegateUtilities.SafeInvoke: InternalTestLoggerEvents.SendTestRunMessage: Invoking callback 1/1 for Microsoft.VisualStudio.TestPlatform.CommandLine.Internal.ConsoleLogger., took 0 ms.
TpTrace Verbose: 0 : 16940, 14, 2024/10/17, 15:45:12.896, 7433871049214, vstest.console.dll, TcpClientExtensions.MessageLoopAsync: Polling on remoteEndPoint: 127.0.0.1:55266 localEndPoint: 127.0.0.1:55264 after 0 ms
TpTrace Verbose: 0 : 16940, 14, 2024/10/17, 15:45:12.896, 7433871050425, vstest.console.dll, TcpClientExtensions.MessageLoopAsync: NotifyDataAvailable remoteEndPoint: 127.0.0.1:55266 localEndPoint: 127.0.0.1:55264
TpTrace Verbose: 0 : 16940, 14, 2024/10/17, 15:45:12.896, 7433871050826, vstest.console.dll, TestRequestSender.OnExecutionMessageReceived: Received message: {"Version":7,"MessageType":"TestSession.Message","Payload":{"MessageLevel":0,"Message":"[xUnit.net 00:00:00.21]                  ↑ (pos 0)"}}
TpTrace Verbose: 0 : 16940, 14, 2024/10/17, 15:45:12.896, 7433871051373, vstest.console.dll, TestRunRequest:SendTestRunMessage: Starting.
TpTrace Verbose: 0 : 16940, 14, 2024/10/17, 15:45:12.896, 7433871051722, vstest.console.dll, MulticastDelegateUtilities.SafeInvoke: TestRun.LogMessages: Invoking callback 1/1 for Microsoft.VisualStudio.TestPlatform.CommandLine.TestRunResultAggregator., took 0 ms.
TpTrace Information: 0 : 16940, 14, 2024/10/17, 15:45:12.896, 7433871051984, vstest.console.dll, TestRunRequest:SendTestRunMessage: Completed.
TpTrace Verbose: 0 : 16940, 4, 2024/10/17, 15:45:12.896, 7433871051999, vstest.console.dll, MulticastDelegateUtilities.SafeInvoke: InternalTestLoggerEvents.SendTestRunMessage: Invoking callback 1/1 for Microsoft.VisualStudio.TestPlatform.CommandLine.Internal.ConsoleLogger., took 0 ms.
TpTrace Verbose: 0 : 16940, 14, 2024/10/17, 15:45:12.897, 7433871052896, vstest.console.dll, MulticastDelegateUtilities.SafeInvoke: LengthPrefixCommunicationChannel: MessageReceived: Invoking callback 1/1 for Microsoft.VisualStudio.TestPlatform.CommunicationUtilities.TestRequestSender+<>c__DisplayClass34_0., took 0 ms.
TpTrace Verbose: 0 : 16940, 14, 2024/10/17, 15:45:12.897, 7433871053197, vstest.console.dll, TcpClientExtensions.MessageLoopAsync: Polling on remoteEndPoint: 127.0.0.1:55266 localEndPoint: 127.0.0.1:55264 after 0 ms
TpTrace Verbose: 0 : 16940, 14, 2024/10/17, 15:45:12.897, 7433871053495, vstest.console.dll, TcpClientExtensions.MessageLoopAsync: NotifyDataAvailable remoteEndPoint: 127.0.0.1:55266 localEndPoint: 127.0.0.1:55264
TpTrace Verbose: 0 : 16940, 14, 2024/10/17, 15:45:12.897, 7433871053853, vstest.console.dll, TestRequestSender.OnExecutionMessageReceived: Received message: {"Version":7,"MessageType":"TestSession.Message","Payload":{"MessageLevel":0,"Message":"[xUnit.net 00:00:00.21]       Stack Trace:"}}
TpTrace Verbose: 0 : 16940, 14, 2024/10/17, 15:45:12.897, 7433871054331, vstest.console.dll, TestRunRequest:SendTestRunMessage: Starting.
TpTrace Verbose: 0 : 16940, 14, 2024/10/17, 15:45:12.897, 7433871054755, vstest.console.dll, MulticastDelegateUtilities.SafeInvoke: TestRun.LogMessages: Invoking callback 1/1 for Microsoft.VisualStudio.TestPlatform.CommandLine.TestRunResultAggregator., took 0 ms.
TpTrace Information: 0 : 16940, 14, 2024/10/17, 15:45:12.897, 7433871055019, vstest.console.dll, TestRunRequest:SendTestRunMessage: Completed.
TpTrace Verbose: 0 : 16940, 4, 2024/10/17, 15:45:12.897, 7433871055012, vstest.console.dll, MulticastDelegateUtilities.SafeInvoke: InternalTestLoggerEvents.SendTestRunMessage: Invoking callback 1/1 for Microsoft.VisualStudio.TestPlatform.CommandLine.Internal.ConsoleLogger., took 0 ms.
TpTrace Verbose: 0 : 16940, 14, 2024/10/17, 15:45:12.897, 7433871055257, vstest.console.dll, MulticastDelegateUtilities.SafeInvoke: LengthPrefixCommunicationChannel: MessageReceived: Invoking callback 1/1 for Microsoft.VisualStudio.TestPlatform.CommunicationUtilities.TestRequestSender+<>c__DisplayClass34_0., took 0 ms.
TpTrace Verbose: 0 : 16940, 14, 2024/10/17, 15:45:12.897, 7433871056281, vstest.console.dll, TcpClientExtensions.MessageLoopAsync: Polling on remoteEndPoint: 127.0.0.1:55266 localEndPoint: 127.0.0.1:55264 after 0 ms
TpTrace Verbose: 0 : 16940, 14, 2024/10/17, 15:45:12.897, 7433871056570, vstest.console.dll, TcpClientExtensions.MessageLoopAsync: NotifyDataAvailable remoteEndPoint: 127.0.0.1:55266 localEndPoint: 127.0.0.1:55264
TpTrace Verbose: 0 : 16940, 14, 2024/10/17, 15:45:12.897, 7433871057002, vstest.console.dll, TestRequestSender.OnExecutionMessageReceived: Received message: {"Version":7,"MessageType":"TestSession.Message","Payload":{"MessageLevel":0,"Message":"[xUnit.net 00:00:00.21]         C:\\Users\\wilso\\source\\repos\\ApiPedidos\\Pedidos.Test\\Service\\ProcessaPedidoServiceTests.cs(44,0): at Pedidos.Test.Service.ProcessaPedidoServiceTests.ProcessaEmbalagem_DeveRetornarPedidosCorretos()"}}
TpTrace Verbose: 0 : 16940, 14, 2024/10/17, 15:45:12.897, 7433871057593, vstest.console.dll, TestRunRequest:SendTestRunMessage: Starting.
TpTrace Verbose: 0 : 16940, 14, 2024/10/17, 15:45:12.897, 7433871057946, vstest.console.dll, MulticastDelegateUtilities.SafeInvoke: TestRun.LogMessages: Invoking callback 1/1 for Microsoft.VisualStudio.TestPlatform.CommandLine.TestRunResultAggregator., took 0 ms.
TpTrace Information: 0 : 16940, 14, 2024/10/17, 15:45:12.897, 7433871058206, vstest.console.dll, TestRunRequest:SendTestRunMessage: Completed.
TpTrace Verbose: 0 : 16940, 4, 2024/10/17, 15:45:12.897, 7433871058332, vstest.console.dll, MulticastDelegateUtilities.SafeInvoke: InternalTestLoggerEvents.SendTestRunMessage: Invoking callback 1/1 for Microsoft.VisualStudio.TestPlatform.CommandLine.Internal.ConsoleLogger., took 0 ms.
TpTrace Verbose: 0 : 16940, 14, 2024/10/17, 15:45:12.897, 7433871058419, vstest.console.dll, MulticastDelegateUtilities.SafeInvoke: LengthPrefixCommunicationChannel: MessageReceived: Invoking callback 1/1 for Microsoft.VisualStudio.TestPlatform.CommunicationUtilities.TestRequestSender+<>c__DisplayClass34_0., took 0 ms.
TpTrace Verbose: 0 : 16940, 14, 2024/10/17, 15:45:12.897, 7433871060273, vstest.console.dll, TcpClientExtensions.MessageLoopAsync: Polling on remoteEndPoint: 127.0.0.1:55266 localEndPoint: 127.0.0.1:55264 after 0 ms
TpTrace Verbose: 0 : 16940, 14, 2024/10/17, 15:45:12.897, 7433871061072, vstest.console.dll, TcpClientExtensions.MessageLoopAsync: NotifyDataAvailable remoteEndPoint: 127.0.0.1:55266 localEndPoint: 127.0.0.1:55264
TpTrace Verbose: 0 : 16940, 14, 2024/10/17, 15:45:12.897, 7433871062038, vstest.console.dll, TestRequestSender.OnExecutionMessageReceived: Received message: {"Version":7,"MessageType":"TestSession.Message","Payload":{"MessageLevel":0,"Message":"[xUnit.net 00:00:00.21]            at System.RuntimeMethodHandle.InvokeMethod(Object target, Void** arguments, Signature sig, Boolean isConstructor)"}}
TpTrace Verbose: 0 : 16940, 14, 2024/10/17, 15:45:12.898, 7433871063375, vstest.console.dll, TestRunRequest:SendTestRunMessage: Starting.
TpTrace Verbose: 0 : 16940, 14, 2024/10/17, 15:45:12.898, 7433871064339, vstest.console.dll, MulticastDelegateUtilities.SafeInvoke: TestRun.LogMessages: Invoking callback 1/1 for Microsoft.VisualStudio.TestPlatform.CommandLine.TestRunResultAggregator., took 0 ms.
TpTrace Information: 0 : 16940, 14, 2024/10/17, 15:45:12.898, 7433871064890, vstest.console.dll, TestRunRequest:SendTestRunMessage: Completed.
TpTrace Verbose: 0 : 16940, 4, 2024/10/17, 15:45:12.898, 7433871064936, vstest.console.dll, MulticastDelegateUtilities.SafeInvoke: InternalTestLoggerEvents.SendTestRunMessage: Invoking callback 1/1 for Microsoft.VisualStudio.TestPlatform.CommandLine.Internal.ConsoleLogger., took 0 ms.
TpTrace Verbose: 0 : 16940, 14, 2024/10/17, 15:45:12.898, 7433871065524, vstest.console.dll, MulticastDelegateUtilities.SafeInvoke: LengthPrefixCommunicationChannel: MessageReceived: Invoking callback 1/1 for Microsoft.VisualStudio.TestPlatform.CommunicationUtilities.TestRequestSender+<>c__DisplayClass34_0., took 0 ms.
TpTrace Verbose: 0 : 16940, 14, 2024/10/17, 15:45:12.898, 7433871067495, vstest.console.dll, TcpClientExtensions.MessageLoopAsync: Polling on remoteEndPoint: 127.0.0.1:55266 localEndPoint: 127.0.0.1:55264 after 0 ms
TpTrace Verbose: 0 : 16940, 14, 2024/10/17, 15:45:12.898, 7433871068287, vstest.console.dll, TcpClientExtensions.MessageLoopAsync: NotifyDataAvailable remoteEndPoint: 127.0.0.1:55266 localEndPoint: 127.0.0.1:55264
TpTrace Verbose: 0 : 16940, 14, 2024/10/17, 15:45:12.898, 7433871069396, vstest.console.dll, TestRequestSender.OnExecutionMessageReceived: Received message: {"Version":7,"MessageType":"TestSession.Message","Payload":{"MessageLevel":0,"Message":"[xUnit.net 00:00:00.21]            at System.Reflection.MethodBaseInvoker.InvokeWithNoArgs(Object obj, BindingFlags invokeAttr)"}}
TpTrace Verbose: 0 : 16940, 14, 2024/10/17, 15:45:12.898, 7433871070497, vstest.console.dll, TestRunRequest:SendTestRunMessage: Starting.
TpTrace Verbose: 0 : 16940, 14, 2024/10/17, 15:45:12.898, 7433871070957, vstest.console.dll, MulticastDelegateUtilities.SafeInvoke: TestRun.LogMessages: Invoking callback 1/1 for Microsoft.VisualStudio.TestPlatform.CommandLine.TestRunResultAggregator., took 0 ms.
TpTrace Information: 0 : 16940, 14, 2024/10/17, 15:45:12.898, 7433871071233, vstest.console.dll, TestRunRequest:SendTestRunMessage: Completed.
TpTrace Verbose: 0 : 16940, 14, 2024/10/17, 15:45:12.898, 7433871071454, vstest.console.dll, MulticastDelegateUtilities.SafeInvoke: LengthPrefixCommunicationChannel: MessageReceived: Invoking callback 1/1 for Microsoft.VisualStudio.TestPlatform.CommunicationUtilities.TestRequestSender+<>c__DisplayClass34_0., took 0 ms.
TpTrace Verbose: 0 : 16940, 14, 2024/10/17, 15:45:12.898, 7433871071734, vstest.console.dll, TcpClientExtensions.MessageLoopAsync: Polling on remoteEndPoint: 127.0.0.1:55266 localEndPoint: 127.0.0.1:55264 after 0 ms
TpTrace Verbose: 0 : 16940, 14, 2024/10/17, 15:45:12.898, 7433871072061, vstest.console.dll, TcpClientExtensions.MessageLoopAsync: NotifyDataAvailable remoteEndPoint: 127.0.0.1:55266 localEndPoint: 127.0.0.1:55264
TpTrace Verbose: 0 : 16940, 4, 2024/10/17, 15:45:12.898, 7433871072022, vstest.console.dll, MulticastDelegateUtilities.SafeInvoke: InternalTestLoggerEvents.SendTestRunMessage: Invoking callback 1/1 for Microsoft.VisualStudio.TestPlatform.CommandLine.Internal.ConsoleLogger., took 0 ms.
TpTrace Verbose: 0 : 16940, 14, 2024/10/17, 15:45:12.899, 7433871072470, vstest.console.dll, TestRequestSender.OnExecutionMessageReceived: Received message: {"Version":7,"MessageType":"TestSession.Message","Payload":{"MessageLevel":0,"Message":"[xUnit.net 00:00:00.22]   Finished:    Pedidos.Test"}}
TpTrace Verbose: 0 : 16940, 14, 2024/10/17, 15:45:12.899, 7433871073942, vstest.console.dll, TestRunRequest:SendTestRunMessage: Starting.
TpTrace Verbose: 0 : 16940, 14, 2024/10/17, 15:45:12.899, 7433871074357, vstest.console.dll, MulticastDelegateUtilities.SafeInvoke: TestRun.LogMessages: Invoking callback 1/1 for Microsoft.VisualStudio.TestPlatform.CommandLine.TestRunResultAggregator., took 0 ms.
TpTrace Information: 0 : 16940, 14, 2024/10/17, 15:45:12.899, 7433871074622, vstest.console.dll, TestRunRequest:SendTestRunMessage: Completed.
TpTrace Verbose: 0 : 16940, 14, 2024/10/17, 15:45:12.899, 7433871074831, vstest.console.dll, MulticastDelegateUtilities.SafeInvoke: LengthPrefixCommunicationChannel: MessageReceived: Invoking callback 1/1 for Microsoft.VisualStudio.TestPlatform.CommunicationUtilities.TestRequestSender+<>c__DisplayClass34_0., took 0 ms.
TpTrace Verbose: 0 : 16940, 14, 2024/10/17, 15:45:12.899, 7433871075114, vstest.console.dll, TcpClientExtensions.MessageLoopAsync: Polling on remoteEndPoint: 127.0.0.1:55266 localEndPoint: 127.0.0.1:55264 after 0 ms
TpTrace Verbose: 0 : 16940, 4, 2024/10/17, 15:45:12.899, 7433871075612, vstest.console.dll, MulticastDelegateUtilities.SafeInvoke: InternalTestLoggerEvents.SendTestRunMessage: Invoking callback 1/1 for Microsoft.VisualStudio.TestPlatform.CommandLine.Internal.ConsoleLogger., took 0 ms.
TpTrace Verbose: 0 : 16940, 14, 2024/10/17, 15:45:12.938, 7433871470814, vstest.console.dll, TcpClientExtensions.MessageLoopAsync: NotifyDataAvailable remoteEndPoint: 127.0.0.1:55266 localEndPoint: 127.0.0.1:55264
TpTrace Verbose: 0 : 16940, 14, 2024/10/17, 15:45:12.939, 7433871473599, vstest.console.dll, TestRequestSender.OnExecutionMessageReceived: Received message: {"Version":7,"MessageType":"TestExecution.Completed","Payload":{"TestRunCompleteArgs":{"TestRunStatistics":{"ExecutedTests":7,"Stats":{"Passed":3,"Failed":4}},"IsCanceled":false,"IsAborted":false,"Error":null,"AttachmentSets":[],"InvokedDataCollectors":[],"ElapsedTimeInRunningTests":"00:00:00.2306173","Metrics":{},"DiscoveredExtensions":{"TestDiscoverers":["Xunit.Runner.VisualStudio.VsTestRunner, xunit.runner.visualstudio.dotnetcore.testadapter, Version=2.5.0.0, Culture=neutral, PublicKeyToken=null"],"TestExecutors":["executor://xunit/VsTestRunner2/netcoreapp"],"TestExecutors2":[],"TestSettingsProviders":[]}},"LastRunTests":{"NewTestResults":[{"TestCase":{"Id":"2d646780-adc2-1478-ba18-6509e6d479b5","FullyQualifiedName":"Pedidos.Test.Service.EmbalagensServicesTests.CalcularVolume_DeveRetornarVolumeCorreto","DisplayName":"Pedidos.Test.Service.EmbalagensServicesTests.CalcularVolume_DeveRetornarVolumeCorreto","ExecutorUri":"executor://xunit/VsTestRunner2/netcoreapp","Source":"C:\\Users\\wilso\\source\\repos\\ApiPedidos\\Pedidos.Test\\bin\\Debug\\net8.0\\fine-code-coverage\\build-output\\Pedidos.Test.dll","CodeFilePath":null,"LineNumber":0,"Properties":[]},"Attachments":[],"Outcome":1,"ErrorMessage":null,"ErrorStackTrace":null,"DisplayName":"Pedidos.Test.Service.EmbalagensServicesTests.CalcularVolume_DeveRetornarVolumeCorreto","Messages":[],"ComputerName":"TRABALHO","Duration":"00:00:00.0115937","StartTime":"2024-10-17T18:45:12.832738+00:00","EndTime":"2024-10-17T18:45:12.8327528+00:00","Properties":[]},{"TestCase":{"Id":"a23c7b72-7f46-f862-4de1-31c14ccd1c5d","FullyQualifiedName":"Pedidos.Test.Service.EmbalagensServicesTests.SelecionarCaixas_DeveRetornarCaixaCorretaParaProduto","DisplayName":"Pedidos.Test.Service.EmbalagensServicesTests.SelecionarCaixas_DeveRetornarCaixaCorretaParaProduto","ExecutorUri":"executor://xunit/VsTestRunner2/netcoreapp","Source":"C:\\Users\\wilso\\source\\repos\\ApiPedidos\\Pedidos.Test\\bin\\Debug\\net8.0\\fine-code-coverage\\build-output\\Pedidos.Test.dll","CodeFilePath":null,"LineNumber":0,"Properties":[]},"Attachments":[],"Outcome":2,"ErrorMessage":"Assert.Equal() Failure: Values differ\r\nExpected: 1\r\nActual:   2","ErrorStackTrace":"   at Pedidos.Test.Service.EmbalagensServicesTests.SelecionarCaixas_DeveRetornarCaixaCorretaParaProduto() in C:\\Users\\wilso\\source\\repos\\ApiPedidos\\Pedidos.Test\\Service\\EmbalagensServicesTests.cs:line 51\r\n   at System.RuntimeMethodHandle.InvokeMethod(Object target, Void** arguments, Signature sig, Boolean isConstructor)\r\n   at System.Reflection.MethodBaseInvoker.InvokeWithNoArgs(Object obj, BindingFlags invokeAttr)","DisplayName":"Pedidos.Test.Service.EmbalagensServicesTests.SelecionarCaixas_DeveRetornarCaixaCorretaParaProduto","Messages":[],"ComputerName":"TRABALHO","Duration":"00:00:00.0028844","StartTime":"2024-10-17T18:45:12.853929+00:00","EndTime":"2024-10-17T18:45:12.8539292+00:00","Properties":[]},{"TestCase":{"Id":"c2bc4e60-b048-f101-a24b-a40a89761dd7","FullyQualifiedName":"Pedidos.Test.Service.EmbalagensServicesTests.SelecionarCaixas_DeveRetornarListaVaziaSeNenhumaCaixaServir","DisplayName":"Pedidos.Test.Service.EmbalagensServicesTests.SelecionarCaixas_DeveRetornarListaVaziaSeNenhumaCaixaServir","ExecutorUri":"executor://xunit/VsTestRunner2/netcoreapp","Source":"C:\\Users\\wilso\\source\\repos\\ApiPedidos\\Pedidos.Test\\bin\\Debug\\net8.0\\fine-code-coverage\\build-output\\Pedidos.Test.dll","CodeFilePath":null,"LineNumber":0,"Properties":[]},"Attachments":[],"Outcome":1,"ErrorMessage":null,"ErrorStackTrace":null,"DisplayName":"Pedidos.Test.Service.EmbalagensServicesTests.SelecionarCaixas_DeveRetornarListaVaziaSeNenhumaCaixaServir","Messages":[],"ComputerName":"TRABALHO","Duration":"00:00:00.0019949","StartTime":"2024-10-17T18:45:12.8576134+00:00","EndTime":"2024-10-17T18:45:12.8576135+00:00","Properties":[]},{"TestCase":{"Id":"86490585-40f9-c478-d434-d7d49bcd20f7","FullyQualifiedName":"Pedidos.Test.Application.PedidosControllerTests.ProcessarPedidos_DeveRetornarBadRequestQuandoPedidosForemNulos","DisplayName":"Pedidos.Test.Application.PedidosControllerTests.ProcessarPedidos_DeveRetornarBadRequestQuandoPedidosForemNulos","ExecutorUri":"executor://xunit/VsTestRunner2/netcoreapp","Source":"C:\\Users\\wilso\\source\\repos\\ApiPedidos\\Pedidos.Test\\bin\\Debug\\net8.0\\fine-code-coverage\\build-output\\Pedidos.Test.dll","CodeFilePath":null,"LineNumber":0,"Properties":[]},"Attachments":[],"Outcome":2,"ErrorMessage":"Assert.IsType() Failure: Value is not the exact type\r\nExpected: typeof(Microsoft.AspNetCore.Mvc.BadRequestResult)\r\nActual:   typeof(Microsoft.AspNetCore.Mvc.OkObjectResult)","ErrorStackTrace":"   at Pedidos.Test.Application.PedidosControllerTests.ProcessarPedidos_DeveRetornarBadRequestQuandoPedidosForemNulos() in C:\\Users\\wilso\\source\\repos\\ApiPedidos\\Pedidos.Test\\Application\\PedidosControllerTests.cs:line 66\r\n   at System.RuntimeMethodHandle.InvokeMethod(Object target, Void** arguments, Signature sig, Boolean isConstructor)\r\n   at System.Reflection.MethodBaseInvoker.InvokeWithNoArgs(Object obj, BindingFlags invokeAttr)","DisplayName":"Pedidos.Test.Application.PedidosControllerTests.ProcessarPedidos_DeveRetornarBadRequestQuandoPedidosForemNulos","Messages":[],"ComputerName":"TRABALHO","Duration":"00:00:00.0608657","StartTime":"2024-10-17T18:45:12.8730464+00:00","EndTime":"2024-10-17T18:45:12.8730465+00:00","Properties":[]},{"TestCase":{"Id":"db04a4df-76b3-8d7e-82af-fd83806446a9","FullyQualifiedName":"Pedidos.Test.Service.ProcessaPedidoServiceTests.ProcessarPedido_DeveRetornarPedidosProcessados","DisplayName":"Pedidos.Test.Service.ProcessaPedidoServiceTests.ProcessarPedido_DeveRetornarPedidosProcessados","ExecutorUri":"executor://xunit/VsTestRunner2/netcoreapp","Source":"C:\\Users\\wilso\\source\\repos\\ApiPedidos\\Pedidos.Test\\bin\\Debug\\net8.0\\fine-code-coverage\\build-output\\Pedidos.Test.dll","CodeFilePath":null,"LineNumber":0,"Properties":[]},"Attachments":[],"Outcome":2,"ErrorMessage":"Assert.Equal() Failure: Strings differ\r\n           ↓ (pos 0)\r\nExpected: \"101 - 102\"\r\nActual:   \" 101 - 102\"\r\n           ↑ (pos 0)","ErrorStackTrace":"   at Pedidos.Test.Service.ProcessaPedidoServiceTests.ProcessarPedido_DeveRetornarPedidosProcessados() in C:\\Users\\wilso\\source\\repos\\ApiPedidos\\Pedidos.Test\\Service\\ProcessaPedidoServiceTests.cs:line 79\r\n   at System.RuntimeMethodHandle.InvokeMethod(Object target, Void** arguments, Signature sig, Boolean isConstructor)\r\n   at System.Reflection.MethodBaseInvoker.InvokeWithNoArgs(Object obj, BindingFlags invokeAttr)","DisplayName":"Pedidos.Test.Service.ProcessaPedidoServiceTests.ProcessarPedido_DeveRetornarPedidosProcessados","Messages":[],"ComputerName":"TRABALHO","Duration":"00:00:00.0784027","StartTime":"2024-10-17T18:45:12.8903711+00:00","EndTime":"2024-10-17T18:45:12.8903711+00:00","Properties":[]},{"TestCase":{"Id":"2916ba93-0a75-0e0a-56f8-9288a45ac616","FullyQualifiedName":"Pedidos.Test.Application.PedidosControllerTests.ProcessarPedidos_DeveRetornarOkResultComResposta","DisplayName":"Pedidos.Test.Application.PedidosControllerTests.ProcessarPedidos_DeveRetornarOkResultComResposta","ExecutorUri":"executor://xunit/VsTestRunner2/netcoreapp","Source":"C:\\Users\\wilso\\source\\repos\\ApiPedidos\\Pedidos.Test\\bin\\Debug\\net8.0\\fine-code-coverage\\build-output\\Pedidos.Test.dll","CodeFilePath":null,"LineNumber":0,"Properties":[]},"Attachments":[],"Outcome":1,"ErrorMessage":null,"ErrorStackTrace":null,"DisplayName":"Pedidos.Test.Application.PedidosControllerTests.ProcessarPedidos_DeveRetornarOkResultComResposta","Messages":[],"ComputerName":"TRABALHO","Duration":"00:00:00.0175223","StartTime":"2024-10-17T18:45:12.8930469+00:00","EndTime":"2024-10-17T18:45:12.893047+00:00","Properties":[]},{"TestCase":{"Id":"6b20857b-9655-b975-37c1-5e8ae6e3055d","FullyQualifiedName":"Pedidos.Test.Service.ProcessaPedidoServiceTests.ProcessaEmbalagem_DeveRetornarPedidosCorretos","DisplayName":"Pedidos.Test.Service.ProcessaPedidoServiceTests.ProcessaEmbalagem_DeveRetornarPedidosCorretos","ExecutorUri":"executor://xunit/VsTestRunner2/netcoreapp","Source":"C:\\Users\\wilso\\source\\repos\\ApiPedidos\\Pedidos.Test\\bin\\Debug\\net8.0\\fine-code-coverage\\build-output\\Pedidos.Test.dll","CodeFilePath":null,"LineNumber":0,"Properties":[]},"Attachments":[],"Outcome":2,"ErrorMessage":"Assert.Equal() Failure: Strings differ\r\n           ↓ (pos 0)\r\nExpected: \"101 - 102\"\r\nActual:   \" 101 - 102\"\r\n           ↑ (pos 0)","ErrorStackTrace":"   at Pedidos.Test.Service.ProcessaPedidoServiceTests.ProcessaEmbalagem_DeveRetornarPedidosCorretos() in C:\\Users\\wilso\\source\\repos\\ApiPedidos\\Pedidos.Test\\Service\\ProcessaPedidoServiceTests.cs:line 44\r\n   at System.RuntimeMethodHandle.InvokeMethod(Object target, Void** arguments, Signature sig, Boolean isConstructor)\r\n   at System.Reflection.MethodBaseInvoker.InvokeWithNoArgs(Object obj, BindingFlags invokeAttr)","DisplayName":"Pedidos.Test.Service.ProcessaPedidoServiceTests.ProcessaEmbalagem_DeveRetornarPedidosCorretos","Messages":[],"ComputerName":"TRABALHO","Duration":"00:00:00.0006489","StartTime":"2024-10-17T18:45:12.8958201+00:00","EndTime":"2024-10-17T18:45:12.8958201+00:00","Properties":[]}],"TestRunStatistics":{"ExecutedTests":7,"Stats":{"Passed":3,"Failed":4}},"ActiveTests":[]},"RunAttachments":[],"ExecutorUris":["executor://xunit/VsTestRunner2/netcoreapp"]}}
TpTrace Verbose: 0 : 16940, 14, 2024/10/17, 15:45:12.939, 7433871475174, vstest.console.dll, TestRequestSender.EndSession: Sending end session.
TpTrace Verbose: 0 : 16940, 14, 2024/10/17, 15:45:12.939, 7433871476803, vstest.console.dll, ProxyOperationManager.Close: waiting for test host to exit for 100 ms
TpTrace Verbose: 0 : 16940, 7, 2024/10/17, 15:45:12.994, 7433872026848, vstest.console.dll, TestHostManagerCallbacks.StandardOutputReceivedCallback Test host standard output line: 
TpTrace Warning: 0 : 16940, 11, 2024/10/17, 15:45:12.994, 7433872027295, vstest.console.dll, TestHostManagerCallbacks.ErrorReceivedCallback Test host standard error line: 
TpTrace Verbose: 0 : 16940, 7, 2024/10/17, 15:45:13.002, 7433872109739, vstest.console.dll, TestHostProvider.ExitCallBack: Host exited starting callback.
TpTrace Information: 0 : 16940, 7, 2024/10/17, 15:45:13.002, 7433872111177, vstest.console.dll, TestHostManagerCallbacks.ExitCallBack: Testhost processId: 25824 exited with exitcode: 0 error: ''
TpTrace Verbose: 0 : 16940, 7, 2024/10/17, 15:45:13.002, 7433872111591, vstest.console.dll, DotnetTestHostManager.OnHostExited: invoking OnHostExited callback
TpTrace Verbose: 0 : 16940, 7, 2024/10/17, 15:45:13.002, 7433872112083, vstest.console.dll, CrossPlatEngine.TestHostManagerHostExited: calling on client process exit callback.
TpTrace Information: 0 : 16940, 7, 2024/10/17, 15:45:13.003, 7433872112519, vstest.console.dll, TestRequestSender.OnClientProcessExit: Test host process exited. Standard error: 
TpTrace Information: 0 : 16940, 7, 2024/10/17, 15:45:13.003, 7433872112857, vstest.console.dll, SocketServer.Stop: Stop server endPoint: 127.0.0.1:55264
TpTrace Information: 0 : 16940, 7, 2024/10/17, 15:45:13.003, 7433872113050, vstest.console.dll, SocketServer.Stop: Cancellation requested. Stopping message loop.
TpTrace Information: 0 : 16940, 14, 2024/10/17, 15:45:13.003, 7433872113893, vstest.console.dll, SocketServer.Stop: Stop server endPoint: 127.0.0.1:55264
TpTrace Verbose: 0 : 16940, 7, 2024/10/17, 15:45:13.003, 7433872113964, vstest.console.dll, MulticastDelegateUtilities.SafeInvoke: HostProviderEvents.OnHostExited: Invoking callback 1/1 for Microsoft.VisualStudio.TestPlatform.CrossPlatEngine.Client.ProxyOperationManager., took 0 ms.
TpTrace Information: 0 : 16940, 14, 2024/10/17, 15:45:13.003, 7433872114761, vstest.console.dll, SocketServer.Stop: Cancellation requested. Stopping message loop.
TpTrace Information: 0 : 16940, 14, 2024/10/17, 15:45:13.003, 7433872115754, vstest.console.dll, Closing the connection
TpTrace Verbose: 0 : 16940, 14, 2024/10/17, 15:45:13.003, 7433872117518, vstest.console.dll, ProxyDataCollectionManager.InvokeDataCollectionServiceAction: Starting.
TpTrace Information: 0 : 16940, 14, 2024/10/17, 15:45:13.003, 7433872117828, vstest.console.dll, ProxyDataCollectionManager.AfterTestRunEnd: Get attachment set and invoked data collectors processId: 4252 port: 55261
TpTrace Verbose: 0 : 16940, 14, 2024/10/17, 15:45:13.003, 7433872118255, vstest.console.dll, DataCollectionRequestSender.SendAfterTestRunStartAndGetResult: Send AfterTestRunEnd message with isCancelled: False
TpTrace Verbose: 0 : 16940, 14, 2024/10/17, 15:45:13.009, 7433872179538, vstest.console.dll, DataCollectionRequestSender.SendAfterTestRunStartAndGetResult: Received message: (DataCollection.AfterTestRunEndResult) -> {"MessageType":"DataCollection.AfterTestRunEndResult","Payload":{"AttachmentSets":[],"InvokedDataCollectors":[{"Uri":"datacollector://Microsoft/TestPlatform/Extensions/Blame/v1","FriendlyName":"Blame","AssemblyQualifiedName":"Microsoft.TestPlatform.Extensions.BlameDataCollector.BlameCollector, Microsoft.TestPlatform.Extensions.BlameDataCollector, Version=15.0.0.0, Culture=neutral, PublicKeyToken=b03f5f7f11d50a3a","FilePath":"C:\\Program Files\\dotnet\\sdk\\8.0.400\\Extensions\\Microsoft.TestPlatform.Extensions.BlameDataCollector.dll","HasAttachmentProcessor":false}],"Metrics":{}}}
TpTrace Warning: 0 : 16940, 10, 2024/10/17, 15:45:13.015, 7433872234485, vstest.console.dll, DataCollectionLauncher.ErrorReceivedCallback datacollector standard error line: 
TpTrace Information: 0 : 16940, 14, 2024/10/17, 15:45:13.015, 7433872236075, vstest.console.dll, ProxyDataCollectionManager.InvokeDataCollectionServiceAction: Completed.
TpTrace Information: 0 : 16940, 10, 2024/10/17, 15:45:13.020, 7433872290385, vstest.console.dll, DataCollectionLauncher.ExitCallBack: Data collector exited with exitcode: 0 error: ''
TpTrace Verbose: 0 : 16940, 14, 2024/10/17, 15:45:13.071, 7433872795393, vstest.console.dll, TestRunRequest:SendTestRunStatsChange: Starting.
TpTrace Verbose: 0 : 16940, 14, 2024/10/17, 15:45:13.071, 7433872798024, vstest.console.dll, MulticastDelegateUtilities.SafeInvoke: TestRun.RunStatsChanged: Invoking callbacks was skipped because there are no subscribers.
TpTrace Information: 0 : 16940, 14, 2024/10/17, 15:45:13.071, 7433872798489, vstest.console.dll, TestRunRequest:SendTestRunStatsChange: Completed.
TpTrace Verbose: 0 : 16940, 14, 2024/10/17, 15:45:13.071, 7433872800853, vstest.console.dll, ParallelProxyExecutionManager: HandlePartialRunComplete: Total workloads = 1, Total started clients = 1 Total completed clients = 1, Run complete = True, Run canceled: False.
TpTrace Verbose: 0 : 16940, 14, 2024/10/17, 15:45:13.071, 7433872801172, vstest.console.dll, ParallelProxyExecutionManager: HandlePartialRunComplete: All runs completed stopping all managers.
TpTrace Verbose: 0 : 16940, 14, 2024/10/17, 15:45:13.071, 7433872801438, vstest.console.dll, ParallelOperationManager.StopAllManagers: Stopping all managers.
TpTrace Verbose: 0 : 16940, 14, 2024/10/17, 15:45:13.071, 7433872801659, vstest.console.dll, ParallelOperationManager.ClearSlots: Clearing all slots. Slots should accept more work: False
TpTrace Verbose: 0 : 16940, 14, 2024/10/17, 15:45:13.071, 7433872801961, vstest.console.dll, ParallelOperationManager.SetOccupiedSlotCount: Setting slot counts AvailableSlotCount = 1, OccupiedSlotCount = 0.
TpTrace Verbose: 0 : 16940, 14, 2024/10/17, 15:45:13.071, 7433872802307, vstest.console.dll, Occupied slots:

TpTrace Verbose: 0 : 16940, 4, 2024/10/17, 15:45:13.073, 7433872819740, vstest.console.dll, MulticastDelegateUtilities.SafeInvoke: InternalTestLoggerEvents.SendTestResult: Invoking callback 1/1 for Microsoft.VisualStudio.TestPlatform.CommandLine.Internal.ConsoleLogger., took 2 ms.
TpTrace Verbose: 0 : 16940, 4, 2024/10/17, 15:45:13.074, 7433872830648, vstest.console.dll, MulticastDelegateUtilities.SafeInvoke: InternalTestLoggerEvents.SendTestResult: Invoking callback 1/1 for Microsoft.VisualStudio.TestPlatform.CommandLine.Internal.ConsoleLogger., took 0 ms.
TpTrace Verbose: 0 : 16940, 4, 2024/10/17, 15:45:13.074, 7433872831880, vstest.console.dll, MulticastDelegateUtilities.SafeInvoke: InternalTestLoggerEvents.SendTestResult: Invoking callback 1/1 for Microsoft.VisualStudio.TestPlatform.CommandLine.Internal.ConsoleLogger., took 0 ms.
TpTrace Verbose: 0 : 16940, 4, 2024/10/17, 15:45:13.075, 7433872833333, vstest.console.dll, MulticastDelegateUtilities.SafeInvoke: InternalTestLoggerEvents.SendTestResult: Invoking callback 1/1 for Microsoft.VisualStudio.TestPlatform.CommandLine.Internal.ConsoleLogger., took 0 ms.
TpTrace Verbose: 0 : 16940, 4, 2024/10/17, 15:45:13.075, 7433872834859, vstest.console.dll, MulticastDelegateUtilities.SafeInvoke: InternalTestLoggerEvents.SendTestResult: Invoking callback 1/1 for Microsoft.VisualStudio.TestPlatform.CommandLine.Internal.ConsoleLogger., took 0 ms.
TpTrace Verbose: 0 : 16940, 4, 2024/10/17, 15:45:13.075, 7433872835382, vstest.console.dll, MulticastDelegateUtilities.SafeInvoke: InternalTestLoggerEvents.SendTestResult: Invoking callback 1/1 for Microsoft.VisualStudio.TestPlatform.CommandLine.Internal.ConsoleLogger., took 0 ms.
TpTrace Verbose: 0 : 16940, 4, 2024/10/17, 15:45:13.075, 7433872836505, vstest.console.dll, MulticastDelegateUtilities.SafeInvoke: InternalTestLoggerEvents.SendTestResult: Invoking callback 1/1 for Microsoft.VisualStudio.TestPlatform.CommandLine.Internal.ConsoleLogger., took 0 ms.
TpTrace Verbose: 0 : 16940, 4, 2024/10/17, 15:45:13.079, 7433872873155, vstest.console.dll, MulticastDelegateUtilities.SafeInvoke: InternalTestLoggerEvents.SendTestRunComplete: Invoking callback 1/2 for Microsoft.TestPlatform.Extensions.BlameDataCollector.BlameLogger., took 0 ms.
TpTrace Verbose: 0 : 16940, 4, 2024/10/17, 15:45:13.084, 7433872922383, vstest.console.dll, MulticastDelegateUtilities.SafeInvoke: InternalTestLoggerEvents.SendTestRunComplete: Invoking callback 2/2 for Microsoft.VisualStudio.TestPlatform.CommandLine.Internal.ConsoleLogger., took 4 ms.
TpTrace Verbose: 0 : 16940, 14, 2024/10/17, 15:45:13.084, 7433872925404, vstest.console.dll, TestRunRequest:TestRunComplete: Starting. IsAborted:False IsCanceled:False.
TpTrace Verbose: 0 : 16940, 14, 2024/10/17, 15:45:13.084, 7433872927226, vstest.console.dll, ParallelOperationManager.DoActionOnAllManagers: Calling an action on all managers.
TpTrace Verbose: 0 : 16940, 14, 2024/10/17, 15:45:13.085, 7433872938530, vstest.console.dll, TestLoggerManager.HandleTestRunComplete: Ignoring as the object is disposed.
TpTrace Verbose: 0 : 16940, 14, 2024/10/17, 15:45:13.085, 7433872940767, vstest.console.dll, MulticastDelegateUtilities.SafeInvoke: TestRun.TestRunComplete: Invoking callback 1/2 for Microsoft.VisualStudio.TestPlatform.CommandLine.TestRunResultAggregator., took 0 ms.
TpTrace Verbose: 0 : 16940, 14, 2024/10/17, 15:45:13.085, 7433872941738, vstest.console.dll, MulticastDelegateUtilities.SafeInvoke: TestRun.TestRunComplete: Invoking callback 2/2 for Microsoft.VisualStudio.TestPlatform.CommandLine.Processors.RunTestsArgumentExecutor+TestRunRequestEventsRegistrar., took 0 ms.
TpTrace Information: 0 : 16940, 14, 2024/10/17, 15:45:13.086, 7433872942576, vstest.console.dll, TestRunRequest:TestRunComplete: Completed.
TpTrace Verbose: 0 : 16940, 14, 2024/10/17, 15:45:13.086, 7433872942959, vstest.console.dll, TestRequestSender.SetOperationComplete: Setting operation complete.
TpTrace Information: 0 : 16940, 14, 2024/10/17, 15:45:13.086, 7433872943189, vstest.console.dll, SocketServer.Stop: Stop server endPoint: 127.0.0.1:55264
TpTrace Verbose: 0 : 16940, 1, 2024/10/17, 15:45:13.086, 7433872943107, vstest.console.dll, TestRunRequest.Dispose: Starting.
TpTrace Information: 0 : 16940, 14, 2024/10/17, 15:45:13.086, 7433872943947, vstest.console.dll, SocketServer.Stop: Cancellation requested. Stopping message loop.
TpTrace Information: 0 : 16940, 1, 2024/10/17, 15:45:13.086, 7433872944000, vstest.console.dll, TestRunRequest.Dispose: Completed.
TpTrace Information: 0 : 16940, 1, 2024/10/17, 15:45:13.086, 7433872944591, vstest.console.dll, TestRequestManager.RunTests: run tests completed.
TpTrace Verbose: 0 : 16940, 14, 2024/10/17, 15:45:13.086, 7433872944611, vstest.console.dll, MulticastDelegateUtilities.SafeInvoke: LengthPrefixCommunicationChannel: MessageReceived: Invoking callback 1/1 for Microsoft.VisualStudio.TestPlatform.CommunicationUtilities.TestRequestSender+<>c__DisplayClass34_0., took 147 ms.
TpTrace Information: 0 : 16940, 1, 2024/10/17, 15:45:13.086, 7433872945293, vstest.console.dll, RunTestsArgumentProcessor:Execute: Test run is completed.
TpTrace Information: 0 : 16940, 14, 2024/10/17, 15:45:13.086, 7433872945308, vstest.console.dll, SocketServer.PrivateStop: Stopping server endPoint: 127.0.0.1:55264 error: 
TpTrace Verbose: 0 : 16940, 1, 2024/10/17, 15:45:13.086, 7433872947273, vstest.console.dll, Executor.Execute: Exiting with exit code of 1
TpTrace Verbose: 0 : 16940, 14, 2024/10/17, 15:45:13.086, 7433872949916, vstest.console.dll, LengthPrefixCommunicationChannel.Dispose: Dispose reader and writer.
TpTrace Information: 0 : 16940, 14, 2024/10/17, 15:45:13.086, 7433872950665, vstest.console.dll, SocketServer.Stop: Raise disconnected event endPoint: 127.0.0.1:55264 error: 
TpTrace Verbose: 0 : 16940, 14, 2024/10/17, 15:45:13.086, 7433872951341, vstest.console.dll, TestRequestSender: OnTestRunAbort: Operation is already complete. Skip error message.
TpTrace Verbose: 0 : 16940, 14, 2024/10/17, 15:45:13.086, 7433872951628, vstest.console.dll, MulticastDelegateUtilities.SafeInvoke: SocketServer: ClientDisconnected: Invoking callback 1/1 for Microsoft.VisualStudio.TestPlatform.CommunicationUtilities.TestRequestSender., took 0 ms.
TpTrace Verbose: 0 : 16940, 14, 2024/10/17, 15:45:13.086, 7433872951855, vstest.console.dll, TcpClientExtensions.MessageLoopAsync: exiting MessageLoopAsync remoteEndPoint: 127.0.0.1:55266 localEndPoint: 127.0.0.1:55264
